<?xml version="1.0" encoding="utf-8"?><testsuites><testsuite name="pytest" errors="0" failures="0" skipped="0" tests="3751" time="397.219" timestamp="2026-09-10T04:16:58.286562" hostname="CPC-hangy-86YF8"><testcase classname="azext_iot.tests.adr.test_adr_base_unit" name="test_ensure_location[location]" file="azext_iot/tests/adr/test_adr_base_unit.py" line="26" time="0.090" /><testcase classname="azext_iot.tests.adr.test_adr_base_unit" name="test_ensure_location[None]" file="azext_iot/tests/adr/test_adr_base_unit.py" line="26" time="0.143" /><testcase classname="azext_iot.tests.adr.test_adr_base_unit" name="test_parse_json_object_rejects_unsupported_and_missing_properties" file="azext_iot/tests/adr/test_adr_base_unit.py" line="52" time="0.004" /><testcase classname="azext_iot.tests.adr.test_adr_base_unit" name="test_provider_initialization" file="azext_iot/tests/adr/test_adr_base_unit.py" line="67" time="0.012" /><testcase classname="azext_iot.tests.adr.test_adr_base_unit" name="test_poll_provisioning_state_raises_4xx_immediately" file="azext_iot/tests/adr/test_adr_base_unit.py" line="107" time="0.072" /><testcase classname="azext_iot.tests.adr.test_adr_base_unit" name="test_poll_provisioning_state_timeout_is_an_error[response0-last provisioningState='Updating']" file="azext_iot/tests/adr/test_adr_base_unit.py" line="123" time="0.232" /><testcase classname="azext_iot.tests.adr.test_adr_base_unit" name="test_poll_provisioning_state_timeout_is_an_error[response1-Timed out waiting]" file="azext_iot/tests/adr/test_adr_base_unit.py" line="123" time="0.079" /><testcase classname="azext_iot.tests.adr.test_adr_base_unit" name="test_await_terminal_uses_sdk_polling_when_workaround_is_disabled" file="azext_iot/tests/adr/test_adr_base_unit.py" line="160" time="0.072" /><testcase classname="azext_iot.tests.adr.test_adr_base_unit" name="test_poller_initial_request_uses_public_poller_and_response_request" file="azext_iot/tests/adr/test_adr_base_unit.py" line="177" time="0.003" /><testcase classname="azext_iot.tests.adr.test_adr_base_unit" name="test_poller_initial_request_handles_public_poller_failure" file="azext_iot/tests/adr/test_adr_base_unit.py" line="199" time="0.003" /><testcase classname="azext_iot.tests.adr.test_adr_base_unit" name="test_poller_location_accepts_lowercase_header" file="azext_iot/tests/adr/test_adr_base_unit.py" line="211" time="0.004" /><testcase classname="azext_iot.tests.adr.test_adr_base_unit" name="test_poller_without_initial_http_response_is_not_async" file="azext_iot/tests/adr/test_adr_base_unit.py" line="223" time="0.003" /><testcase classname="azext_iot.tests.adr.test_adr_base_unit" name="test_extract_failure_detail[None-]" file="azext_iot/tests/adr/test_adr_base_unit.py" line="231" time="0.003" /><testcase classname="azext_iot.tests.adr.test_adr_base_unit" name="test_extract_failure_detail[body1-]" file="azext_iot/tests/adr/test_adr_base_unit.py" line="231" time="0.004" /><testcase classname="azext_iot.tests.adr.test_adr_base_unit" name="test_extract_failure_detail[body2-]" file="azext_iot/tests/adr/test_adr_base_unit.py" line="231" time="0.003" /><testcase classname="azext_iot.tests.adr.test_adr_base_unit" name="test_extract_failure_detail[body3-endpoint 'endpoint': status error]" file="azext_iot/tests/adr/test_adr_base_unit.py" line="231" time="0.003" /><testcase classname="azext_iot.tests.adr.test_adr_base_unit" name="test_extract_failure_detail[body4-endpoint 'endpoint': endpoint error]" file="azext_iot/tests/adr/test_adr_base_unit.py" line="231" time="0.003" /><testcase classname="azext_iot.tests.adr.test_adr_base_unit" name="test_extract_failure_detail[body5-endpoint 'endpoint': linking error]" file="azext_iot/tests/adr/test_adr_base_unit.py" line="231" time="0.003" /><testcase classname="azext_iot.tests.adr.test_adr_base_unit" name="test_extract_failure_detail[body6-endpoint 'endpoint' is in a 'Failed' state]" file="azext_iot/tests/adr/test_adr_base_unit.py" line="231" time="0.003" /><testcase classname="azext_iot.tests.adr.test_adr_base_unit" name="test_extract_failure_detail[body7-endpoint 'endpoint' is in a 'Failed' state]" file="azext_iot/tests/adr/test_adr_base_unit.py" line="231" time="0.003" /><testcase classname="azext_iot.tests.adr.test_adr_base_unit" name="test_extract_failure_detail[body8-BadLink: failed]" file="azext_iot/tests/adr/test_adr_base_unit.py" line="231" time="0.003" /><testcase classname="azext_iot.tests.adr.test_adr_base_unit" name="test_extract_failure_detail[body9-root failure]" file="azext_iot/tests/adr/test_adr_base_unit.py" line="231" time="0.003" /><testcase classname="azext_iot.tests.adr.test_adr_base_unit" name="test_format_failure_includes_authorization_guidance_and_correlation_id" file="azext_iot/tests/adr/test_adr_base_unit.py" line="344" time="0.070" /><testcase classname="azext_iot.tests.adr.test_adr_base_unit" name="test_format_failure_uses_activity_log_fallback[body0-response0]" file="azext_iot/tests/adr/test_adr_base_unit.py" line="374" time="0.072" /><testcase classname="azext_iot.tests.adr.test_adr_base_unit" name="test_format_failure_uses_activity_log_fallback[body1-response1]" file="azext_iot/tests/adr/test_adr_base_unit.py" line="374" time="0.098" /><testcase classname="azext_iot.tests.adr.test_adr_base_unit" name="test_poll_provisioning_state_falls_back_when_request_is_missing" file="azext_iot/tests/adr/test_adr_base_unit.py" line="397" time="0.079" /><testcase classname="azext_iot.tests.adr.test_adr_base_unit" name="test_post_lro_polls_location_until_succeeded" file="azext_iot/tests/adr/test_adr_base_unit.py" line="416" time="0.095" /><testcase classname="azext_iot.tests.adr.test_adr_base_unit" name="test_post_lro_ignores_sdk_done_state_for_accepted_response" file="azext_iot/tests/adr/test_adr_base_unit.py" line="437" time="0.072" /><testcase classname="azext_iot.tests.adr.test_adr_base_unit" name="test_inline_mutation_returns_initial_response_body[POST]" file="azext_iot/tests/adr/test_adr_base_unit.py" line="456" time="0.073" /><testcase classname="azext_iot.tests.adr.test_adr_base_unit" name="test_inline_mutation_returns_initial_response_body[PATCH]" file="azext_iot/tests/adr/test_adr_base_unit.py" line="456" time="0.078" /><testcase classname="azext_iot.tests.adr.test_adr_base_unit" name="test_inline_mutation_without_body_returns_none" file="azext_iot/tests/adr/test_adr_base_unit.py" line="473" time="0.070" /><testcase classname="azext_iot.tests.adr.test_adr_base_unit" name="test_post_lro_requires_location" file="azext_iot/tests/adr/test_adr_base_unit.py" line="487" time="0.269" /><testcase classname="azext_iot.tests.adr.test_adr_base_unit" name="test_post_lro_accepts_empty_terminal_response[response0]" file="azext_iot/tests/adr/test_adr_base_unit.py" line="494" time="0.072" /><testcase classname="azext_iot.tests.adr.test_adr_base_unit" name="test_post_lro_accepts_empty_terminal_response[response1]" file="azext_iot/tests/adr/test_adr_base_unit.py" line="494" time="0.070" /><testcase classname="azext_iot.tests.adr.test_adr_base_unit" name="test_post_lro_raises_terminal_failure[Failed]" file="azext_iot/tests/adr/test_adr_base_unit.py" line="510" time="0.073" /><testcase classname="azext_iot.tests.adr.test_adr_base_unit" name="test_post_lro_raises_terminal_failure[Canceled]" file="azext_iot/tests/adr/test_adr_base_unit.py" line="510" time="0.072" /><testcase classname="azext_iot.tests.adr.test_adr_base_unit" name="test_post_lro_raises_4xx_immediately" file="azext_iot/tests/adr/test_adr_base_unit.py" line="525" time="0.080" /><testcase classname="azext_iot.tests.adr.test_adr_base_unit" name="test_post_lro_timeout_is_an_error[response0-Timed out waiting]" file="azext_iot/tests/adr/test_adr_base_unit.py" line="537" time="0.077" /><testcase classname="azext_iot.tests.adr.test_adr_base_unit" name="test_post_lro_timeout_is_an_error[response1-last status='Running']" file="azext_iot/tests/adr/test_adr_base_unit.py" line="537" time="0.077" /><testcase classname="azext_iot.tests.adr.test_adr_base_unit" name="test_workaround_waiter_honors_initial_and_subsequent_retry_after" file="azext_iot/tests/adr/test_adr_base_unit.py" line="568" time="0.082" /><testcase classname="azext_iot.tests.adr.test_adr_base_unit" name="test_retry_after_is_case_insensitive_integer_and_capped[headers0-2-30]" file="azext_iot/tests/adr/test_adr_base_unit.py" line="592" time="0.008" /><testcase classname="azext_iot.tests.adr.test_adr_base_unit" name="test_retry_after_is_case_insensitive_integer_and_capped[headers1-7-7]" file="azext_iot/tests/adr/test_adr_base_unit.py" line="592" time="0.006" /><testcase classname="azext_iot.tests.adr.test_adr_base_unit" name="test_retry_after_is_case_insensitive_integer_and_capped[headers2-7-3]" file="azext_iot/tests/adr/test_adr_base_unit.py" line="592" time="0.005" /><testcase classname="azext_iot.tests.adr.test_adr_base_unit" name="test_retry_after_is_case_insensitive_integer_and_capped[headers3-4-4]" file="azext_iot/tests/adr/test_adr_base_unit.py" line="592" time="0.004" /><testcase classname="azext_iot.tests.adr.test_adr_base_unit" name="test_deadline_waiter_clamps_sleep_to_remaining_time" file="azext_iot/tests/adr/test_adr_base_unit.py" line="612" time="0.004" /><testcase classname="azext_iot.tests.adr.test_adr_base_unit" name="test_deadline_waiter_rejects_already_expired_deadline" file="azext_iot/tests/adr/test_adr_base_unit.py" line="633" time="0.004" /><testcase classname="azext_iot.tests.adr.test_adr_base_unit" name="test_workaround_waiter_tolerates_unexpected_redirect_response[PATCH]" file="azext_iot/tests/adr/test_adr_base_unit.py" line="649" time="0.093" /><testcase classname="azext_iot.tests.adr.test_adr_base_unit" name="test_workaround_waiter_tolerates_unexpected_redirect_response[POST]" file="azext_iot/tests/adr/test_adr_base_unit.py" line="649" time="0.117" /><testcase classname="azext_iot.tests.adr.test_adr_base_unit" name="test_no_wait_returns_before_workaround_polling" file="azext_iot/tests/adr/test_adr_base_unit.py" line="676" time="0.103" /><testcase classname="azext_iot.tests.adr.test_adr_base_unit" name="test_resolve_location_rejects_parent_without_location" file="azext_iot/tests/adr/test_adr_base_unit.py" line="689" time="0.077" /><testcase classname="azext_iot.tests.adr.test_adr_base_unit" name="test_poll_provisioning_state_treats_delete_404_as_success" file="azext_iot/tests/adr/test_adr_base_unit.py" line="698" time="0.077" /><testcase classname="azext_iot.tests.adr.test_adr_base_unit" name="test_poll_provisioning_state_retries_read_404_then_succeeds" file="azext_iot/tests/adr/test_adr_base_unit.py" line="713" time="0.290" /><testcase classname="azext_iot.tests.adr.test_adr_base_unit" name="test_poll_provisioning_state_accepts_resource_without_state" file="azext_iot/tests/adr/test_adr_base_unit.py" line="728" time="0.075" /><testcase classname="azext_iot.tests.adr.test_adr_base_unit" name="test_poll_provisioning_state_raises_terminal_failure[Failed]" file="azext_iot/tests/adr/test_adr_base_unit.py" line="742" time="0.082" /><testcase classname="azext_iot.tests.adr.test_adr_base_unit" name="test_poll_provisioning_state_raises_terminal_failure[Canceled]" file="azext_iot/tests/adr/test_adr_base_unit.py" line="742" time="0.072" /><testcase classname="azext_iot.tests.adr.test_adr_base_unit" name="test_raise_if_parent_not_found_reraises_other_errors[error0]" file="azext_iot/tests/adr/test_adr_base_unit.py" line="760" time="0.069" /><testcase classname="azext_iot.tests.adr.test_adr_base_unit" name="test_raise_if_parent_not_found_reraises_other_errors[error1]" file="azext_iot/tests/adr/test_adr_base_unit.py" line="760" time="0.072" /><testcase classname="azext_iot.tests.adr.test_adr_base_unit" name="test_raise_if_parent_not_found_reraises_other_errors[error2]" file="azext_iot/tests/adr/test_adr_base_unit.py" line="760" time="0.075" /><testcase classname="azext_iot.tests.adr.test_adr_base_unit" name="test_raise_if_parent_not_found_translates_matching_error" file="azext_iot/tests/adr/test_adr_base_unit.py" line="784" time="0.077" /><testcase classname="azext_iot.tests.adr.test_adr_certificate_authority_unit" name="test_create_ca[root-default-keytype]" file="azext_iot/tests/adr/test_adr_certificate_authority_unit.py" line="30" time="0.082" /><testcase classname="azext_iot.tests.adr.test_adr_certificate_authority_unit" name="test_create_ca[microsoft-ica]" file="azext_iot/tests/adr/test_adr_certificate_authority_unit.py" line="30" time="0.082" /><testcase classname="azext_iot.tests.adr.test_adr_certificate_authority_unit" name="test_create_ca[external-ica]" file="azext_iot/tests/adr/test_adr_certificate_authority_unit.py" line="30" time="0.076" /><testcase classname="azext_iot.tests.adr.test_adr_certificate_authority_unit" name="test_create_ca_with_tags" file="azext_iot/tests/adr/test_adr_certificate_authority_unit.py" line="86" time="0.073" /><testcase classname="azext_iot.tests.adr.test_adr_certificate_authority_unit" name="test_create_ca_namespace_missing_location" file="azext_iot/tests/adr/test_adr_certificate_authority_unit.py" line="107" time="0.071" /><testcase classname="azext_iot.tests.adr.test_adr_certificate_authority_unit" name="test_create_ica_requires_issuer_type" file="azext_iot/tests/adr/test_adr_certificate_authority_unit.py" line="121" time="0.280" /><testcase classname="azext_iot.tests.adr.test_adr_certificate_authority_unit" name="test_create_microsoft_ica_requires_issuer_ca_name" file="azext_iot/tests/adr/test_adr_certificate_authority_unit.py" line="132" time="0.069" /><testcase classname="azext_iot.tests.adr.test_adr_certificate_authority_unit" name="test_create_root_rejects_issuer" file="azext_iot/tests/adr/test_adr_certificate_authority_unit.py" line="144" time="0.072" /><testcase classname="azext_iot.tests.adr.test_adr_certificate_authority_unit" name="test_create_ca_rejects_invalid_issuer_combinations[ICA-External-myRootCA-cannot be used]" file="azext_iot/tests/adr/test_adr_certificate_authority_unit.py" line="156" time="0.073" /><testcase classname="azext_iot.tests.adr.test_adr_certificate_authority_unit" name="test_create_ca_rejects_invalid_issuer_combinations[ICA-Unknown-None-either Microsoft or External]" file="azext_iot/tests/adr/test_adr_certificate_authority_unit.py" line="156" time="0.086" /><testcase classname="azext_iot.tests.adr.test_adr_certificate_authority_unit" name="test_create_ca_rejects_invalid_issuer_combinations[Unknown-None-None-either Root or ICA]" file="azext_iot/tests/adr/test_adr_certificate_authority_unit.py" line="156" time="0.069" /><testcase classname="azext_iot.tests.adr.test_adr_certificate_authority_unit" name="test_show_ca" file="azext_iot/tests/adr/test_adr_certificate_authority_unit.py" line="188" time="0.076" /><testcase classname="azext_iot.tests.adr.test_adr_certificate_authority_unit" name="test_list_ca" file="azext_iot/tests/adr/test_adr_certificate_authority_unit.py" line="202" time="0.073" /><testcase classname="azext_iot.tests.adr.test_adr_certificate_authority_unit" name="test_update_ca_with_tags" file="azext_iot/tests/adr/test_adr_certificate_authority_unit.py" line="219" time="0.089" /><testcase classname="azext_iot.tests.adr.test_adr_certificate_authority_unit" name="test_delete_ca" file="azext_iot/tests/adr/test_adr_certificate_authority_unit.py" line="237" time="0.077" /><testcase classname="azext_iot.tests.adr.test_adr_certificate_authority_unit" name="test_activate_ca" file="azext_iot/tests/adr/test_adr_certificate_authority_unit.py" line="255" time="0.078" /><testcase classname="azext_iot.tests.adr.test_adr_certificate_authority_unit" name="test_revoke_ca" file="azext_iot/tests/adr/test_adr_certificate_authority_unit.py" line="282" time="0.072" /><testcase classname="azext_iot.tests.adr.test_adr_certificate_authority_unit" name="test_activate_rejects_internal_ica" file="azext_iot/tests/adr/test_adr_certificate_authority_unit.py" line="303" time="0.080" /><testcase classname="azext_iot.tests.adr.test_adr_certificate_authority_unit" name="test_revoke_rejects_external_ica" file="azext_iot/tests/adr/test_adr_certificate_authority_unit.py" line="321" time="0.074" /><testcase classname="azext_iot.tests.adr.test_adr_certificate_authority_unit" name="test_create_ca_no_wait_returns_poller" file="azext_iot/tests/adr/test_adr_certificate_authority_unit.py" line="341" time="0.084" /><testcase classname="azext_iot.tests.adr.test_adr_certificate_authority_unit" name="test_delete_ca_no_wait_returns_poller" file="azext_iot/tests/adr/test_adr_certificate_authority_unit.py" line="356" time="0.074" /><testcase classname="azext_iot.tests.adr.test_adr_certificate_authority_unit" name="test_update_ca_requires_a_field" file="azext_iot/tests/adr/test_adr_certificate_authority_unit.py" line="369" time="0.306" /><testcase classname="azext_iot.tests.adr.test_adr_certificate_authority_unit" name="test_update_ca_no_wait_returns_poller" file="azext_iot/tests/adr/test_adr_certificate_authority_unit.py" line="377" time="0.071" /><testcase classname="azext_iot.tests.adr.test_adr_certificate_policy_unit" name="test_create_ca_policy" file="azext_iot/tests/adr/test_adr_certificate_policy_unit.py" line="33" time="0.080" /><testcase classname="azext_iot.tests.adr.test_adr_certificate_policy_unit" name="test_create_ca_policy_rejects_invalid_validity_before_mutation[6]" file="azext_iot/tests/adr/test_adr_certificate_policy_unit.py" line="61" time="0.078" /><testcase classname="azext_iot.tests.adr.test_adr_certificate_policy_unit" name="test_create_ca_policy_rejects_invalid_validity_before_mutation[91]" file="azext_iot/tests/adr/test_adr_certificate_policy_unit.py" line="61" time="0.071" /><testcase classname="azext_iot.tests.adr.test_adr_certificate_policy_unit" name="test_create_ca_policy_rejects_root_before_mutation" file="azext_iot/tests/adr/test_adr_certificate_policy_unit.py" line="83" time="0.089" /><testcase classname="azext_iot.tests.adr.test_adr_certificate_policy_unit" name="test_create_ca_policy_rejects_missing_or_odd_parent_response[None]" file="azext_iot/tests/adr/test_adr_certificate_policy_unit.py" line="102" time="0.093" /><testcase classname="azext_iot.tests.adr.test_adr_certificate_policy_unit" name="test_create_ca_policy_rejects_missing_or_odd_parent_response[parent1]" file="azext_iot/tests/adr/test_adr_certificate_policy_unit.py" line="102" time="0.080" /><testcase classname="azext_iot.tests.adr.test_adr_certificate_policy_unit" name="test_create_ca_policy_rejects_missing_or_odd_parent_response[parent2]" file="azext_iot/tests/adr/test_adr_certificate_policy_unit.py" line="102" time="0.073" /><testcase classname="azext_iot.tests.adr.test_adr_certificate_policy_unit" name="test_create_ca_policy_rejects_missing_or_odd_parent_response[parent3]" file="azext_iot/tests/adr/test_adr_certificate_policy_unit.py" line="102" time="0.073" /><testcase classname="azext_iot.tests.adr.test_adr_certificate_policy_unit" name="test_create_ca_policy_parent_get_not_found" file="azext_iot/tests/adr/test_adr_certificate_policy_unit.py" line="128" time="0.078" /><testcase classname="azext_iot.tests.adr.test_adr_certificate_policy_unit" name="test_create_ca_policy_parent_get_unrelated_error" file="azext_iot/tests/adr/test_adr_certificate_policy_unit.py" line="145" time="0.074" /><testcase classname="azext_iot.tests.adr.test_adr_certificate_policy_unit" name="test_create_ca_policy_parent_not_found" file="azext_iot/tests/adr/test_adr_certificate_policy_unit.py" line="160" time="0.068" /><testcase classname="azext_iot.tests.adr.test_adr_certificate_policy_unit" name="test_show_ca_policy" file="azext_iot/tests/adr/test_adr_certificate_policy_unit.py" line="178" time="0.073" /><testcase classname="azext_iot.tests.adr.test_adr_certificate_policy_unit" name="test_show_ca_policy_parent_not_found" file="azext_iot/tests/adr/test_adr_certificate_policy_unit.py" line="194" time="0.073" /><testcase classname="azext_iot.tests.adr.test_adr_certificate_policy_unit" name="test_list_ca_policy" file="azext_iot/tests/adr/test_adr_certificate_policy_unit.py" line="205" time="0.072" /><testcase classname="azext_iot.tests.adr.test_adr_certificate_policy_unit" name="test_update_ca_policy" file="azext_iot/tests/adr/test_adr_certificate_policy_unit.py" line="221" time="0.073" /><testcase classname="azext_iot.tests.adr.test_adr_certificate_policy_unit" name="test_update_ca_policy_validity_only" file="azext_iot/tests/adr/test_adr_certificate_policy_unit.py" line="236" time="0.317" /><testcase classname="azext_iot.tests.adr.test_adr_certificate_policy_unit" name="test_update_ca_policy_rejects_invalid_validity_before_mutation[6]" file="azext_iot/tests/adr/test_adr_certificate_policy_unit.py" line="256" time="0.069" /><testcase classname="azext_iot.tests.adr.test_adr_certificate_policy_unit" name="test_update_ca_policy_rejects_invalid_validity_before_mutation[91]" file="azext_iot/tests/adr/test_adr_certificate_policy_unit.py" line="256" time="0.069" /><testcase classname="azext_iot.tests.adr.test_adr_certificate_policy_unit" name="test_update_ca_policy_tags_and_validity" file="azext_iot/tests/adr/test_adr_certificate_policy_unit.py" line="278" time="0.077" /><testcase classname="azext_iot.tests.adr.test_adr_certificate_policy_unit" name="test_update_ca_policy_wrapper_forwards_validity_days" file="azext_iot/tests/adr/test_adr_certificate_policy_unit.py" line="299" time="0.005" /><testcase classname="azext_iot.tests.adr.test_adr_certificate_policy_unit" name="test_delete_ca_policy" file="azext_iot/tests/adr/test_adr_certificate_policy_unit.py" line="329" time="0.078" /><testcase classname="azext_iot.tests.adr.test_adr_certificate_policy_unit" name="test_create_ca_policy_no_wait_returns_poller" file="azext_iot/tests/adr/test_adr_certificate_policy_unit.py" line="349" time="0.073" /><testcase classname="azext_iot.tests.adr.test_adr_certificate_policy_unit" name="test_update_ca_policy_requires_a_field" file="azext_iot/tests/adr/test_adr_certificate_policy_unit.py" line="365" time="0.079" /><testcase classname="azext_iot.tests.adr.test_adr_certificate_policy_unit" name="test_create_ca_policy_with_tags" file="azext_iot/tests/adr/test_adr_certificate_policy_unit.py" line="376" time="0.076" /><testcase classname="azext_iot.tests.adr.test_adr_certificate_policy_unit" name="test_update_ca_policy_parent_not_found" file="azext_iot/tests/adr/test_adr_certificate_policy_unit.py" line="395" time="0.074" /><testcase classname="azext_iot.tests.adr.test_adr_certificate_policy_unit" name="test_delete_ca_policy_parent_not_found" file="azext_iot/tests/adr/test_adr_certificate_policy_unit.py" line="408" time="0.073" /><testcase classname="azext_iot.tests.adr.test_adr_certificate_policy_unit" name="test_list_ca_policy_parent_not_found" file="azext_iot/tests/adr/test_adr_certificate_policy_unit.py" line="421" time="0.070" /><testcase classname="azext_iot.tests.adr.test_adr_certificate_policy_unit" name="test_update_ca_policy_with_tags" file="azext_iot/tests/adr/test_adr_certificate_policy_unit.py" line="433" time="0.074" /><testcase classname="azext_iot.tests.adr.test_adr_certificate_policy_unit" name="test_update_ca_policy_no_wait_returns_poller" file="azext_iot/tests/adr/test_adr_certificate_policy_unit.py" line="447" time="0.069" /><testcase classname="azext_iot.tests.adr.test_adr_certificate_policy_unit" name="test_delete_ca_policy_no_wait_returns_poller" file="azext_iot/tests/adr/test_adr_certificate_policy_unit.py" line="462" time="0.070" /><testcase classname="azext_iot.tests.adr.test_adr_command_delegation_unit.TestNamespaceCommands" name="test_create_and_update_surfaces_exclude_raw_endpoint_parameters" file="azext_iot/tests/adr/test_adr_command_delegation_unit.py" line="40" time="0.003" /><testcase classname="azext_iot.tests.adr.test_adr_command_delegation_unit.TestNamespaceCommands" name="test_create" file="azext_iot/tests/adr/test_adr_command_delegation_unit.py" line="59" time="0.004" /><testcase classname="azext_iot.tests.adr.test_adr_command_delegation_unit.TestNamespaceCommands" name="test_update" file="azext_iot/tests/adr/test_adr_command_delegation_unit.py" line="80" time="0.004" /><testcase classname="azext_iot.tests.adr.test_adr_command_delegation_unit.TestNamespaceCommands" name="test_migrate" file="azext_iot/tests/adr/test_adr_command_delegation_unit.py" line="100" time="0.004" /><testcase classname="azext_iot.tests.adr.test_adr_command_delegation_unit.TestNamespaceCommands" name="test_identity_commands[adr_namespace_identity_show-identity_show-kwargs0]" file="azext_iot/tests/adr/test_adr_command_delegation_unit.py" line="120" time="0.004" /><testcase classname="azext_iot.tests.adr.test_adr_command_delegation_unit.TestNamespaceCommands" name="test_identity_commands[adr_namespace_identity_assign-identity_assign-kwargs1]" file="azext_iot/tests/adr/test_adr_command_delegation_unit.py" line="120" time="0.006" /><testcase classname="azext_iot.tests.adr.test_adr_command_delegation_unit.TestNamespaceCommands" name="test_identity_commands[adr_namespace_identity_remove-identity_remove-kwargs2]" file="azext_iot/tests/adr/test_adr_command_delegation_unit.py" line="120" time="0.004" /><testcase classname="azext_iot.tests.adr.test_adr_command_delegation_unit.TestGroupCommands" name="test_forwards_mutable_fields[create]" file="azext_iot/tests/adr/test_adr_command_delegation_unit.py" line="166" time="0.004" /><testcase classname="azext_iot.tests.adr.test_adr_command_delegation_unit.TestGroupCommands" name="test_forwards_mutable_fields[update]" file="azext_iot/tests/adr/test_adr_command_delegation_unit.py" line="166" time="0.005" /><testcase classname="azext_iot.tests.adr.test_adr_command_delegation_unit.TestGroupCommands" name="test_rejects_identity_and_no_wait[create]" file="azext_iot/tests/adr/test_adr_command_delegation_unit.py" line="188" time="0.003" /><testcase classname="azext_iot.tests.adr.test_adr_command_delegation_unit.TestGroupCommands" name="test_rejects_identity_and_no_wait[update]" file="azext_iot/tests/adr/test_adr_command_delegation_unit.py" line="188" time="0.003" /><testcase classname="azext_iot.tests.adr.test_adr_command_delegation_unit.TestGroupCommands" name="test_list_members" file="azext_iot/tests/adr/test_adr_command_delegation_unit.py" line="196" time="0.004" /><testcase classname="azext_iot.tests.adr.test_adr_command_delegation_unit.TestGroupCommands" name="test_count" file="azext_iot/tests/adr/test_adr_command_delegation_unit.py" line="214" time="0.004" /><testcase classname="azext_iot.tests.adr.test_adr_command_delegation_unit.TestGroupCommands" name="test_delete_no_wait" file="azext_iot/tests/adr/test_adr_command_delegation_unit.py" line="223" time="0.005" /><testcase classname="azext_iot.tests.adr.test_adr_command_delegation_unit.TestJobCommands" name="test_create_forwards_2026_fields" file="azext_iot/tests/adr/test_adr_command_delegation_unit.py" line="241" time="0.004" /><testcase classname="azext_iot.tests.adr.test_adr_command_delegation_unit.TestJobCommands" name="test_schedule_forwards_scheduled_time" file="azext_iot/tests/adr/test_adr_command_delegation_unit.py" line="275" time="0.004" /><testcase classname="azext_iot.tests.adr.test_adr_command_delegation_unit.TestJobCommands" name="test_schedule_run_name_is_optional" file="azext_iot/tests/adr/test_adr_command_delegation_unit.py" line="296" time="0.004" /><testcase classname="azext_iot.tests.adr.test_adr_command_delegation_unit.TestJobCommands" name="test_job_run_create_command_does_not_exist" file="azext_iot/tests/adr/test_adr_command_delegation_unit.py" line="303" time="0.003" /><testcase classname="azext_iot.tests.adr.test_adr_command_delegation_unit.TestJobRunLifecycleCommands" name="test_delete" file="azext_iot/tests/adr/test_adr_command_delegation_unit.py" line="309" time="0.005" /><testcase classname="azext_iot.tests.adr.test_adr_command_delegation_unit.TestJobRunLifecycleCommands" name="test_summary" file="azext_iot/tests/adr/test_adr_command_delegation_unit.py" line="327" time="0.004" /><testcase classname="azext_iot.tests.adr.test_adr_command_delegation_unit.TestJobRunCommands" name="test_list_by_namespace_with_filter" file="azext_iot/tests/adr/test_adr_command_delegation_unit.py" line="345" time="0.006" /><testcase classname="azext_iot.tests.adr.test_adr_command_delegation_unit.TestJobRunCommands" name="test_results_flattens_provider_iterator" file="azext_iot/tests/adr/test_adr_command_delegation_unit.py" line="361" time="0.006" /><testcase classname="azext_iot.tests.adr.test_adr_command_delegation_unit.TestJobRunCommands" name="test_cancel" file="azext_iot/tests/adr/test_adr_command_delegation_unit.py" line="383" time="0.004" /><testcase classname="azext_iot.tests.adr.test_adr_command_delegation_unit.TestReportCommands" name="test_generate_all_report_types[NamespaceUpdateComplianceReport-None]" file="azext_iot/tests/adr/test_adr_command_delegation_unit.py" line="403" time="0.005" /><testcase classname="azext_iot.tests.adr.test_adr_command_delegation_unit.TestReportCommands" name="test_generate_all_report_types[GroupBestUpdatesComplianceReport-group]" file="azext_iot/tests/adr/test_adr_command_delegation_unit.py" line="403" time="0.005" /><testcase classname="azext_iot.tests.adr.test_adr_command_delegation_unit.TestReportCommands" name="test_generate_all_report_types[GroupInstallableUpdatesReport-group]" file="azext_iot/tests/adr/test_adr_command_delegation_unit.py" line="403" time="0.005" /><testcase classname="azext_iot.tests.adr.test_adr_command_delegation_unit.TestReportCommands" name="test_latest_all_report_types[NamespaceUpdateComplianceReport-None]" file="azext_iot/tests/adr/test_adr_command_delegation_unit.py" line="431" time="0.004" /><testcase classname="azext_iot.tests.adr.test_adr_command_delegation_unit.TestReportCommands" name="test_latest_all_report_types[GroupBestUpdatesComplianceReport-group]" file="azext_iot/tests/adr/test_adr_command_delegation_unit.py" line="431" time="0.004" /><testcase classname="azext_iot.tests.adr.test_adr_command_delegation_unit.TestReportCommands" name="test_latest_all_report_types[GroupInstallableUpdatesReport-group]" file="azext_iot/tests/adr/test_adr_command_delegation_unit.py" line="431" time="0.004" /><testcase classname="azext_iot.tests.adr.test_adr_command_delegation_unit" name="test_hub_update_surface_is_identity_only" file="azext_iot/tests/adr/test_adr_command_delegation_unit.py" line="458" time="0.005" /><testcase classname="azext_iot.tests.adr.test_adr_command_delegation_unit" name="test_link_delete_does_not_expose_unsafe_no_wait[hub]" file="azext_iot/tests/adr/test_adr_command_delegation_unit.py" line="480" time="0.003" /><testcase classname="azext_iot.tests.adr.test_adr_command_delegation_unit" name="test_link_delete_does_not_expose_unsafe_no_wait[dps]" file="azext_iot/tests/adr/test_adr_command_delegation_unit.py" line="480" time="0.003" /><testcase classname="azext_iot.tests.adr.test_adr_command_delegation_unit" name="test_link_delete_does_not_expose_unsafe_no_wait[su]" file="azext_iot/tests/adr/test_adr_command_delegation_unit.py" line="480" time="0.003" /><testcase classname="azext_iot.tests.adr.test_adr_command_delegation_unit" name="test_all_link_commands_use_injected_namespace_client[adr_link_add-link_add-kwargs0]" file="azext_iot/tests/adr/test_adr_command_delegation_unit.py" line="488" time="0.005" /><testcase classname="azext_iot.tests.adr.test_adr_command_delegation_unit" name="test_all_link_commands_use_injected_namespace_client[adr_link_hub_add-hub_add-kwargs1]" file="azext_iot/tests/adr/test_adr_command_delegation_unit.py" line="488" time="0.005" /><testcase classname="azext_iot.tests.adr.test_adr_command_delegation_unit" name="test_all_link_commands_use_injected_namespace_client[adr_link_hub_update-hub_update-kwargs2]" file="azext_iot/tests/adr/test_adr_command_delegation_unit.py" line="488" time="0.006" /><testcase classname="azext_iot.tests.adr.test_adr_command_delegation_unit" name="test_all_link_commands_use_injected_namespace_client[adr_link_hub_delete-hub_delete-kwargs3]" file="azext_iot/tests/adr/test_adr_command_delegation_unit.py" line="488" time="0.005" /><testcase classname="azext_iot.tests.adr.test_adr_command_delegation_unit" name="test_all_link_commands_use_injected_namespace_client[adr_link_hub_show-hub_show-kwargs4]" file="azext_iot/tests/adr/test_adr_command_delegation_unit.py" line="488" time="0.005" /><testcase classname="azext_iot.tests.adr.test_adr_command_delegation_unit" name="test_all_link_commands_use_injected_namespace_client[adr_link_hub_list-hub_list-kwargs5]" file="azext_iot/tests/adr/test_adr_command_delegation_unit.py" line="488" time="0.006" /><testcase classname="azext_iot.tests.adr.test_adr_command_delegation_unit" name="test_all_link_commands_use_injected_namespace_client[adr_link_dps_add-dps_add-kwargs6]" file="azext_iot/tests/adr/test_adr_command_delegation_unit.py" line="488" time="0.005" /><testcase classname="azext_iot.tests.adr.test_adr_command_delegation_unit" name="test_all_link_commands_use_injected_namespace_client[adr_link_dps_update-dps_update-kwargs7]" file="azext_iot/tests/adr/test_adr_command_delegation_unit.py" line="488" time="0.006" /><testcase classname="azext_iot.tests.adr.test_adr_command_delegation_unit" name="test_all_link_commands_use_injected_namespace_client[adr_link_dps_delete-dps_delete-kwargs8]" file="azext_iot/tests/adr/test_adr_command_delegation_unit.py" line="488" time="0.005" /><testcase classname="azext_iot.tests.adr.test_adr_command_delegation_unit" name="test_all_link_commands_use_injected_namespace_client[adr_link_dps_show-dps_show-kwargs9]" file="azext_iot/tests/adr/test_adr_command_delegation_unit.py" line="488" time="0.005" /><testcase classname="azext_iot.tests.adr.test_adr_command_delegation_unit" name="test_all_link_commands_use_injected_namespace_client[adr_link_dps_list-dps_list-kwargs10]" file="azext_iot/tests/adr/test_adr_command_delegation_unit.py" line="488" time="0.004" /><testcase classname="azext_iot.tests.adr.test_adr_command_delegation_unit" name="test_all_link_commands_use_injected_namespace_client[adr_link_su_add-su_add-kwargs11]" file="azext_iot/tests/adr/test_adr_command_delegation_unit.py" line="488" time="0.005" /><testcase classname="azext_iot.tests.adr.test_adr_command_delegation_unit" name="test_all_link_commands_use_injected_namespace_client[adr_link_su_update-su_update-kwargs12]" file="azext_iot/tests/adr/test_adr_command_delegation_unit.py" line="488" time="0.004" /><testcase classname="azext_iot.tests.adr.test_adr_command_delegation_unit" name="test_all_link_commands_use_injected_namespace_client[adr_link_su_delete-su_delete-kwargs13]" file="azext_iot/tests/adr/test_adr_command_delegation_unit.py" line="488" time="0.006" /><testcase classname="azext_iot.tests.adr.test_adr_command_delegation_unit" name="test_all_link_commands_use_injected_namespace_client[adr_link_su_show-su_show-kwargs14]" file="azext_iot/tests/adr/test_adr_command_delegation_unit.py" line="488" time="0.004" /><testcase classname="azext_iot.tests.adr.test_adr_command_delegation_unit" name="test_all_link_commands_use_injected_namespace_client[adr_link_su_list-su_list-kwargs15]" file="azext_iot/tests/adr/test_adr_command_delegation_unit.py" line="488" time="0.004" /><testcase classname="azext_iot.tests.adr.test_adr_command_delegation_unit" name="test_certificate_authority_command_still_delegates" file="azext_iot/tests/adr/test_adr_command_delegation_unit.py" line="661" time="0.004" /><testcase classname="azext_iot.tests.adr.test_adr_command_delegation_unit" name="test_certificate_authority_activate_reads_chain_and_delegates" file="azext_iot/tests/adr/test_adr_command_delegation_unit.py" line="675" time="0.005" /><testcase classname="azext_iot.tests.adr.test_adr_command_delegation_unit" name="test_certificate_policy_command_still_delegates" file="azext_iot/tests/adr/test_adr_command_delegation_unit.py" line="701" time="0.006" /><testcase classname="azext_iot.tests.adr.test_adr_command_delegation_unit" name="test_simple_command_wrappers_delegate[namespace-show]" file="azext_iot/tests/adr/test_adr_command_delegation_unit.py" line="1049" time="0.007" /><testcase classname="azext_iot.tests.adr.test_adr_command_delegation_unit" name="test_simple_command_wrappers_delegate[namespace-list]" file="azext_iot/tests/adr/test_adr_command_delegation_unit.py" line="1049" time="0.009" /><testcase classname="azext_iot.tests.adr.test_adr_command_delegation_unit" name="test_simple_command_wrappers_delegate[namespace-delete]" file="azext_iot/tests/adr/test_adr_command_delegation_unit.py" line="1049" time="0.007" /><testcase classname="azext_iot.tests.adr.test_adr_command_delegation_unit" name="test_simple_command_wrappers_delegate[group-create]" file="azext_iot/tests/adr/test_adr_command_delegation_unit.py" line="1049" time="0.008" /><testcase classname="azext_iot.tests.adr.test_adr_command_delegation_unit" name="test_simple_command_wrappers_delegate[group-update]" file="azext_iot/tests/adr/test_adr_command_delegation_unit.py" line="1049" time="0.007" /><testcase classname="azext_iot.tests.adr.test_adr_command_delegation_unit" name="test_simple_command_wrappers_delegate[group-show]" file="azext_iot/tests/adr/test_adr_command_delegation_unit.py" line="1049" time="0.005" /><testcase classname="azext_iot.tests.adr.test_adr_command_delegation_unit" name="test_simple_command_wrappers_delegate[group-list]" file="azext_iot/tests/adr/test_adr_command_delegation_unit.py" line="1049" time="0.005" /><testcase classname="azext_iot.tests.adr.test_adr_command_delegation_unit" name="test_simple_command_wrappers_delegate[group-refresh]" file="azext_iot/tests/adr/test_adr_command_delegation_unit.py" line="1049" time="0.005" /><testcase classname="azext_iot.tests.adr.test_adr_command_delegation_unit" name="test_simple_command_wrappers_delegate[job-update]" file="azext_iot/tests/adr/test_adr_command_delegation_unit.py" line="1049" time="0.005" /><testcase classname="azext_iot.tests.adr.test_adr_command_delegation_unit" name="test_simple_command_wrappers_delegate[job-show]" file="azext_iot/tests/adr/test_adr_command_delegation_unit.py" line="1049" time="0.006" /><testcase classname="azext_iot.tests.adr.test_adr_command_delegation_unit" name="test_simple_command_wrappers_delegate[job-list]" file="azext_iot/tests/adr/test_adr_command_delegation_unit.py" line="1049" time="0.005" /><testcase classname="azext_iot.tests.adr.test_adr_command_delegation_unit" name="test_simple_command_wrappers_delegate[job-delete]" file="azext_iot/tests/adr/test_adr_command_delegation_unit.py" line="1049" time="0.006" /><testcase classname="azext_iot.tests.adr.test_adr_command_delegation_unit" name="test_simple_command_wrappers_delegate[job-run-show]" file="azext_iot/tests/adr/test_adr_command_delegation_unit.py" line="1049" time="0.005" /><testcase classname="azext_iot.tests.adr.test_adr_command_delegation_unit" name="test_simple_command_wrappers_delegate[ca-show]" file="azext_iot/tests/adr/test_adr_command_delegation_unit.py" line="1049" time="0.004" /><testcase classname="azext_iot.tests.adr.test_adr_command_delegation_unit" name="test_simple_command_wrappers_delegate[ca-list]" file="azext_iot/tests/adr/test_adr_command_delegation_unit.py" line="1049" time="0.004" /><testcase classname="azext_iot.tests.adr.test_adr_command_delegation_unit" name="test_simple_command_wrappers_delegate[ca-update]" file="azext_iot/tests/adr/test_adr_command_delegation_unit.py" line="1049" time="0.004" /><testcase classname="azext_iot.tests.adr.test_adr_command_delegation_unit" name="test_simple_command_wrappers_delegate[ca-delete]" file="azext_iot/tests/adr/test_adr_command_delegation_unit.py" line="1049" time="0.005" /><testcase classname="azext_iot.tests.adr.test_adr_command_delegation_unit" name="test_simple_command_wrappers_delegate[ca-revoke]" file="azext_iot/tests/adr/test_adr_command_delegation_unit.py" line="1049" time="0.006" /><testcase classname="azext_iot.tests.adr.test_adr_command_delegation_unit" name="test_simple_command_wrappers_delegate[ca-policy-create]" file="azext_iot/tests/adr/test_adr_command_delegation_unit.py" line="1049" time="0.005" /><testcase classname="azext_iot.tests.adr.test_adr_command_delegation_unit" name="test_simple_command_wrappers_delegate[ca-policy-show]" file="azext_iot/tests/adr/test_adr_command_delegation_unit.py" line="1049" time="0.005" /><testcase classname="azext_iot.tests.adr.test_adr_command_delegation_unit" name="test_simple_command_wrappers_delegate[ca-policy-list]" file="azext_iot/tests/adr/test_adr_command_delegation_unit.py" line="1049" time="0.005" /><testcase classname="azext_iot.tests.adr.test_adr_command_delegation_unit" name="test_simple_command_wrappers_delegate[ca-policy-delete]" file="azext_iot/tests/adr/test_adr_command_delegation_unit.py" line="1049" time="0.005" /><testcase classname="azext_iot.tests.adr.test_adr_command_delegation_unit" name="test_simple_command_wrappers_delegate[link-hub-add]" file="azext_iot/tests/adr/test_adr_command_delegation_unit.py" line="1049" time="0.005" /><testcase classname="azext_iot.tests.adr.test_adr_command_delegation_unit" name="test_simple_command_wrappers_delegate[link-hub-show]" file="azext_iot/tests/adr/test_adr_command_delegation_unit.py" line="1049" time="0.005" /><testcase classname="azext_iot.tests.adr.test_adr_command_delegation_unit" name="test_simple_command_wrappers_delegate[link-hub-list]" file="azext_iot/tests/adr/test_adr_command_delegation_unit.py" line="1049" time="0.005" /><testcase classname="azext_iot.tests.adr.test_adr_command_delegation_unit" name="test_simple_command_wrappers_delegate[link-dps-add]" file="azext_iot/tests/adr/test_adr_command_delegation_unit.py" line="1049" time="0.007" /><testcase classname="azext_iot.tests.adr.test_adr_command_delegation_unit" name="test_simple_command_wrappers_delegate[link-dps-show]" file="azext_iot/tests/adr/test_adr_command_delegation_unit.py" line="1049" time="0.006" /><testcase classname="azext_iot.tests.adr.test_adr_command_delegation_unit" name="test_simple_command_wrappers_delegate[link-dps-list]" file="azext_iot/tests/adr/test_adr_command_delegation_unit.py" line="1049" time="0.005" /><testcase classname="azext_iot.tests.adr.test_adr_command_delegation_unit" name="test_simple_command_wrappers_delegate[link-dps-update]" file="azext_iot/tests/adr/test_adr_command_delegation_unit.py" line="1049" time="0.005" /><testcase classname="azext_iot.tests.adr.test_adr_command_delegation_unit" name="test_simple_command_wrappers_delegate[link-su-add]" file="azext_iot/tests/adr/test_adr_command_delegation_unit.py" line="1049" time="0.005" /><testcase classname="azext_iot.tests.adr.test_adr_command_delegation_unit" name="test_simple_command_wrappers_delegate[link-su-show]" file="azext_iot/tests/adr/test_adr_command_delegation_unit.py" line="1049" time="0.005" /><testcase classname="azext_iot.tests.adr.test_adr_command_delegation_unit" name="test_simple_command_wrappers_delegate[link-su-list]" file="azext_iot/tests/adr/test_adr_command_delegation_unit.py" line="1049" time="0.005" /><testcase classname="azext_iot.tests.adr.test_adr_command_delegation_unit" name="test_simple_command_wrappers_delegate[link-su-update]" file="azext_iot/tests/adr/test_adr_command_delegation_unit.py" line="1049" time="0.007" /><testcase classname="azext_iot.tests.adr.test_adr_command_delegation_unit" name="test_simple_command_wrappers_delegate[link-bundled-add]" file="azext_iot/tests/adr/test_adr_command_delegation_unit.py" line="1049" time="0.005" /><testcase classname="azext_iot.tests.adr.test_adr_command_log_unit" name="test_command_display_redacts_secrets[--password redactme]" file="azext_iot/tests/adr/test_adr_command_log_unit.py" line="29" time="0.004" /><testcase classname="azext_iot.tests.adr.test_adr_command_log_unit" name="test_command_display_redacts_secrets[--password=redactme]" file="azext_iot/tests/adr/test_adr_command_log_unit.py" line="29" time="0.003" /><testcase classname="azext_iot.tests.adr.test_adr_command_log_unit" name="test_command_display_redacts_secrets[--client-secret 'redactme with spaces']" file="azext_iot/tests/adr/test_adr_command_log_unit.py" line="29" time="0.003" /><testcase classname="azext_iot.tests.adr.test_adr_command_log_unit" name="test_command_display_redacts_secrets[--primary-key=redactme --secondary-key redactme]" file="azext_iot/tests/adr/test_adr_command_log_unit.py" line="29" time="0.003" /><testcase classname="azext_iot.tests.adr.test_adr_command_log_unit" name="test_command_display_redacts_secrets[--key 'redactme' --pk redactme --sk=redactme]" file="azext_iot/tests/adr/test_adr_command_log_unit.py" line="29" time="0.003" /><testcase classname="azext_iot.tests.adr.test_adr_command_log_unit" name="test_command_display_redacts_secrets[-p redactme -k redactme]" file="azext_iot/tests/adr/test_adr_command_log_unit.py" line="29" time="0.003" /><testcase classname="azext_iot.tests.adr.test_adr_command_log_unit" name="test_command_display_redacts_secrets[--access-token redactme]" file="azext_iot/tests/adr/test_adr_command_log_unit.py" line="29" time="0.003" /><testcase classname="azext_iot.tests.adr.test_adr_command_log_unit" name="test_command_display_redacts_secrets[--login 'HostName=host;SharedAccessKey=redactme']" file="azext_iot/tests/adr/test_adr_command_log_unit.py" line="29" time="0.003" /><testcase classname="azext_iot.tests.adr.test_adr_command_log_unit" name="test_command_display_redacts_secrets[--connection-string 'AccountName=account;AccountKey=redactme']" file="azext_iot/tests/adr/test_adr_command_log_unit.py" line="29" time="0.003" /><testcase classname="azext_iot.tests.adr.test_adr_command_log_unit" name="test_command_display_redacts_secrets[--body '{&quot;nested&quot;:{&quot;password&quot;:&quot;redactme&quot;}}']" file="azext_iot/tests/adr/test_adr_command_log_unit.py" line="29" time="0.003" /><testcase classname="azext_iot.tests.adr.test_adr_command_log_unit" name="test_command_display_redacts_secrets[--properties '{&quot;unknownField&quot;:&quot;redactme&quot;}']" file="azext_iot/tests/adr/test_adr_command_log_unit.py" line="29" time="0.004" /><testcase classname="azext_iot.tests.adr.test_adr_command_log_unit" name="test_command_display_redacts_secrets[--parameters 'arbitrary=redactme' 'second=redactme']" file="azext_iot/tests/adr/test_adr_command_log_unit.py" line="29" time="0.003" /><testcase classname="azext_iot.tests.adr.test_adr_command_log_unit" name="test_command_display_redacts_secrets[--set properties.nested.field=redactme other=redactme]" file="azext_iot/tests/adr/test_adr_command_log_unit.py" line="29" time="0.004" /><testcase classname="azext_iot.tests.adr.test_adr_command_log_unit" name="test_command_display_redacts_secrets[--headers 'Authorization=Bearer redactme' 'Custom=redactme']" file="azext_iot/tests/adr/test_adr_command_log_unit.py" line="29" time="0.004" /><testcase classname="azext_iot.tests.adr.test_adr_command_log_unit" name="test_command_display_redacts_secrets[--url 'https://storage.example/blob?sv=1&amp;sig=redactme&amp;sp=r']" file="azext_iot/tests/adr/test_adr_command_log_unit.py" line="29" time="0.003" /><testcase classname="azext_iot.tests.adr.test_adr_command_log_unit" name="test_command_display_redacts_secrets[--url=https://storage.example/blob?sig=redactme]" file="azext_iot/tests/adr/test_adr_command_log_unit.py" line="29" time="0.004" /><testcase classname="azext_iot.tests.adr.test_adr_command_log_unit" name="test_command_display_redacts_secrets[--url 'https://storage.example/blob?%73ig=redactme']" file="azext_iot/tests/adr/test_adr_command_log_unit.py" line="29" time="0.004" /><testcase classname="azext_iot.tests.adr.test_adr_command_log_unit" name="test_command_display_redacts_secrets[--url 'https://user:redactme@host/path']" file="azext_iot/tests/adr/test_adr_command_log_unit.py" line="29" time="0.004" /><testcase classname="azext_iot.tests.adr.test_adr_command_log_unit" name="test_command_display_redacts_secrets[--tags clientSecret=redactme]" file="azext_iot/tests/adr/test_adr_command_log_unit.py" line="29" time="0.005" /><testcase classname="azext_iot.tests.adr.test_adr_command_log_unit" name="test_command_display_redacts_secrets[--value 'SharedAccessKey=redactme']" file="azext_iot/tests/adr/test_adr_command_log_unit.py" line="29" time="0.005" /><testcase classname="azext_iot.tests.adr.test_adr_command_log_unit" name="test_command_display_redacts_secrets[--value '{&quot;nested&quot;:{&quot;private_key&quot;:&quot;redactme&quot;}}']" file="azext_iot/tests/adr/test_adr_command_log_unit.py" line="29" time="0.005" /><testcase classname="azext_iot.tests.adr.test_adr_command_log_unit" name="test_command_display_redacts_secrets[--value 'Bearer redactme']" file="azext_iot/tests/adr/test_adr_command_log_unit.py" line="29" time="0.005" /><testcase classname="azext_iot.tests.adr.test_adr_command_log_unit" name="test_command_display_redacts_secrets[--value '-----BEGIN PRIVATE KEY----- redactme -----END PRIVATE KEY-----']" file="azext_iot/tests/adr/test_adr_command_log_unit.py" line="29" time="0.006" /><testcase classname="azext_iot.tests.adr.test_adr_command_log_unit" name="test_command_display_redacts_secrets[--password '--redactme']" file="azext_iot/tests/adr/test_adr_command_log_unit.py" line="29" time="0.004" /><testcase classname="azext_iot.tests.adr.test_adr_command_log_unit" name="test_command_display_redacts_secrets[--password 'redactme]" file="azext_iot/tests/adr/test_adr_command_log_unit.py" line="29" time="0.003" /><testcase classname="azext_iot.tests.adr.test_adr_command_log_unit" name="test_safe_command_display_preserves_arguments[iot adr ns create -n ns -g rg -l centraluseuap]" file="azext_iot/tests/adr/test_adr_command_log_unit.py" line="66" time="0.004" /><testcase classname="azext_iot.tests.adr.test_adr_command_log_unit" name="test_safe_command_display_preserves_arguments[az iot adr ns update -n ns --tags '']" file="azext_iot/tests/adr/test_adr_command_log_unit.py" line="66" time="0.004" /><testcase classname="azext_iot.tests.adr.test_adr_command_log_unit" name="test_safe_command_display_preserves_arguments[iot adr ns list --query &quot;[].name&quot;]" file="azext_iot/tests/adr/test_adr_command_log_unit.py" line="66" time="0.003" /><testcase classname="azext_iot.tests.adr.test_adr_command_log_unit" name="test_safe_command_display_preserves_arguments[iot adr ns show --query &quot;{name:name,state:properties.provisioningState}&quot;]" file="azext_iot/tests/adr/test_adr_command_log_unit.py" line="66" time="0.003" /><testcase classname="azext_iot.tests.adr.test_adr_command_log_unit" name="test_safe_command_display_preserves_arguments[iot adr ns identity show --query &quot;type&quot;]" file="azext_iot/tests/adr/test_adr_command_log_unit.py" line="66" time="0.004" /><testcase classname="azext_iot.tests.adr.test_adr_command_log_unit" name="test_safe_command_display_preserves_arguments[]" file="azext_iot/tests/adr/test_adr_command_log_unit.py" line="66" time="0.003" /><testcase classname="azext_iot.tests.adr.test_adr_command_log_unit" name="test_command_display_escapes_control_characters" file="azext_iot/tests/adr/test_adr_command_log_unit.py" line="84" time="0.003" /><testcase classname="azext_iot.tests.adr.test_adr_command_log_unit" name="test_commands_are_logged_once_before_execution[False-False]" file="azext_iot/tests/adr/test_adr_command_log_unit.py" line="94" time="0.008" /><testcase classname="azext_iot.tests.adr.test_adr_command_log_unit" name="test_commands_are_logged_once_before_execution[False-True]" file="azext_iot/tests/adr/test_adr_command_log_unit.py" line="94" time="0.009" /><testcase classname="azext_iot.tests.adr.test_adr_command_log_unit" name="test_commands_are_logged_once_before_execution[True-False]" file="azext_iot/tests/adr/test_adr_command_log_unit.py" line="94" time="0.007" /><testcase classname="azext_iot.tests.adr.test_adr_command_log_unit" name="test_commands_are_logged_once_before_execution[True-True]" file="azext_iot/tests/adr/test_adr_command_log_unit.py" line="94" time="0.007" /><testcase classname="azext_iot.tests.adr.test_adr_command_log_unit" name="test_original_template_and_secrets_are_delegated_unchanged" file="azext_iot/tests/adr/test_adr_command_log_unit.py" line="129" time="0.005" /><testcase classname="azext_iot.tests.adr.test_adr_command_log_unit" name="test_formatted_json_is_not_formatted_a_second_time" file="azext_iot/tests/adr/test_adr_command_log_unit.py" line="141" time="0.009" /><testcase classname="azext_iot.tests.adr.test_adr_command_log_unit" name="test_execution_error_is_logged_then_propagated" file="azext_iot/tests/adr/test_adr_command_log_unit.py" line="156" time="0.004" /><testcase classname="azext_iot.tests.adr.test_adr_command_log_unit" name="test_other_services_keep_their_existing_command_behavior" file="azext_iot/tests/adr/test_adr_command_log_unit.py" line="167" time="0.011" /><testcase classname="azext_iot.tests.adr.test_adr_command_log_unit" name="test_all_adr_scenarios_use_the_command_wrapper" file="azext_iot/tests/adr/test_adr_command_log_unit.py" line="175" time="0.221" /><testcase classname="azext_iot.tests.adr.test_adr_device_class_unit" name="test_list_device_classes" file="azext_iot/tests/adr/test_adr_device_class_unit.py" line="50" time="0.005" /><testcase classname="azext_iot.tests.adr.test_adr_device_class_unit" name="test_show_device_class" file="azext_iot/tests/adr/test_adr_device_class_unit.py" line="58" time="0.006" /><testcase classname="azext_iot.tests.adr.test_adr_device_class_unit" name="test_delete_device_class" file="azext_iot/tests/adr/test_adr_device_class_unit.py" line="68" time="0.009" /><testcase classname="azext_iot.tests.adr.test_adr_group_unit" name="test_group_create_all_fields" file="azext_iot/tests/adr/test_adr_group_unit.py" line="26" time="0.068" /><testcase classname="azext_iot.tests.adr.test_adr_group_unit" name="test_group_create_defaults_to_registry_device_type" file="azext_iot/tests/adr/test_adr_group_unit.py" line="61" time="0.083" /><testcase classname="azext_iot.tests.adr.test_adr_group_unit" name="test_group_create_omits_identity" file="azext_iot/tests/adr/test_adr_group_unit.py" line="79" time="0.074" /><testcase classname="azext_iot.tests.adr.test_adr_group_unit" name="test_group_create_inherits_parent_location" file="azext_iot/tests/adr/test_adr_group_unit.py" line="97" time="0.077" /><testcase classname="azext_iot.tests.adr.test_adr_group_unit" name="test_group_update_all_mutable_fields" file="azext_iot/tests/adr/test_adr_group_unit.py" line="117" time="0.073" /><testcase classname="azext_iot.tests.adr.test_adr_group_unit" name="test_group_update_tags_only_allows_clear" file="azext_iot/tests/adr/test_adr_group_unit.py" line="143" time="0.076" /><testcase classname="azext_iot.tests.adr.test_adr_group_unit" name="test_group_update_rejects_empty_patch" file="azext_iot/tests/adr/test_adr_group_unit.py" line="159" time="0.098" /><testcase classname="azext_iot.tests.adr.test_adr_group_unit" name="test_group_show_and_list" file="azext_iot/tests/adr/test_adr_group_unit.py" line="169" time="0.072" /><testcase classname="azext_iot.tests.adr.test_adr_group_unit" name="test_group_delete_calls_groups_delete_directly" file="azext_iot/tests/adr/test_adr_group_unit.py" line="192" time="0.094" /><testcase classname="azext_iot.tests.adr.test_adr_group_unit" name="test_group_delete_no_wait" file="azext_iot/tests/adr/test_adr_group_unit.py" line="211" time="0.077" /><testcase classname="azext_iot.tests.adr.test_adr_group_unit" name="test_group_refresh" file="azext_iot/tests/adr/test_adr_group_unit.py" line="231" time="0.074" /><testcase classname="azext_iot.tests.adr.test_adr_group_unit" name="test_group_refresh_in_progress_no_wait_returns_current_group" file="azext_iot/tests/adr/test_adr_group_unit.py" line="247" time="0.076" /><testcase classname="azext_iot.tests.adr.test_adr_group_unit" name="test_group_refresh_in_progress_waits_for_current_group" file="azext_iot/tests/adr/test_adr_group_unit.py" line="269" time="0.076" /><testcase classname="azext_iot.tests.adr.test_adr_group_unit" name="test_group_refresh_rate_limit_is_not_treated_as_idempotent" file="azext_iot/tests/adr/test_adr_group_unit.py" line="293" time="0.070" /><testcase classname="azext_iot.tests.adr.test_adr_group_unit" name="test_group_refresh_propagates_unrelated_error[error0]" file="azext_iot/tests/adr/test_adr_group_unit.py" line="307" time="0.070" /><testcase classname="azext_iot.tests.adr.test_adr_group_unit" name="test_group_refresh_propagates_unrelated_error[error1]" file="azext_iot/tests/adr/test_adr_group_unit.py" line="307" time="0.072" /><testcase classname="azext_iot.tests.adr.test_adr_group_unit" name="test_group_list_members_single_page_uses_body" file="azext_iot/tests/adr/test_adr_group_unit.py" line="326" time="0.294" /><testcase classname="azext_iot.tests.adr.test_adr_group_unit" name="test_group_list_members_custom_skip_token_pagination" file="azext_iot/tests/adr/test_adr_group_unit.py" line="348" time="0.066" /><testcase classname="azext_iot.tests.adr.test_adr_group_unit" name="test_group_list_members_handles_empty_response" file="azext_iot/tests/adr/test_adr_group_unit.py" line="384" time="0.070" /><testcase classname="azext_iot.tests.adr.test_adr_group_unit" name="test_group_list_members_rejects_invalid_page_size[0]" file="azext_iot/tests/adr/test_adr_group_unit.py" line="394" time="0.077" /><testcase classname="azext_iot.tests.adr.test_adr_group_unit" name="test_group_list_members_rejects_invalid_page_size[-1]" file="azext_iot/tests/adr/test_adr_group_unit.py" line="394" time="0.074" /><testcase classname="azext_iot.tests.adr.test_adr_group_unit" name="test_group_list_members_rejects_invalid_page_size[1001]" file="azext_iot/tests/adr/test_adr_group_unit.py" line="394" time="0.071" /><testcase classname="azext_iot.tests.adr.test_adr_group_unit" name="test_group_list_members_rejects_repeated_skip_token" file="azext_iot/tests/adr/test_adr_group_unit.py" line="405" time="0.068" /><testcase classname="azext_iot.tests.adr.test_adr_group_unit" name="test_group_count_members[response0-42]" file="azext_iot/tests/adr/test_adr_group_unit.py" line="415" time="0.070" /><testcase classname="azext_iot.tests.adr.test_adr_group_unit" name="test_group_count_members[response1-0]" file="azext_iot/tests/adr/test_adr_group_unit.py" line="415" time="0.072" /><testcase classname="azext_iot.tests.adr.test_adr_group_unit" name="test_group_count_members[response2-0]" file="azext_iot/tests/adr/test_adr_group_unit.py" line="415" time="0.077" /><testcase classname="azext_iot.tests.adr.test_adr_group_unit" name="test_group_count_members[None-0]" file="azext_iot/tests/adr/test_adr_group_unit.py" line="415" time="0.071" /><testcase classname="azext_iot.tests.adr.test_adr_helpers_unit" name="test_wait_for_resource_succeeded_retries_initial_not_found" file="azext_iot/tests/adr/test_adr_helpers_unit.py" line="23" time="0.005" /><testcase classname="azext_iot.tests.adr.test_adr_helpers_unit" name="test_wait_for_resource_succeeded_raises_terminal_failure" file="azext_iot/tests/adr/test_adr_helpers_unit.py" line="40" time="0.005" /><testcase classname="azext_iot.tests.adr.test_adr_helpers_unit" name="test_wait_for_resource_succeeded_times_out_with_last_error" file="azext_iot/tests/adr/test_adr_helpers_unit.py" line="57" time="0.007" /><testcase classname="azext_iot.tests.adr.test_adr_helpers_unit" name="test_wait_for_resource_succeeded_propagates_non_retryable_error" file="azext_iot/tests/adr/test_adr_helpers_unit.py" line="69" time="0.005" /><testcase classname="azext_iot.tests.adr.test_adr_helpers_unit" name="test_retryable_resource_error_uses_structured_status[404]" file="azext_iot/tests/adr/test_adr_helpers_unit.py" line="83" time="0.004" /><testcase classname="azext_iot.tests.adr.test_adr_helpers_unit" name="test_retryable_resource_error_uses_structured_status[408]" file="azext_iot/tests/adr/test_adr_helpers_unit.py" line="83" time="0.005" /><testcase classname="azext_iot.tests.adr.test_adr_helpers_unit" name="test_retryable_resource_error_uses_structured_status[409]" file="azext_iot/tests/adr/test_adr_helpers_unit.py" line="83" time="0.003" /><testcase classname="azext_iot.tests.adr.test_adr_helpers_unit" name="test_retryable_resource_error_uses_structured_status[429]" file="azext_iot/tests/adr/test_adr_helpers_unit.py" line="83" time="0.004" /><testcase classname="azext_iot.tests.adr.test_adr_helpers_unit" name="test_retryable_resource_error_uses_structured_status[500]" file="azext_iot/tests/adr/test_adr_helpers_unit.py" line="83" time="0.004" /><testcase classname="azext_iot.tests.adr.test_adr_helpers_unit" name="test_retryable_resource_error_uses_structured_status[502]" file="azext_iot/tests/adr/test_adr_helpers_unit.py" line="83" time="0.003" /><testcase classname="azext_iot.tests.adr.test_adr_helpers_unit" name="test_retryable_resource_error_uses_structured_status[503]" file="azext_iot/tests/adr/test_adr_helpers_unit.py" line="83" time="0.003" /><testcase classname="azext_iot.tests.adr.test_adr_helpers_unit" name="test_retryable_resource_error_uses_structured_status[504]" file="azext_iot/tests/adr/test_adr_helpers_unit.py" line="83" time="0.003" /><testcase classname="azext_iot.tests.adr.test_adr_helpers_unit" name="test_retryable_resource_error_uses_symbolic_code[Code: Conflict]" file="azext_iot/tests/adr/test_adr_helpers_unit.py" line="93" time="0.003" /><testcase classname="azext_iot.tests.adr.test_adr_helpers_unit" name="test_retryable_resource_error_uses_symbolic_code[Code: InternalServerError]" file="azext_iot/tests/adr/test_adr_helpers_unit.py" line="93" time="0.003" /><testcase classname="azext_iot.tests.adr.test_adr_helpers_unit" name="test_retryable_resource_error_uses_symbolic_code[Code: BadGateway]" file="azext_iot/tests/adr/test_adr_helpers_unit.py" line="93" time="0.003" /><testcase classname="azext_iot.tests.adr.test_adr_helpers_unit" name="test_retryable_resource_error_uses_symbolic_code[Code: ServiceUnavailable]" file="azext_iot/tests/adr/test_adr_helpers_unit.py" line="93" time="0.003" /><testcase classname="azext_iot.tests.adr.test_adr_helpers_unit" name="test_retryable_resource_error_uses_symbolic_code[Code: GatewayTimeout]" file="azext_iot/tests/adr/test_adr_helpers_unit.py" line="93" time="0.003" /><testcase classname="azext_iot.tests.adr.test_adr_helpers_unit" name="test_resource_not_found_error_is_specific" file="azext_iot/tests/adr/test_adr_helpers_unit.py" line="107" time="0.004" /><testcase classname="azext_iot.tests.adr.test_adr_helpers_unit" name="test_wait_for_condition_uses_bounded_clock_and_sanitized_observation" file="azext_iot/tests/adr/test_adr_helpers_unit.py" line="114" time="0.003" /><testcase classname="azext_iot.tests.adr.test_adr_helpers_unit" name="test_wait_for_condition_reports_terminal_failure" file="azext_iot/tests/adr/test_adr_helpers_unit.py" line="134" time="0.003" /><testcase classname="azext_iot.tests.adr.test_adr_helpers_unit" name="test_wait_for_condition_reports_last_retryable_error" file="azext_iot/tests/adr/test_adr_helpers_unit.py" line="149" time="0.003" /><testcase classname="azext_iot.tests.adr.test_adr_helpers_unit" name="test_wait_for_condition_reports_elapsed_timeout" file="azext_iot/tests/adr/test_adr_helpers_unit.py" line="164" time="0.003" /><testcase classname="azext_iot.tests.adr.test_adr_helpers_unit" name="test_wait_for_materialized_resources_retries_empty_collection" file="azext_iot/tests/adr/test_adr_helpers_unit.py" line="179" time="0.004" /><testcase classname="azext_iot.tests.adr.test_adr_helpers_unit" name="test_cleanup_ledger_runs_callbacks_in_reverse_and_supports_dismiss" file="azext_iot/tests/adr/test_adr_helpers_unit.py" line="199" time="0.004" /><testcase classname="azext_iot.tests.adr.test_adr_helpers_unit" name="test_cleanup_ledger_reports_failures_without_masking_original_error" file="azext_iot/tests/adr/test_adr_helpers_unit.py" line="210" time="0.004" /><testcase classname="azext_iot.tests.adr.test_adr_helpers_unit" name="test_cleanup_ledger_raises_when_only_cleanup_fails" file="azext_iot/tests/adr/test_adr_helpers_unit.py" line="220" time="0.004" /><testcase classname="azext_iot.tests.adr.test_adr_helpers_unit" name="test_full_infra_cleanup_removes_links_before_namespace_and_identity" file="azext_iot/tests/adr/test_adr_helpers_unit.py" line="229" time="0.005" /><testcase classname="azext_iot.tests.adr.test_adr_helpers_unit" name="test_full_infra_cleanup_reports_probe_failures" file="azext_iot/tests/adr/test_adr_helpers_unit.py" line="271" time="0.004" /><testcase classname="azext_iot.tests.adr.test_adr_helpers_unit" name="test_known_object_role_assignment_bypasses_graph_resolution" file="azext_iot/tests/adr/test_adr_helpers_unit.py" line="285" time="0.007" /><testcase classname="azext_iot.tests.adr.test_adr_helpers_unit" name="test_auto_role_assignment_preserves_name_based_lookup" file="azext_iot/tests/adr/test_adr_helpers_unit.py" line="311" time="0.004" /><testcase classname="azext_iot.tests.adr.test_adr_helpers_unit" name="test_adr_uami_roles_use_object_id_and_fail_setup_if_missing" file="azext_iot/tests/adr/test_adr_helpers_unit.py" line="324" time="0.004" /><testcase classname="azext_iot.tests.adr.test_adr_job_run_unit" name="test_job_run_show" file="azext_iot/tests/adr/test_adr_job_run_unit.py" line="15" time="0.070" /><testcase classname="azext_iot.tests.adr.test_adr_job_run_unit" name="test_job_run_list_by_job" file="azext_iot/tests/adr/test_adr_job_run_unit.py" line="31" time="0.073" /><testcase classname="azext_iot.tests.adr.test_adr_job_run_unit" name="test_job_run_list_by_job_with_filter" file="azext_iot/tests/adr/test_adr_job_run_unit.py" line="49" time="0.071" /><testcase classname="azext_iot.tests.adr.test_adr_job_run_unit" name="test_job_run_list_by_job_with_order_by" file="azext_iot/tests/adr/test_adr_job_run_unit.py" line="67" time="0.069" /><testcase classname="azext_iot.tests.adr.test_adr_job_run_unit" name="test_job_run_list_by_namespace_with_filter" file="azext_iot/tests/adr/test_adr_job_run_unit.py" line="85" time="0.074" /><testcase classname="azext_iot.tests.adr.test_adr_job_run_unit" name="test_job_run_list_by_namespace_with_order_by" file="azext_iot/tests/adr/test_adr_job_run_unit.py" line="105" time="0.069" /><testcase classname="azext_iot.tests.adr.test_adr_job_run_unit" name="test_job_run_list_wrapper_forwards_order_by" file="azext_iot/tests/adr/test_adr_job_run_unit.py" line="122" time="0.005" /><testcase classname="azext_iot.tests.adr.test_adr_job_run_unit" name="test_job_run_list_accepts_status_in" file="azext_iot/tests/adr/test_adr_job_run_unit.py" line="145" time="0.069" /><testcase classname="azext_iot.tests.adr.test_adr_job_run_unit" name="test_job_run_list_rejects_unsupported_filters[status ne 'Canceled']" file="azext_iot/tests/adr/test_adr_job_run_unit.py" line="161" time="0.074" /><testcase classname="azext_iot.tests.adr.test_adr_job_run_unit" name="test_job_run_list_rejects_unsupported_filters[status eq 'Unknown']" file="azext_iot/tests/adr/test_adr_job_run_unit.py" line="161" time="0.074" /><testcase classname="azext_iot.tests.adr.test_adr_job_run_unit" name="test_job_run_list_rejects_unsupported_filters[status eq 'Queued']" file="azext_iot/tests/adr/test_adr_job_run_unit.py" line="161" time="0.313" /><testcase classname="azext_iot.tests.adr.test_adr_job_run_unit" name="test_job_run_list_rejects_unsupported_filters[status eq 'Active' or status eq 'Scheduled']" file="azext_iot/tests/adr/test_adr_job_run_unit.py" line="161" time="0.069" /><testcase classname="azext_iot.tests.adr.test_adr_job_run_unit" name="test_job_run_list_rejects_unsupported_filters[status in ()]" file="azext_iot/tests/adr/test_adr_job_run_unit.py" line="161" time="0.080" /><testcase classname="azext_iot.tests.adr.test_adr_job_run_unit" name="test_job_run_list_rejects_unsupported_filters[status in ('Active', Scheduled)]" file="azext_iot/tests/adr/test_adr_job_run_unit.py" line="161" time="0.071" /><testcase classname="azext_iot.tests.adr.test_adr_job_run_unit" name="test_job_run_list_rejects_unsupported_filters[name eq 'Active']" file="azext_iot/tests/adr/test_adr_job_run_unit.py" line="161" time="0.069" /><testcase classname="azext_iot.tests.adr.test_adr_job_run_unit" name="test_job_run_results_posts_empty_body" file="azext_iot/tests/adr/test_adr_job_run_unit.py" line="182" time="0.073" /><testcase classname="azext_iot.tests.adr.test_adr_job_run_unit" name="test_job_run_results_posts_filter_body" file="azext_iot/tests/adr/test_adr_job_run_unit.py" line="202" time="0.079" /><testcase classname="azext_iot.tests.adr.test_adr_job_run_unit" name="test_job_run_results_posts_order_by" file="azext_iot/tests/adr/test_adr_job_run_unit.py" line="224" time="0.077" /><testcase classname="azext_iot.tests.adr.test_adr_job_run_unit" name="test_job_run_results_rejects_unsupported_order_by" file="azext_iot/tests/adr/test_adr_job_run_unit.py" line="246" time="0.075" /><testcase classname="azext_iot.tests.adr.test_adr_job_run_unit" name="test_job_run_results_rejects_unsupported_filters[status ne 'Failed']" file="azext_iot/tests/adr/test_adr_job_run_unit.py" line="260" time="0.075" /><testcase classname="azext_iot.tests.adr.test_adr_job_run_unit" name="test_job_run_results_rejects_unsupported_filters[status eq 'Unknown']" file="azext_iot/tests/adr/test_adr_job_run_unit.py" line="260" time="0.081" /><testcase classname="azext_iot.tests.adr.test_adr_job_run_unit" name="test_job_run_results_rejects_unsupported_filters[status eq 'NotApplied']" file="azext_iot/tests/adr/test_adr_job_run_unit.py" line="260" time="0.071" /><testcase classname="azext_iot.tests.adr.test_adr_job_run_unit" name="test_job_run_results_rejects_unsupported_filters[status in ('Failed', 'Canceled')]" file="azext_iot/tests/adr/test_adr_job_run_unit.py" line="260" time="0.068" /><testcase classname="azext_iot.tests.adr.test_adr_job_run_unit" name="test_job_run_results_rejects_unsupported_filters[status eq 'Failed' or status eq 'Canceled']" file="azext_iot/tests/adr/test_adr_job_run_unit.py" line="260" time="0.072" /><testcase classname="azext_iot.tests.adr.test_adr_job_run_unit" name="test_job_run_results_posts_each_page_with_skip_token" file="azext_iot/tests/adr/test_adr_job_run_unit.py" line="285" time="0.080" /><testcase classname="azext_iot.tests.adr.test_adr_job_run_unit" name="test_job_run_results_follows_skip_token_after_empty_page" file="azext_iot/tests/adr/test_adr_job_run_unit.py" line="335" time="0.071" /><testcase classname="azext_iot.tests.adr.test_adr_job_run_unit" name="test_job_run_results_handles_empty_response" file="azext_iot/tests/adr/test_adr_job_run_unit.py" line="354" time="0.074" /><testcase classname="azext_iot.tests.adr.test_adr_job_run_unit" name="test_job_run_results_is_lazy_across_pages" file="azext_iot/tests/adr/test_adr_job_run_unit.py" line="362" time="0.080" /><testcase classname="azext_iot.tests.adr.test_adr_job_run_unit" name="test_job_run_results_rejects_repeated_skip_token" file="azext_iot/tests/adr/test_adr_job_run_unit.py" line="383" time="0.066" /><testcase classname="azext_iot.tests.adr.test_adr_job_run_unit" name="test_job_run_cancel_waits_for_lro" file="azext_iot/tests/adr/test_adr_job_run_unit.py" line="398" time="0.074" /><testcase classname="azext_iot.tests.adr.test_adr_job_run_unit" name="test_job_run_cancel_no_wait" file="azext_iot/tests/adr/test_adr_job_run_unit.py" line="416" time="0.323" /><testcase classname="azext_iot.tests.adr.test_adr_job_run_unit" name="test_job_run_create_with_scheduled_time" file="azext_iot/tests/adr/test_adr_job_run_unit.py" line="431" time="0.085" /><testcase classname="azext_iot.tests.adr.test_adr_job_run_unit" name="test_job_run_create_generates_run_name" file="azext_iot/tests/adr/test_adr_job_run_unit.py" line="455" time="0.103" /><testcase classname="azext_iot.tests.adr.test_adr_job_run_unit" name="test_job_run_create_rejects_non_absolute_time[2026-11-02T08:00:00]" file="azext_iot/tests/adr/test_adr_job_run_unit.py" line="470" time="0.109" /><testcase classname="azext_iot.tests.adr.test_adr_job_run_unit" name="test_job_run_create_rejects_non_absolute_time[not-a-time]" file="azext_iot/tests/adr/test_adr_job_run_unit.py" line="470" time="0.092" /><testcase classname="azext_iot.tests.adr.test_adr_job_run_unit" name="test_job_run_create_rejects_non_absolute_time[2026-11-02]" file="azext_iot/tests/adr/test_adr_job_run_unit.py" line="470" time="0.074" /><testcase classname="azext_iot.tests.adr.test_adr_job_run_unit" name="test_job_run_create_no_wait" file="azext_iot/tests/adr/test_adr_job_run_unit.py" line="487" time="0.072" /><testcase classname="azext_iot.tests.adr.test_adr_job_run_unit" name="test_job_run_delete" file="azext_iot/tests/adr/test_adr_job_run_unit.py" line="502" time="0.085" /><testcase classname="azext_iot.tests.adr.test_adr_job_run_unit" name="test_job_run_delete_no_wait" file="azext_iot/tests/adr/test_adr_job_run_unit.py" line="520" time="0.084" /><testcase classname="azext_iot.tests.adr.test_adr_job_run_unit" name="test_job_run_summary" file="azext_iot/tests/adr/test_adr_job_run_unit.py" line="536" time="0.075" /><testcase classname="azext_iot.tests.adr.test_adr_job_unit" name="test_software_update_job_payload" file="azext_iot/tests/adr/test_adr_job_unit.py" line="36" time="0.080" /><testcase classname="azext_iot.tests.adr.test_adr_job_unit" name="test_onboarding_update_job_has_no_target" file="azext_iot/tests/adr/test_adr_job_unit.py" line="75" time="0.079" /><testcase classname="azext_iot.tests.adr.test_adr_job_unit" name="test_job_create_inherits_parent_namespace_location" file="azext_iot/tests/adr/test_adr_job_unit.py" line="95" time="0.073" /><testcase classname="azext_iot.tests.adr.test_adr_job_unit" name="test_job_create_rejects_unsupported_type[Update]" file="azext_iot/tests/adr/test_adr_job_unit.py" line="114" time="0.077" /><testcase classname="azext_iot.tests.adr.test_adr_job_unit" name="test_job_create_rejects_unsupported_type[Action]" file="azext_iot/tests/adr/test_adr_job_unit.py" line="114" time="0.074" /><testcase classname="azext_iot.tests.adr.test_adr_job_unit" name="test_job_create_rejects_unsupported_type[State]" file="azext_iot/tests/adr/test_adr_job_unit.py" line="114" time="0.072" /><testcase classname="azext_iot.tests.adr.test_adr_job_unit" name="test_job_create_rejects_unsupported_type[unknown]" file="azext_iot/tests/adr/test_adr_job_unit.py" line="114" time="0.072" /><testcase classname="azext_iot.tests.adr.test_adr_job_unit" name="test_software_update_requires_target_group" file="azext_iot/tests/adr/test_adr_job_unit.py" line="123" time="0.079" /><testcase classname="azext_iot.tests.adr.test_adr_job_unit" name="test_onboarding_update_rejects_target_group" file="azext_iot/tests/adr/test_adr_job_unit.py" line="132" time="0.071" /><testcase classname="azext_iot.tests.adr.test_adr_job_unit" name="test_job_create_requires_complete_update_id[updates0]" file="azext_iot/tests/adr/test_adr_job_unit.py" line="137" time="0.305" /><testcase classname="azext_iot.tests.adr.test_adr_job_unit" name="test_job_create_requires_complete_update_id[updates1]" file="azext_iot/tests/adr/test_adr_job_unit.py" line="137" time="0.075" /><testcase classname="azext_iot.tests.adr.test_adr_job_unit" name="test_job_create_requires_complete_update_id[updates2]" file="azext_iot/tests/adr/test_adr_job_unit.py" line="137" time="0.068" /><testcase classname="azext_iot.tests.adr.test_adr_job_unit" name="test_job_create_requires_complete_update_id[updates3]" file="azext_iot/tests/adr/test_adr_job_unit.py" line="137" time="0.075" /><testcase classname="azext_iot.tests.adr.test_adr_job_unit" name="test_job_create_no_wait" file="azext_iot/tests/adr/test_adr_job_unit.py" line="155" time="0.074" /><testcase classname="azext_iot.tests.adr.test_adr_job_unit" name="test_job_update_is_synchronous_tags_only[tags0-expected0]" file="azext_iot/tests/adr/test_adr_job_unit.py" line="165" time="0.078" /><testcase classname="azext_iot.tests.adr.test_adr_job_unit" name="test_job_update_is_synchronous_tags_only[tags1-expected1]" file="azext_iot/tests/adr/test_adr_job_unit.py" line="165" time="0.085" /><testcase classname="azext_iot.tests.adr.test_adr_job_unit" name="test_job_update_rejects_empty_update" file="azext_iot/tests/adr/test_adr_job_unit.py" line="186" time="0.071" /><testcase classname="azext_iot.tests.adr.test_adr_job_unit" name="test_job_update_rejects_immutable_fields" file="azext_iot/tests/adr/test_adr_job_unit.py" line="192" time="0.077" /><testcase classname="azext_iot.tests.adr.test_adr_job_unit" name="test_job_show_and_list" file="azext_iot/tests/adr/test_adr_job_unit.py" line="203" time="0.070" /><testcase classname="azext_iot.tests.adr.test_adr_job_unit" name="test_job_delete_calls_jobs_delete_directly" file="azext_iot/tests/adr/test_adr_job_unit.py" line="224" time="0.073" /><testcase classname="azext_iot.tests.adr.test_adr_job_unit" name="test_job_delete_no_wait" file="azext_iot/tests/adr/test_adr_job_unit.py" line="237" time="0.072" /><testcase classname="azext_iot.tests.adr.test_adr_job_unit" name="test_job_create_forwards_display_name" file="azext_iot/tests/adr/test_adr_job_unit.py" line="249" time="0.075" /><testcase classname="azext_iot.tests.adr.test_adr_job_unit" name="test_job_provider_has_no_schedule_operation" file="azext_iot/tests/adr/test_adr_job_unit.py" line="261" time="0.069" /><testcase classname="azext_iot.tests.adr.test_adr_link_rbac_unit" name="test_role_matrix_is_authoritative_and_never_grants_user_content_roles" file="azext_iot/tests/adr/test_adr_link_rbac_unit.py" line="94" time="0.003" /><testcase classname="azext_iot.tests.adr.test_adr_link_rbac_unit" name="test_namespace_outbound_principal_defaults_to_system_identity" file="azext_iot/tests/adr/test_adr_link_rbac_unit.py" line="119" time="0.003" /><testcase classname="azext_iot.tests.adr.test_adr_link_rbac_unit" name="test_namespace_outbound_principal_uses_selected_uami_case_insensitively" file="azext_iot/tests/adr/test_adr_link_rbac_unit.py" line="123" time="0.003" /><testcase classname="azext_iot.tests.adr.test_adr_link_rbac_unit" name="test_namespace_outbound_principal_errors[namespace0-InvalidArgumentValueError-system-assigned]" file="azext_iot/tests/adr/test_adr_link_rbac_unit.py" line="130" time="0.004" /><testcase classname="azext_iot.tests.adr.test_adr_link_rbac_unit" name="test_namespace_outbound_principal_errors[namespace1-InvalidArgumentValueError-not attached]" file="azext_iot/tests/adr/test_adr_link_rbac_unit.py" line="130" time="0.003" /><testcase classname="azext_iot.tests.adr.test_adr_link_rbac_unit" name="test_namespace_outbound_principal_errors[namespace2-AzureResponseError-principalId]" file="azext_iot/tests/adr/test_adr_link_rbac_unit.py" line="130" time="0.003" /><testcase classname="azext_iot.tests.adr.test_adr_link_rbac_unit" name="test_namespace_outbound_principal_errors[namespace3-AzureResponseError-principalId]" file="azext_iot/tests/adr/test_adr_link_rbac_unit.py" line="130" time="0.004" /><testcase classname="azext_iot.tests.adr.test_adr_link_rbac_unit" name="test_namespace_outbound_principal_errors[namespace4-InvalidArgumentValueError-Unsupported]" file="azext_iot/tests/adr/test_adr_link_rbac_unit.py" line="130" time="0.003" /><testcase classname="azext_iot.tests.adr.test_adr_link_rbac_unit" name="test_linked_principal_supports_system_user_and_omitted_identity" file="azext_iot/tests/adr/test_adr_link_rbac_unit.py" line="187" time="0.003" /><testcase classname="azext_iot.tests.adr.test_adr_link_rbac_unit" name="test_linked_principal_errors[resource0-selected0-InvalidArgumentValueError-not enabled]" file="azext_iot/tests/adr/test_adr_link_rbac_unit.py" line="206" time="0.003" /><testcase classname="azext_iot.tests.adr.test_adr_link_rbac_unit" name="test_linked_principal_errors[resource1-selected1-InvalidArgumentValueError-not attached]" file="azext_iot/tests/adr/test_adr_link_rbac_unit.py" line="206" time="0.003" /><testcase classname
[...]
abd08ad930a-20a300e5-a444-4130-bb5a-1abd08ad930a-iot hub device-identity create -n abcd -d dcba]" file="azext_iot/tests/utility/test_iot_utility_unit.py" line="270" time="0.009" /><testcase classname="azext_iot.tests.utility.test_iot_utility_unit.TestEmbeddedCli" name="test_embedded_cli[2-True-False-40a300e5-4130-a444-bb5a-1abd08ad930a-20a300e5-a444-4130-bb5a-1abd08ad930a-iot hub device-twin show -n 'abcd' -d 'dcba']" file="azext_iot/tests/utility/test_iot_utility_unit.py" line="270" time="0.007" /><testcase classname="azext_iot.tests.utility.test_iot_utility_unit.TestEmbeddedCli" name="test_embedded_cli[2-False-True-None-None-iot hub device-identity create -n abcd -d dcba]" file="azext_iot/tests/utility/test_iot_utility_unit.py" line="270" time="0.007" /><testcase classname="azext_iot.tests.utility.test_iot_utility_unit.TestEmbeddedCli" name="test_embedded_cli[2-False-True-None-None-iot hub device-twin show -n 'abcd' -d 'dcba']" file="azext_iot/tests/utility/test_iot_utility_unit.py" line="270" time="0.008" /><testcase classname="azext_iot.tests.utility.test_iot_utility_unit.TestEmbeddedCli" name="test_embedded_cli[2-False-True-None-20a300e5-a444-4130-bb5a-1abd08ad930a-iot hub device-identity create -n abcd -d dcba]" file="azext_iot/tests/utility/test_iot_utility_unit.py" line="270" time="0.008" /><testcase classname="azext_iot.tests.utility.test_iot_utility_unit.TestEmbeddedCli" name="test_embedded_cli[2-False-True-None-20a300e5-a444-4130-bb5a-1abd08ad930a-iot hub device-twin show -n 'abcd' -d 'dcba']" file="azext_iot/tests/utility/test_iot_utility_unit.py" line="270" time="0.007" /><testcase classname="azext_iot.tests.utility.test_iot_utility_unit.TestEmbeddedCli" name="test_embedded_cli[2-False-True-40a300e5-4130-a444-bb5a-1abd08ad930a-None-iot hub device-identity create -n abcd -d dcba]" file="azext_iot/tests/utility/test_iot_utility_unit.py" line="270" time="0.007" /><testcase classname="azext_iot.tests.utility.test_iot_utility_unit.TestEmbeddedCli" name="test_embedded_cli[2-False-True-40a300e5-4130-a444-bb5a-1abd08ad930a-None-iot hub device-twin show -n 'abcd' -d 'dcba']" file="azext_iot/tests/utility/test_iot_utility_unit.py" line="270" time="0.008" /><testcase classname="azext_iot.tests.utility.test_iot_utility_unit.TestEmbeddedCli" name="test_embedded_cli[2-False-True-40a300e5-4130-a444-bb5a-1abd08ad930a-20a300e5-a444-4130-bb5a-1abd08ad930a-iot hub device-identity create -n abcd -d dcba]" file="azext_iot/tests/utility/test_iot_utility_unit.py" line="270" time="0.007" /><testcase classname="azext_iot.tests.utility.test_iot_utility_unit.TestEmbeddedCli" name="test_embedded_cli[2-False-True-40a300e5-4130-a444-bb5a-1abd08ad930a-20a300e5-a444-4130-bb5a-1abd08ad930a-iot hub device-twin show -n 'abcd' -d 'dcba']" file="azext_iot/tests/utility/test_iot_utility_unit.py" line="270" time="0.007" /><testcase classname="azext_iot.tests.utility.test_iot_utility_unit.TestEmbeddedCli" name="test_embedded_cli[2-False-False-None-None-iot hub device-identity create -n abcd -d dcba]" file="azext_iot/tests/utility/test_iot_utility_unit.py" line="270" time="0.008" /><testcase classname="azext_iot.tests.utility.test_iot_utility_unit.TestEmbeddedCli" name="test_embedded_cli[2-False-False-None-None-iot hub device-twin show -n 'abcd' -d 'dcba']" file="azext_iot/tests/utility/test_iot_utility_unit.py" line="270" time="0.011" /><testcase classname="azext_iot.tests.utility.test_iot_utility_unit.TestEmbeddedCli" name="test_embedded_cli[2-False-False-None-20a300e5-a444-4130-bb5a-1abd08ad930a-iot hub device-identity create -n abcd -d dcba]" file="azext_iot/tests/utility/test_iot_utility_unit.py" line="270" time="0.011" /><testcase classname="azext_iot.tests.utility.test_iot_utility_unit.TestEmbeddedCli" name="test_embedded_cli[2-False-False-None-20a300e5-a444-4130-bb5a-1abd08ad930a-iot hub device-twin show -n 'abcd' -d 'dcba']" file="azext_iot/tests/utility/test_iot_utility_unit.py" line="270" time="0.011" /><testcase classname="azext_iot.tests.utility.test_iot_utility_unit.TestEmbeddedCli" name="test_embedded_cli[2-False-False-40a300e5-4130-a444-bb5a-1abd08ad930a-None-iot hub device-identity create -n abcd -d dcba]" file="azext_iot/tests/utility/test_iot_utility_unit.py" line="270" time="0.012" /><testcase classname="azext_iot.tests.utility.test_iot_utility_unit.TestEmbeddedCli" name="test_embedded_cli[2-False-False-40a300e5-4130-a444-bb5a-1abd08ad930a-None-iot hub device-twin show -n 'abcd' -d 'dcba']" file="azext_iot/tests/utility/test_iot_utility_unit.py" line="270" time="0.011" /><testcase classname="azext_iot.tests.utility.test_iot_utility_unit.TestEmbeddedCli" name="test_embedded_cli[2-False-False-40a300e5-4130-a444-bb5a-1abd08ad930a-20a300e5-a444-4130-bb5a-1abd08ad930a-iot hub device-identity create -n abcd -d dcba]" file="azext_iot/tests/utility/test_iot_utility_unit.py" line="270" time="0.010" /><testcase classname="azext_iot.tests.utility.test_iot_utility_unit.TestEmbeddedCli" name="test_embedded_cli[2-False-False-40a300e5-4130-a444-bb5a-1abd08ad930a-20a300e5-a444-4130-bb5a-1abd08ad930a-iot hub device-twin show -n 'abcd' -d 'dcba']" file="azext_iot/tests/utility/test_iot_utility_unit.py" line="270" time="0.011" /><testcase classname="azext_iot.tests.utility.test_iot_utility_unit.TestCliInit" name="test_package_init" file="azext_iot/tests/utility/test_iot_utility_unit.py" line="326" time="0.008" /><testcase classname="azext_iot.tests.utility.test_iot_utility_unit.TestCliInit" name="test_ensure_azure_namespace_path" file="azext_iot/tests/utility/test_iot_utility_unit.py" line="355" time="0.005" /><testcase classname="azext_iot.tests.utility.test_iot_utility_unit.TestHandleServiceException" name="test_handle_service_exception[400-BadRequestError]" file="azext_iot/tests/utility/test_iot_utility_unit.py" line="391" time="0.005" /><testcase classname="azext_iot.tests.utility.test_iot_utility_unit.TestHandleServiceException" name="test_handle_service_exception[401-UnauthorizedError]" file="azext_iot/tests/utility/test_iot_utility_unit.py" line="391" time="0.006" /><testcase classname="azext_iot.tests.utility.test_iot_utility_unit.TestHandleServiceException" name="test_handle_service_exception[402-AzureResponseError]" file="azext_iot/tests/utility/test_iot_utility_unit.py" line="391" time="0.005" /><testcase classname="azext_iot.tests.utility.test_iot_utility_unit.TestHandleServiceException" name="test_handle_service_exception[403-ForbiddenError]" file="azext_iot/tests/utility/test_iot_utility_unit.py" line="391" time="0.005" /><testcase classname="azext_iot.tests.utility.test_iot_utility_unit.TestHandleServiceException" name="test_handle_service_exception[404-ResourceNotFoundError]" file="azext_iot/tests/utility/test_iot_utility_unit.py" line="391" time="0.006" /><testcase classname="azext_iot.tests.utility.test_iot_utility_unit.TestHandleServiceException" name="test_handle_service_exception[409-AzureResponseError]" file="azext_iot/tests/utility/test_iot_utility_unit.py" line="391" time="0.004" /><testcase classname="azext_iot.tests.utility.test_iot_utility_unit.TestHandleServiceException" name="test_handle_service_exception[500-AzureInternalError]" file="azext_iot/tests/utility/test_iot_utility_unit.py" line="391" time="0.005" /><testcase classname="azext_iot.tests.utility.test_iot_utility_unit.TestHandleServiceException" name="test_handle_service_exception[501-AzureInternalError]" file="azext_iot/tests/utility/test_iot_utility_unit.py" line="391" time="0.004" /><testcase classname="azext_iot.tests.utility.test_iot_utility_unit.TestHandleServiceException" name="test_handle_service_exception[502-AzureInternalError]" file="azext_iot/tests/utility/test_iot_utility_unit.py" line="391" time="0.004" /><testcase classname="azext_iot.tests.utility.test_iot_utility_unit.TestHandleServiceException" name="test_handle_service_exception[503-AzureInternalError]" file="azext_iot/tests/utility/test_iot_utility_unit.py" line="391" time="0.006" /><testcase classname="azext_iot.tests.utility.test_iot_utility_unit.TestHandleServiceException" name="test_handle_service_exception[504-AzureInternalError]" file="azext_iot/tests/utility/test_iot_utility_unit.py" line="391" time="0.004" /><testcase classname="azext_iot.tests.utility.test_iot_utility_unit.TestHandleServiceException" name="test_handle_service_exception[None-AzureResponseError]" file="azext_iot/tests/utility/test_iot_utility_unit.py" line="391" time="0.005" /><testcase classname="azext_iot.tests.utility.test_iot_utility_unit.TestFileHeaders" name="test_file_headers" file="azext_iot/tests/utility/test_iot_utility_unit.py" line="418" time="0.023" /><testcase classname="azext_iot.tests.utility.test_iot_utility_unit.TestProcessTop" name="test_process_top[None-None]" file="azext_iot/tests/utility/test_iot_utility_unit.py" line="451" time="0.004" /><testcase classname="azext_iot.tests.utility.test_iot_utility_unit.TestProcessTop" name="test_process_top[-1-None]" file="azext_iot/tests/utility/test_iot_utility_unit.py" line="451" time="0.003" /><testcase classname="azext_iot.tests.utility.test_iot_utility_unit.TestProcessTop" name="test_process_top[5-None]" file="azext_iot/tests/utility/test_iot_utility_unit.py" line="451" time="0.003" /><testcase classname="azext_iot.tests.utility.test_iot_utility_unit.TestProcessTop" name="test_process_top[5-5]" file="azext_iot/tests/utility/test_iot_utility_unit.py" line="451" time="0.005" /><testcase classname="azext_iot.tests.utility.test_iot_utility_unit.TestProcessTop" name="test_process_top[5-10]" file="azext_iot/tests/utility/test_iot_utility_unit.py" line="451" time="0.004" /><testcase classname="azext_iot.tests.utility.test_iot_utility_unit.TestProcessTop" name="test_process_top_error[0-None]" file="azext_iot/tests/utility/test_iot_utility_unit.py" line="468" time="0.007" /><testcase classname="azext_iot.tests.utility.test_iot_utility_unit.TestProcessTop" name="test_process_top_error[-1-100]" file="azext_iot/tests/utility/test_iot_utility_unit.py" line="468" time="0.424" /><testcase classname="azext_iot.tests.utility.test_iot_utility_unit.TestProcessTop" name="test_process_top_error[-3-None]" file="azext_iot/tests/utility/test_iot_utility_unit.py" line="468" time="0.004" /><testcase classname="azext_iot.tests.utility.test_iot_utility_unit.TestProcessTop" name="test_process_top_error[5-4]" file="azext_iot/tests/utility/test_iot_utility_unit.py" line="468" time="0.003" /><testcase classname="azext_iot.tests.utility.test_iot_utility_unit.TestProcessTop" name="test_process_top_error[0-0]" file="azext_iot/tests/utility/test_iot_utility_unit.py" line="468" time="0.003" /><testcase classname="azext_iot.tests.utility.test_monitor_parsers_unit.TestGwV2MonitorRouting" name="test_c2d_send_uses_service_hostname" file="azext_iot/tests/utility/test_monitor_parsers_unit.py" line="43" time="0.009" /><testcase classname="azext_iot.tests.utility.test_monitor_parsers_unit.TestGwV2MonitorRouting" name="test_c2d_sas_audience_uses_service_hostname" file="azext_iot/tests/utility/test_monitor_parsers_unit.py" line="55" time="0.005" /><testcase classname="azext_iot.tests.utility.test_monitor_parsers_unit.TestGwV2MonitorRouting" name="test_event_redirect_uses_service_hostname" file="azext_iot/tests/utility/test_monitor_parsers_unit.py" line="66" time="0.004" /><testcase classname="azext_iot.tests.utility.test_monitor_parsers_unit.TestCommonParser" name="test_parse_message_should_succeed[iothub-interface-name-device-id-utf-8-application/json-interface_name-component_name-module-id-payload0-properties0-app_properties0]" file="azext_iot/tests/utility/test_monitor_parsers_unit.py" line="161" time="0.005" /><testcase classname="azext_iot.tests.utility.test_monitor_parsers_unit.TestCommonParser" name="test_parse_message_should_succeed[iothub-interface-name-device-id-utf-8-application/json-interface_name-component_name--payload1-properties1-app_properties1]" file="azext_iot/tests/utility/test_monitor_parsers_unit.py" line="161" time="0.004" /><testcase classname="azext_iot.tests.utility.test_monitor_parsers_unit.TestCommonParser" name="test_parse_message_should_succeed[iothub-interface-name-device-id-utf-8-application/json-interface_name---payload2-properties2-app_properties2]" file="azext_iot/tests/utility/test_monitor_parsers_unit.py" line="161" time="0.006" /><testcase classname="azext_iot.tests.utility.test_monitor_parsers_unit.TestCommonParser" name="test_parse_message_should_succeed[iothub-interface-name-device-id-utf-8-application/json----payload3-properties3-app_properties3]" file="azext_iot/tests/utility/test_monitor_parsers_unit.py" line="161" time="0.005" /><testcase classname="azext_iot.tests.utility.test_monitor_parsers_unit.TestCommonParser" name="test_parse_message_should_succeed[iothub-interface-name-device-id-utf-8-application/json----payload4-properties4-app_properties4]" file="azext_iot/tests/utility/test_monitor_parsers_unit.py" line="161" time="0.004" /><testcase classname="azext_iot.tests.utility.test_monitor_parsers_unit.TestCommonParser" name="test_parse_message_should_succeed[iothub-interface-name-device-id-utf-8-application/json----payload5-properties5-app_properties5]" file="azext_iot/tests/utility/test_monitor_parsers_unit.py" line="161" time="0.004" /><testcase classname="azext_iot.tests.utility.test_monitor_parsers_unit.TestCommonParser" name="test_parse_message_should_succeed[iothub-interface-name-device-id-utf-8-application/json----payload6-properties6-app_properties6]" file="azext_iot/tests/utility/test_monitor_parsers_unit.py" line="161" time="0.004" /><testcase classname="azext_iot.tests.utility.test_monitor_parsers_unit.TestCommonParser" name="test_parse_message_should_succeed[dt-dataschema-device-id-utf-8-application/json-interface_name-component_name-module-id-payload0-properties0-app_properties0]" file="azext_iot/tests/utility/test_monitor_parsers_unit.py" line="161" time="0.005" /><testcase classname="azext_iot.tests.utility.test_monitor_parsers_unit.TestCommonParser" name="test_parse_message_should_succeed[dt-dataschema-device-id-utf-8-application/json-interface_name-component_name--payload1-properties1-app_properties1]" file="azext_iot/tests/utility/test_monitor_parsers_unit.py" line="161" time="0.005" /><testcase classname="azext_iot.tests.utility.test_monitor_parsers_unit.TestCommonParser" name="test_parse_message_should_succeed[dt-dataschema-device-id-utf-8-application/json-interface_name---payload2-properties2-app_properties2]" file="azext_iot/tests/utility/test_monitor_parsers_unit.py" line="161" time="0.005" /><testcase classname="azext_iot.tests.utility.test_monitor_parsers_unit.TestCommonParser" name="test_parse_message_should_succeed[dt-dataschema-device-id-utf-8-application/json----payload3-properties3-app_properties3]" file="azext_iot/tests/utility/test_monitor_parsers_unit.py" line="161" time="0.005" /><testcase classname="azext_iot.tests.utility.test_monitor_parsers_unit.TestCommonParser" name="test_parse_message_should_succeed[dt-dataschema-device-id-utf-8-application/json----payload4-properties4-app_properties4]" file="azext_iot/tests/utility/test_monitor_parsers_unit.py" line="161" time="0.006" /><testcase classname="azext_iot.tests.utility.test_monitor_parsers_unit.TestCommonParser" name="test_parse_message_should_succeed[dt-dataschema-device-id-utf-8-application/json----payload5-properties5-app_properties5]" file="azext_iot/tests/utility/test_monitor_parsers_unit.py" line="161" time="0.005" /><testcase classname="azext_iot.tests.utility.test_monitor_parsers_unit.TestCommonParser" name="test_parse_message_should_succeed[dt-dataschema-device-id-utf-8-application/json----payload6-properties6-app_properties6]" file="azext_iot/tests/utility/test_monitor_parsers_unit.py" line="161" time="0.004" /><testcase classname="azext_iot.tests.utility.test_monitor_parsers_unit.TestCommonParser" name="test_parse_message_bad_content_type_should_warn" file="azext_iot/tests/utility/test_monitor_parsers_unit.py" line="304" time="0.003" /><testcase classname="azext_iot.tests.utility.test_monitor_parsers_unit.TestCommonParser" name="test_parse_bad_type_and_bad_payload_should_error" file="azext_iot/tests/utility/test_monitor_parsers_unit.py" line="334" time="0.004" /><testcase classname="azext_iot.tests.utility.test_monitor_parsers_unit.TestCommonParser" name="test_parse_message_bad_encoding_should_warn" file="azext_iot/tests/utility/test_monitor_parsers_unit.py" line="363" time="0.003" /><testcase classname="azext_iot.tests.utility.test_monitor_parsers_unit.TestCommonParser" name="test_parse_message_bad_json_should_fail" file="azext_iot/tests/utility/test_monitor_parsers_unit.py" line="381" time="0.004" /><testcase classname="azext_iot.tests.utility.test_monitor_parsers_unit.TestCentralParser" name="test_parse_message_bad_field_name_should_fail" file="azext_iot/tests/utility/test_monitor_parsers_unit.py" line="420" time="0.005" /><testcase classname="azext_iot.tests.utility.test_monitor_parsers_unit.TestCentralParser" name="test_validate_against_template_should_fail" file="azext_iot/tests/utility/test_monitor_parsers_unit.py" line="456" time="0.005" /><testcase classname="azext_iot.tests.utility.test_monitor_parsers_unit.TestCentralParser" name="test_validate_against_no_component_template_should_fail" file="azext_iot/tests/utility/test_monitor_parsers_unit.py" line="493" time="0.005" /><testcase classname="azext_iot.tests.utility.test_monitor_parsers_unit.TestCentralParser" name="test_validate_against_invalid_component_template_should_fail" file="azext_iot/tests/utility/test_monitor_parsers_unit.py" line="535" time="0.006" /><testcase classname="azext_iot.tests.utility.test_monitor_parsers_unit.TestCentralParser" name="test_validate_invalid_telmetry_component_template_should_fail" file="azext_iot/tests/utility/test_monitor_parsers_unit.py" line="581" time="0.004" /><testcase classname="azext_iot.tests.utility.test_monitor_parsers_unit.TestCentralParser" name="test_validate_against_bad_template_should_not_throw" file="azext_iot/tests/utility/test_monitor_parsers_unit.py" line="630" time="0.006" /><testcase classname="azext_iot.tests.utility.test_monitor_parsers_unit.TestCentralParser" name="test_type_mismatch_should_error" file="azext_iot/tests/utility/test_monitor_parsers_unit.py" line="665" time="0.005" /><testcase classname="azext_iot.tests.utility.test_monitor_parsers_unit.TestMonitorProxySupport" name="test_get_http_proxy_settings_prefers_https" file="azext_iot/tests/utility/test_monitor_parsers_unit.py" line="726" time="0.003" /><testcase classname="azext_iot.tests.utility.test_monitor_parsers_unit.TestMonitorProxySupport" name="test_get_http_proxy_settings_falls_back_to_http" file="azext_iot/tests/utility/test_monitor_parsers_unit.py" line="735" time="0.003" /><testcase classname="azext_iot.tests.utility.test_monitor_parsers_unit.TestMonitorProxySupport" name="test_get_http_proxy_settings_returns_none_for_invalid" file="azext_iot/tests/utility/test_monitor_parsers_unit.py" line="749" time="0.004" /><testcase classname="azext_iot.tests.utility.test_monitor_parsers_unit.TestMonitorProxySupport" name="test_initiate_event_monitor_passes_http_proxy" file="azext_iot/tests/utility/test_monitor_parsers_unit.py" line="768" time="0.006" /><testcase classname="azext_iot.tests.utility.test_monitor_parsers_unit.TestMonitorProxySupport" name="test_query_partition_count_passes_http_proxy" file="azext_iot/tests/utility/test_monitor_parsers_unit.py" line="817" time="0.005" /><testcase classname="azext_iot.tests.utility.test_monitor_parsers_unit.TestMonitorProxySupport" name="test_transport_amqp_ws_sets_websocket_without_proxy" file="azext_iot/tests/utility/test_monitor_parsers_unit.py" line="853" time="0.005" /><testcase classname="azext_iot.tests.utility.test_monitor_parsers_unit.TestMonitorProxySupport" name="test_transport_amqp_does_not_set_websocket" file="azext_iot/tests/utility/test_monitor_parsers_unit.py" line="894" time="0.279" /></testsuite></testsuites>