<?xml version="1.0" encoding="utf-8"?><testsuites><testsuite name="pytest" errors="0" failures="0" skipped="0" tests="1058" time="122.377" timestamp="2021-04-13T14:14:00.418700" hostname="DESKTOP-R6JGIL5"><testcase classname="azext_iot.tests.central.test_iot_central_unit.TestCentralHelpers" name="test_get_iot_central_tokens" file="..\..\azure-iot-cli-extension-dev\azext_iot\tests\central\test_iot_central_unit.py" line="98" time="0.016" /><testcase classname="azext_iot.tests.central.test_iot_central_unit.TestCentralHelpers" name="test_get_aad_token" file="..\..\azure-iot-cli-extension-dev\azext_iot\tests\central\test_iot_central_unit.py" line="110" time="0.007" /><testcase classname="azext_iot.tests.central.test_iot_central_unit.TestDeviceTwinShow" name="test_device_twin_show_calls_get_twin" file="..\..\azure-iot-cli-extension-dev\azext_iot\tests\central\test_iot_central_unit.py" line="142" time="0.161" /><testcase classname="azext_iot.tests.central.test_iot_central_unit.TestMonitorEvents" name="test_monitor_events_invalid_args[-1-CLIError]" file="..\..\azure-iot-cli-extension-dev\azext_iot\tests\central\test_iot_central_unit.py" line="148" time="0.060" /><testcase classname="azext_iot.tests.central.test_iot_central_unit.TestCentralDeviceProvider" name="test_should_return_device" file="..\..\azure-iot-cli-extension-dev\azext_iot\tests\central\test_iot_central_unit.py" line="158" time="0.008" /><testcase classname="azext_iot.tests.central.test_iot_central_unit.TestCentralDeviceProvider" name="test_should_return_device_template" file="..\..\azure-iot-cli-extension-dev\azext_iot\tests\central\test_iot_central_unit.py" line="174" time="0.007" /><testcase classname="azext_iot.tests.central.test_iot_central_unit.TestCentralPropertyMonitor" name="test_should_return_updated_properties" file="..\..\azure-iot-cli-extension-dev\azext_iot\tests\central\test_iot_central_unit.py" line="203" time="0.065" /><testcase classname="azext_iot.tests.central.test_iot_central_unit.TestCentralPropertyMonitor" name="test_should_return_no_properties" file="..\..\azure-iot-cli-extension-dev\azext_iot\tests\central\test_iot_central_unit.py" line="246" time="0.014" /><testcase classname="azext_iot.tests.central.test_iot_central_unit.TestCentralPropertyMonitor" name="test_validate_properties_declared_multiple_interfaces" file="..\..\azure-iot-cli-extension-dev\azext_iot\tests\central\test_iot_central_unit.py" line="271" time="0.015" /><testcase classname="azext_iot.tests.central.test_iot_central_unit.TestCentralPropertyMonitor" name="test_validate_properties_name_miss_under_interface" file="..\..\azure-iot-cli-extension-dev\azext_iot\tests\central\test_iot_central_unit.py" line="312" time="0.016" /><testcase classname="azext_iot.tests.central.test_iot_central_unit.TestCentralPropertyMonitor" name="test_validate_properties_severity_level" file="..\..\azure-iot-cli-extension-dev\azext_iot\tests\central\test_iot_central_unit.py" line="349" time="0.011" /><testcase classname="azext_iot.tests.central.test_iot_central_unit.TestCentralPropertyMonitor" name="test_validate_properties_name_miss_under_component" file="..\..\azure-iot-cli-extension-dev\azext_iot\tests\central\test_iot_central_unit.py" line="394" time="0.005" /><testcase classname="azext_iot.tests.central.test_iot_central_validator_unit.TestTemplateValidations" name="test_template_interface_list" file="..\..\azure-iot-cli-extension-dev\azext_iot\tests\central\test_iot_central_validator_unit.py" line="17" time="0.004" /><testcase classname="azext_iot.tests.central.test_iot_central_validator_unit.TestTemplateValidations" name="test_template_component_list" file="..\..\azure-iot-cli-extension-dev\azext_iot\tests\central\test_iot_central_validator_unit.py" line="32" time="0.005" /><testcase classname="azext_iot.tests.central.test_iot_central_validator_unit.TestExtractSchemaType" name="test_extract_schema_type_component" file="..\..\azure-iot-cli-extension-dev\azext_iot\tests\central\test_iot_central_validator_unit.py" line="47" time="0.004" /><testcase classname="azext_iot.tests.central.test_iot_central_validator_unit.TestExtractSchemaType" name="test_extract_schema_type_component_identifier" file="..\..\azure-iot-cli-extension-dev\azext_iot\tests\central\test_iot_central_validator_unit.py" line="62" time="0.005" /><testcase classname="azext_iot.tests.central.test_iot_central_validator_unit.TestExtractSchemaType" name="test_extract_schema_type" file="..\..\azure-iot-cli-extension-dev\azext_iot\tests\central\test_iot_central_validator_unit.py" line="79" time="0.003" /><testcase classname="azext_iot.tests.central.test_iot_central_validator_unit.TestPrimitiveValidations" name="test_boolean[True-True]" file="..\..\azure-iot-cli-extension-dev\azext_iot\tests\central\test_iot_central_validator_unit.py" line="104" time="0.003" /><testcase classname="azext_iot.tests.central.test_iot_central_validator_unit.TestPrimitiveValidations" name="test_boolean[False-True]" file="..\..\azure-iot-cli-extension-dev\azext_iot\tests\central\test_iot_central_validator_unit.py" line="104" time="0.002" /><testcase classname="azext_iot.tests.central.test_iot_central_validator_unit.TestPrimitiveValidations" name="test_boolean[False-False]" file="..\..\azure-iot-cli-extension-dev\azext_iot\tests\central\test_iot_central_validator_unit.py" line="104" time="0.005" /><testcase classname="azext_iot.tests.central.test_iot_central_validator_unit.TestPrimitiveValidations" name="test_boolean[True-False]" file="..\..\azure-iot-cli-extension-dev\azext_iot\tests\central\test_iot_central_validator_unit.py" line="104" time="0.004" /><testcase classname="azext_iot.tests.central.test_iot_central_validator_unit.TestPrimitiveValidations" name="test_boolean[1-False]" file="..\..\azure-iot-cli-extension-dev\azext_iot\tests\central\test_iot_central_validator_unit.py" line="104" time="0.003" /><testcase classname="azext_iot.tests.central.test_iot_central_validator_unit.TestPrimitiveValidations" name="test_boolean[0-False]" file="..\..\azure-iot-cli-extension-dev\azext_iot\tests\central\test_iot_central_validator_unit.py" line="104" time="0.004" /><testcase classname="azext_iot.tests.central.test_iot_central_validator_unit.TestPrimitiveValidations" name="test_double_float_long[1-True]" file="..\..\azure-iot-cli-extension-dev\azext_iot\tests\central\test_iot_central_validator_unit.py" line="118" time="0.008" /><testcase classname="azext_iot.tests.central.test_iot_central_validator_unit.TestPrimitiveValidations" name="test_double_float_long[-1-True]" file="..\..\azure-iot-cli-extension-dev\azext_iot\tests\central\test_iot_central_validator_unit.py" line="118" time="0.003" /><testcase classname="azext_iot.tests.central.test_iot_central_validator_unit.TestPrimitiveValidations" name="test_double_float_long[1.1-True]" file="..\..\azure-iot-cli-extension-dev\azext_iot\tests\central\test_iot_central_validator_unit.py" line="118" time="0.009" /><testcase classname="azext_iot.tests.central.test_iot_central_validator_unit.TestPrimitiveValidations" name="test_double_float_long[1-False]" file="..\..\azure-iot-cli-extension-dev\azext_iot\tests\central\test_iot_central_validator_unit.py" line="118" time="0.004" /><testcase classname="azext_iot.tests.central.test_iot_central_validator_unit.TestPrimitiveValidations" name="test_double_float_long[1.1-False]" file="..\..\azure-iot-cli-extension-dev\azext_iot\tests\central\test_iot_central_validator_unit.py" line="118" time="0.014" /><testcase classname="azext_iot.tests.central.test_iot_central_validator_unit.TestPrimitiveValidations" name="test_int[1-True]" file="..\..\azure-iot-cli-extension-dev\azext_iot\tests\central\test_iot_central_validator_unit.py" line="127" time="0.007" /><testcase classname="azext_iot.tests.central.test_iot_central_validator_unit.TestPrimitiveValidations" name="test_int[-1-True]" file="..\..\azure-iot-cli-extension-dev\azext_iot\tests\central\test_iot_central_validator_unit.py" line="127" time="0.004" /><testcase classname="azext_iot.tests.central.test_iot_central_validator_unit.TestPrimitiveValidations" name="test_int[1.1-False0]" file="..\..\azure-iot-cli-extension-dev\azext_iot\tests\central\test_iot_central_validator_unit.py" line="127" time="0.004" /><testcase classname="azext_iot.tests.central.test_iot_central_validator_unit.TestPrimitiveValidations" name="test_int[1-False]" file="..\..\azure-iot-cli-extension-dev\azext_iot\tests\central\test_iot_central_validator_unit.py" line="127" time="0.005" /><testcase classname="azext_iot.tests.central.test_iot_central_validator_unit.TestPrimitiveValidations" name="test_int[1.1-False1]" file="..\..\azure-iot-cli-extension-dev\azext_iot\tests\central\test_iot_central_validator_unit.py" line="127" time="0.008" /><testcase classname="azext_iot.tests.central.test_iot_central_validator_unit.TestPrimitiveValidations" name="test_str[a-True]" file="..\..\azure-iot-cli-extension-dev\azext_iot\tests\central\test_iot_central_validator_unit.py" line="134" time="0.009" /><testcase classname="azext_iot.tests.central.test_iot_central_validator_unit.TestPrimitiveValidations" name="test_str[asd-True]" file="..\..\azure-iot-cli-extension-dev\azext_iot\tests\central\test_iot_central_validator_unit.py" line="134" time="0.004" /><testcase classname="azext_iot.tests.central.test_iot_central_validator_unit.TestPrimitiveValidations" name="test_str[1-False]" file="..\..\azure-iot-cli-extension-dev\azext_iot\tests\central\test_iot_central_validator_unit.py" line="134" time="0.009" /><testcase classname="azext_iot.tests.central.test_iot_central_validator_unit.TestPrimitiveValidations" name="test_str[True-False]" file="..\..\azure-iot-cli-extension-dev\azext_iot\tests\central\test_iot_central_validator_unit.py" line="134" time="0.004" /><testcase classname="azext_iot.tests.central.test_iot_central_validator_unit.TestPrimitiveValidations" name="test_empty" file="..\..\azure-iot-cli-extension-dev\azext_iot\tests\central\test_iot_central_validator_unit.py" line="142" time="0.004" /><testcase classname="azext_iot.tests.central.test_iot_central_validator_unit.TestDateTimeValidations" name="test_is_iso8601_date_pass[20200101]" file="..\..\azure-iot-cli-extension-dev\azext_iot\tests\central\test_iot_central_validator_unit.py" line="152" time="0.004" /><testcase classname="azext_iot.tests.central.test_iot_central_validator_unit.TestDateTimeValidations" name="test_is_iso8601_date_pass[20200101Z]" file="..\..\azure-iot-cli-extension-dev\azext_iot\tests\central\test_iot_central_validator_unit.py" line="152" time="0.008" /><testcase classname="azext_iot.tests.central.test_iot_central_validator_unit.TestDateTimeValidations" name="test_is_iso8601_date_pass[2020-01-01]" file="..\..\azure-iot-cli-extension-dev\azext_iot\tests\central\test_iot_central_validator_unit.py" line="152" time="0.007" /><testcase classname="azext_iot.tests.central.test_iot_central_validator_unit.TestDateTimeValidations" name="test_is_iso8601_date_pass[2020-01-01Z]" file="..\..\azure-iot-cli-extension-dev\azext_iot\tests\central\test_iot_central_validator_unit.py" line="152" time="0.004" /><testcase classname="azext_iot.tests.central.test_iot_central_validator_unit.TestDateTimeValidations" name="test_is_iso8601_datetime_pass[20200101T00:00:00]" file="..\..\azure-iot-cli-extension-dev\azext_iot\tests\central\test_iot_central_validator_unit.py" line="158" time="0.005" /><testcase classname="azext_iot.tests.central.test_iot_central_validator_unit.TestDateTimeValidations" name="test_is_iso8601_datetime_pass[20200101T000000]" file="..\..\azure-iot-cli-extension-dev\azext_iot\tests\central\test_iot_central_validator_unit.py" line="158" time="0.004" /><testcase classname="azext_iot.tests.central.test_iot_central_validator_unit.TestDateTimeValidations" name="test_is_iso8601_datetime_pass[2020-01-01T00:00:00]" file="..\..\azure-iot-cli-extension-dev\azext_iot\tests\central\test_iot_central_validator_unit.py" line="158" time="0.006" /><testcase classname="azext_iot.tests.central.test_iot_central_validator_unit.TestDateTimeValidations" name="test_is_iso8601_datetime_pass[2020-01-01T00:00:00Z]" file="..\..\azure-iot-cli-extension-dev\azext_iot\tests\central\test_iot_central_validator_unit.py" line="158" time="0.005" /><testcase classname="azext_iot.tests.central.test_iot_central_validator_unit.TestDateTimeValidations" name="test_is_iso8601_datetime_pass[2020-01-01T00:00:00.00]" file="..\..\azure-iot-cli-extension-dev\azext_iot\tests\central\test_iot_central_validator_unit.py" line="158" time="0.005" /><testcase classname="azext_iot.tests.central.test_iot_central_validator_unit.TestDateTimeValidations" name="test_is_iso8601_datetime_pass[2020-01-01T00:00:00.00Z]" file="..\..\azure-iot-cli-extension-dev\azext_iot\tests\central\test_iot_central_validator_unit.py" line="158" time="0.009" /><testcase classname="azext_iot.tests.central.test_iot_central_validator_unit.TestDateTimeValidations" name="test_is_iso8601_datetime_pass[2020-01-01T00:00:00.00+08:30]" file="..\..\azure-iot-cli-extension-dev\azext_iot\tests\central\test_iot_central_validator_unit.py" line="158" time="0.007" /><testcase classname="azext_iot.tests.central.test_iot_central_validator_unit.TestDateTimeValidations" name="test_is_iso8601_duration_pass[P32DT7.592380349524318S]" file="..\..\azure-iot-cli-extension-dev\azext_iot\tests\central\test_iot_central_validator_unit.py" line="173" time="0.004" /><testcase classname="azext_iot.tests.central.test_iot_central_validator_unit.TestDateTimeValidations" name="test_is_iso8601_duration_pass[P32DT7S]" file="..\..\azure-iot-cli-extension-dev\azext_iot\tests\central\test_iot_central_validator_unit.py" line="173" time="0.003" /><testcase classname="azext_iot.tests.central.test_iot_central_validator_unit.TestDateTimeValidations" name="test_is_iso8601_time_pass[00:00:00+08:30]" file="..\..\azure-iot-cli-extension-dev\azext_iot\tests\central\test_iot_central_validator_unit.py" line="177" time="0.007" /><testcase classname="azext_iot.tests.central.test_iot_central_validator_unit.TestDateTimeValidations" name="test_is_iso8601_time_pass[00:00:00Z]" file="..\..\azure-iot-cli-extension-dev\azext_iot\tests\central\test_iot_central_validator_unit.py" line="177" time="0.003" /><testcase classname="azext_iot.tests.central.test_iot_central_validator_unit.TestDateTimeValidations" name="test_is_iso8601_time_pass[00:00:00.123Z]" file="..\..\azure-iot-cli-extension-dev\azext_iot\tests\central\test_iot_central_validator_unit.py" line="177" time="0.006" /><testcase classname="azext_iot.tests.central.test_iot_central_validator_unit.TestDateTimeValidations" name="test_is_iso8601_date_fail[2020-13-35]" file="..\..\azure-iot-cli-extension-dev\azext_iot\tests\central\test_iot_central_validator_unit.py" line="184" time="0.005" /><testcase classname="azext_iot.tests.central.test_iot_central_validator_unit.TestDateTimeValidations" name="test_is_iso8601_date_fail[asd]" file="..\..\azure-iot-cli-extension-dev\azext_iot\tests\central\test_iot_central_validator_unit.py" line="184" time="0.005" /><testcase classname="azext_iot.tests.central.test_iot_central_validator_unit.TestDateTimeValidations" name="test_is_iso8601_date_fail[]" file="..\..\azure-iot-cli-extension-dev\azext_iot\tests\central\test_iot_central_validator_unit.py" line="184" time="0.006" /><testcase classname="azext_iot.tests.central.test_iot_central_validator_unit.TestDateTimeValidations" name="test_is_iso8601_date_fail[123.4]" file="..\..\azure-iot-cli-extension-dev\azext_iot\tests\central\test_iot_central_validator_unit.py" line="184" time="0.011" /><testcase classname="azext_iot.tests.central.test_iot_central_validator_unit.TestDateTimeValidations" name="test_is_iso8601_date_fail[123]" file="..\..\azure-iot-cli-extension-dev\azext_iot\tests\central\test_iot_central_validator_unit.py" line="184" time="0.009" /><testcase classname="azext_iot.tests.central.test_iot_central_validator_unit.TestDateTimeValidations" name="test_is_iso8601_date_fail[True]" file="..\..\azure-iot-cli-extension-dev\azext_iot\tests\central\test_iot_central_validator_unit.py" line="184" time="0.004" /><testcase classname="azext_iot.tests.central.test_iot_central_validator_unit.TestDateTimeValidations" name="test_is_iso8601_date_fail[False]" file="..\..\azure-iot-cli-extension-dev\azext_iot\tests\central\test_iot_central_validator_unit.py" line="184" time="0.009" /><testcase classname="azext_iot.tests.central.test_iot_central_validator_unit.TestDateTimeValidations" name="test_is_iso8601_datetime_fail[2020-13-35]" file="..\..\azure-iot-cli-extension-dev\azext_iot\tests\central\test_iot_central_validator_unit.py" line="190" time="0.009" /><testcase classname="azext_iot.tests.central.test_iot_central_validator_unit.TestDateTimeValidations" name="test_is_iso8601_datetime_fail[2020-00-00T]" file="..\..\azure-iot-cli-extension-dev\azext_iot\tests\central\test_iot_central_validator_unit.py" line="190" time="0.009" /><testcase classname="azext_iot.tests.central.test_iot_central_validator_unit.TestDateTimeValidations" name="test_is_iso8601_datetime_fail[asd]" file="..\..\azure-iot-cli-extension-dev\azext_iot\tests\central\test_iot_central_validator_unit.py" line="190" time="0.006" /><testcase classname="azext_iot.tests.central.test_iot_central_validator_unit.TestDateTimeValidations" name="test_is_iso8601_datetime_fail[]" file="..\..\azure-iot-cli-extension-dev\azext_iot\tests\central\test_iot_central_validator_unit.py" line="190" time="0.013" /><testcase classname="azext_iot.tests.central.test_iot_central_validator_unit.TestDateTimeValidations" name="test_is_iso8601_datetime_fail[123.4]" file="..\..\azure-iot-cli-extension-dev\azext_iot\tests\central\test_iot_central_validator_unit.py" line="190" time="0.006" /><testcase classname="azext_iot.tests.central.test_iot_central_validator_unit.TestDateTimeValidations" name="test_is_iso8601_datetime_fail[123]" file="..\..\azure-iot-cli-extension-dev\azext_iot\tests\central\test_iot_central_validator_unit.py" line="190" time="0.006" /><testcase classname="azext_iot.tests.central.test_iot_central_validator_unit.TestDateTimeValidations" name="test_is_iso8601_datetime_fail[True]" file="..\..\azure-iot-cli-extension-dev\azext_iot\tests\central\test_iot_central_validator_unit.py" line="190" time="0.004" /><testcase classname="azext_iot.tests.central.test_iot_central_validator_unit.TestDateTimeValidations" name="test_is_iso8601_datetime_fail[False]" file="..\..\azure-iot-cli-extension-dev\azext_iot\tests\central\test_iot_central_validator_unit.py" line="190" time="0.009" /><testcase classname="azext_iot.tests.central.test_iot_central_validator_unit.TestDateTimeValidations" name="test_is_iso8601_duration_fail[2020-01]" file="..\..\azure-iot-cli-extension-dev\azext_iot\tests\central\test_iot_central_validator_unit.py" line="194" time="0.007" /><testcase classname="azext_iot.tests.central.test_iot_central_validator_unit.TestDateTimeValidations" name="test_is_iso8601_duration_fail[asd]" file="..\..\azure-iot-cli-extension-dev\azext_iot\tests\central\test_iot_central_validator_unit.py" line="194" time="0.005" /><testcase classname="azext_iot.tests.central.test_iot_central_validator_unit.TestDateTimeValidations" name="test_is_iso8601_duration_fail[]" file="..\..\azure-iot-cli-extension-dev\azext_iot\tests\central\test_iot_central_validator_unit.py" line="194" time="0.014" /><testcase classname="azext_iot.tests.central.test_iot_central_validator_unit.TestDateTimeValidations" name="test_is_iso8601_duration_fail[123.4]" file="..\..\azure-iot-cli-extension-dev\azext_iot\tests\central\test_iot_central_validator_unit.py" line="194" time="0.004" /><testcase classname="azext_iot.tests.central.test_iot_central_validator_unit.TestDateTimeValidations" name="test_is_iso8601_duration_fail[123]" file="..\..\azure-iot-cli-extension-dev\azext_iot\tests\central\test_iot_central_validator_unit.py" line="194" time="0.005" /><testcase classname="azext_iot.tests.central.test_iot_central_validator_unit.TestDateTimeValidations" name="test_is_iso8601_duration_fail[True]" file="..\..\azure-iot-cli-extension-dev\azext_iot\tests\central\test_iot_central_validator_unit.py" line="194" time="0.008" /><testcase classname="azext_iot.tests.central.test_iot_central_validator_unit.TestDateTimeValidations" name="test_is_iso8601_duration_fail[False]" file="..\..\azure-iot-cli-extension-dev\azext_iot\tests\central\test_iot_central_validator_unit.py" line="194" time="0.008" /><testcase classname="azext_iot.tests.central.test_iot_central_validator_unit.TestDateTimeValidations" name="test_is_iso8601_time_fail[asd]" file="..\..\azure-iot-cli-extension-dev\azext_iot\tests\central\test_iot_central_validator_unit.py" line="198" time="0.007" /><testcase classname="azext_iot.tests.central.test_iot_central_validator_unit.TestDateTimeValidations" name="test_is_iso8601_time_fail[]" file="..\..\azure-iot-cli-extension-dev\azext_iot\tests\central\test_iot_central_validator_unit.py" line="198" time="0.008" /><testcase classname="azext_iot.tests.central.test_iot_central_validator_unit.TestDateTimeValidations" name="test_is_iso8601_time_fail[123.4]" file="..\..\azure-iot-cli-extension-dev\azext_iot\tests\central\test_iot_central_validator_unit.py" line="198" time="0.004" /><testcase classname="azext_iot.tests.central.test_iot_central_validator_unit.TestDateTimeValidations" name="test_is_iso8601_time_fail[123]" file="..\..\azure-iot-cli-extension-dev\azext_iot\tests\central\test_iot_central_validator_unit.py" line="198" time="0.006" /><testcase classname="azext_iot.tests.central.test_iot_central_validator_unit.TestDateTimeValidations" name="test_is_iso8601_time_fail[True]" file="..\..\azure-iot-cli-extension-dev\azext_iot\tests\central\test_iot_central_validator_unit.py" line="198" time="0.004" /><testcase classname="azext_iot.tests.central.test_iot_central_validator_unit.TestDateTimeValidations" name="test_is_iso8601_time_fail[False]" file="..\..\azure-iot-cli-extension-dev\azext_iot\tests\central\test_iot_central_validator_unit.py" line="198" time="0.004" /><testcase classname="azext_iot.tests.central.test_iot_central_validator_unit.TestPredefinedComplexType" name="test_geopoint[value0-True]" file="..\..\azure-iot-cli-extension-dev\azext_iot\tests\central\test_iot_central_validator_unit.py" line="204" time="0.014" /><testcase classname="azext_iot.tests.central.test_iot_central_validator_unit.TestPredefinedComplexType" name="test_geopoint[value1-True]" file="..\..\azure-iot-cli-extension-dev\azext_iot\tests\central\test_iot_central_validator_unit.py" line="204" time="0.007" /><testcase classname="azext_iot.tests.central.test_iot_central_validator_unit.TestPredefinedComplexType" name="test_geopoint[value2-True]" file="..\..\azure-iot-cli-extension-dev\azext_iot\tests\central\test_iot_central_validator_unit.py" line="204" time="0.004" /><testcase classname="azext_iot.tests.central.test_iot_central_validator_unit.TestPredefinedComplexType" name="test_geopoint[value3-False]" file="..\..\azure-iot-cli-extension-dev\azext_iot\tests\central\test_iot_central_validator_unit.py" line="204" time="0.004" /><testcase classname="azext_iot.tests.central.test_iot_central_validator_unit.TestPredefinedComplexType" name="test_geopoint[value4-False]" file="..\..\azure-iot-cli-extension-dev\azext_iot\tests\central\test_iot_central_validator_unit.py" line="204" time="0.004" /><testcase classname="azext_iot.tests.central.test_iot_central_validator_unit.TestPredefinedComplexType" name="test_geopoint[value5-False]" file="..\..\azure-iot-cli-extension-dev\azext_iot\tests\central\test_iot_central_validator_unit.py" line="204" time="0.005" /><testcase classname="azext_iot.tests.central.test_iot_central_validator_unit.TestPredefinedComplexType" name="test_geopoint[value6-False]" file="..\..\azure-iot-cli-extension-dev\azext_iot\tests\central\test_iot_central_validator_unit.py" line="204" time="0.004" /><testcase classname="azext_iot.tests.central.test_iot_central_validator_unit.TestPredefinedComplexType" name="test_geopoint[value7-False]" file="..\..\azure-iot-cli-extension-dev\azext_iot\tests\central\test_iot_central_validator_unit.py" line="204" time="0.008" /><testcase classname="azext_iot.tests.central.test_iot_central_validator_unit.TestPredefinedComplexType" name="test_geopoint[value8-False]" file="..\..\azure-iot-cli-extension-dev\azext_iot\tests\central\test_iot_central_validator_unit.py" line="204" time="0.006" /><testcase classname="azext_iot.tests.central.test_iot_central_validator_unit.TestPredefinedComplexType" name="test_vector[value0-True]" file="..\..\azure-iot-cli-extension-dev\azext_iot\tests\central\test_iot_central_validator_unit.py" line="221" time="0.010" /><testcase classname="azext_iot.tests.central.test_iot_central_validator_unit.TestPredefinedComplexType" name="test_vector[value1-True]" file="..\..\azure-iot-cli-extension-dev\azext_iot\tests\central\test_iot_central_validator_unit.py" line="221" time="0.009" /><testcase classname="azext_iot.tests.central.test_iot_central_validator_unit.TestPredefinedComplexType" name="test_vector[value2-False]" file="..\..\azure-iot-cli-extension-dev\azext_iot\tests\central\test_iot_central_validator_unit.py" line="221" time="0.011" /><testcase classname="azext_iot.tests.central.test_iot_central_validator_unit.TestPredefinedComplexType" name="test_vector[value3-False]" file="..\..\azure-iot-cli-extension-dev\azext_iot\tests\central\test_iot_central_validator_unit.py" line="221" time="0.005" /><testcase classname="azext_iot.tests.central.test_iot_central_validator_unit.TestPredefinedComplexType" name="test_vector[value4-False]" file="..\..\azure-iot-cli-extension-dev\azext_iot\tests\central\test_iot_central_validator_unit.py" line="221" time="0.006" /><testcase classname="azext_iot.tests.central.test_iot_central_validator_unit.TestPredefinedComplexType" name="test_vector[value5-False]" file="..\..\azure-iot-cli-extension-dev\azext_iot\tests\central\test_iot_central_validator_unit.py" line="221" time="0.004" /><testcase classname="azext_iot.tests.central.test_iot_central_validator_unit.TestPredefinedComplexType" name="test_vector[value6-False]" file="..\..\azure-iot-cli-extension-dev\azext_iot\tests\central\test_iot_central_validator_unit.py" line="221" time="0.008" /><testcase classname="azext_iot.tests.central.test_iot_central_validator_unit.TestPredefinedComplexType" name="test_vector[value7-False]" file="..\..\azure-iot-cli-extension-dev\azext_iot\tests\central\test_iot_central_validator_unit.py" line="221" time="0.008" /><testcase classname="azext_iot.tests.central.test_iot_central_validator_unit.TestPredefinedComplexType" name="test_vector[value8-False]" file="..\..\azure-iot-cli-extension-dev\azext_iot\tests\central\test_iot_central_validator_unit.py" line="221" time="0.008" /><testcase classname="azext_iot.tests.central.test_iot_central_validator_unit.TestComplexType" name="test_int_enum[1-True]" file="..\..\azure-iot-cli-extension-dev\azext_iot\tests\central\test_iot_central_validator_unit.py" line="240" time="0.007" /><testcase classname="azext_iot.tests.central.test_iot_central_validator_unit.TestComplexType" name="test_int_enum[2-True]" file="..\..\azure-iot-cli-extension-dev\azext_iot\tests\central\test_iot_central_validator_unit.py" line="240" time="0.011" /><testcase classname="azext_iot.tests.central.test_iot_central_validator_unit.TestComplexType" name="test_int_enum[3-False]" file="..\..\azure-iot-cli-extension-dev\azext_iot\tests\central\test_iot_central_validator_unit.py" line="240" time="0.009" /><testcase classname="azext_iot.tests.central.test_iot_central_validator_unit.TestComplexType" name="test_int_enum[1-False]" file="..\..\azure-iot-cli-extension-dev\azext_iot\tests\central\test_iot_central_validator_unit.py" line="240" time="0.012" /><testcase classname="azext_iot.tests.central.test_iot_central_validator_unit.TestComplexType" name="test_int_enum[2-False]" file="..\..\azure-iot-cli-extension-dev\azext_iot\tests\central\test_iot_central_validator_unit.py" line="240" time="0.010" /><testcase classname="azext_iot.tests.central.test_iot_central_validator_unit.TestComplexType" name="test_str_enum[A-True]" file="..\..\azure-iot-cli-extension-dev\azext_iot\tests\central\test_iot_central_validator_unit.py" line="249" time="0.005" /><testcase classname="azext_iot.tests.central.test_iot_central_validator_unit.TestComplexType" name="test_str_enum[B-True]" file="..\..\azure-iot-cli-extension-dev\azext_iot\tests\central\test_iot_central_validator_unit.py" line="249" time="0.008" /><testcase classname="azext_iot.tests.central.test_iot_central_validator_unit.TestComplexType" name="test_str_enum[C-False]" file="..\..\azure-iot-cli-extension-dev\azext_iot\tests\central\test_iot_central_validator_unit.py" line="249" time="0.006" /><testcase classname="azext_iot.tests.central.test_iot_central_validator_unit.TestComplexType" name="test_str_enum[1-False]" file="..\..\azure-iot-cli-extension-dev\azext_iot\tests\central\test_iot_central_validator_unit.py" line="249" time="0.007" /><testcase classname="azext_iot.tests.central.test_iot_central_validator_unit.TestComplexType" name="test_str_enum[2-False]" file="..\..\azure-iot-cli-extension-dev\azext_iot\tests\central\test_iot_central_validator_unit.py" line="249" time="0.010" /><testcase classname="azext_iot.tests.central.test_iot_central_validator_unit.TestComplexType" name="test_object_simple[value0-True]" file="..\..\azure-iot-cli-extension-dev\azext_iot\tests\central\test_iot_central_validator_unit.py" line="258" time="0.017" /><testcase classname="azext_iot.tests.central.test_iot_central_validator_unit.TestComplexType" name="test_object_simple[value1-False]" file="..\..\azure-iot-cli-extension-dev\azext_iot\tests\central\test_iot_central_validator_unit.py" line="258" time="0.010" /><testcase classname="azext_iot.tests.central.test_iot_central_validator_unit.TestComplexType" name="test_object_simple[value2-False]" file="..\..\azure-iot-cli-extension-dev\azext_iot\tests\central\test_iot_central_validator_unit.py" line="258" time="0.008" /><testcase classname="azext_iot.tests.central.test_iot_central_validator_unit.TestComplexType" name="test_object_simple[value3-False]" file="..\..\azure-iot-cli-extension-dev\azext_iot\tests\central\test_iot_central_validator_unit.py" line="258" time="0.006" /><testcase classname="azext_iot.tests.central.test_iot_central_validator_unit.TestComplexType" name="test_object_medium[value0-True]" file="..\..\azure-iot-cli-extension-dev\azext_iot\tests\central\test_iot_central_validator_unit.py" line="272" time="0.012" /><testcase classname="azext_iot.tests.central.test_iot_central_validator_unit.TestComplexType" name="test_object_medium[value1-True]" file="..\..\azure-iot-cli-extension-dev\azext_iot\tests\central\test_iot_central_validator_unit.py" line="272" time="0.006" /><testcase classname="azext_iot.tests.central.test_iot_central_validator_unit.TestComplexType" name="test_object_medium[value2-False]" file="..\..\azure-iot-cli-extension-dev\azext_iot\tests\central\test_iot_central_validator_unit.py" line="272" time="0.007" /><testcase classname="azext_iot.tests.central.test_iot_central_validator_unit.TestComplexType" name="test_object_medium[value3-False]" file="..\..\azure-iot-cli-extension-dev\azext_iot\tests\central\test_iot_central_validator_unit.py" line="272" time="0.006" /><testcase classname="azext_iot.tests.central.test_iot_central_validator_unit.TestComplexType" name="test_object_medium[value4-False]" file="..\..\azure-iot-cli-extension-dev\azext_iot\tests\central\test_iot_central_validator_unit.py" line="272" time="0.010" /><testcase classname="azext_iot.tests.central.test_iot_central_validator_unit.TestComplexType" name="test_object_medium[value5-False]" file="..\..\azure-iot-cli-extension-dev\azext_iot\tests\central\test_iot_central_validator_unit.py" line="272" time="0.006" /><testcase classname="azext_iot.tests.central.test_iot_central_validator_unit.TestComplexType" name="test_object_deep[value0-True]" file="..\..\azure-iot-cli-extension-dev\azext_iot\tests\central\test_iot_central_validator_unit.py" line="290" time="0.005" /><testcase classname="azext_iot.tests.central.test_iot_central_validator_unit.TestComplexType" name="test_object_deep[value1-False]" file="..\..\azure-iot-cli-extension-dev\azext_iot\tests\central\test_iot_central_validator_unit.py" line="290" time="0.007" /><testcase classname="azext_iot.tests.central.test_iot_central_validator_unit.TestComplexType" name="test_object_deep[value2-False]" file="..\..\azure-iot-cli-extension-dev\azext_iot\tests\central\test_iot_central_validator_unit.py" line="290" time="0.006" /><testcase classname="azext_iot.tests.digitaltwins.test_dt_provider_unit.TestDigitalTwinsProvider" name="test_get_endpoint[900ca750b51a4c39a0db457bab895e3e-https://900ca750b51a4c39a0db457bab895e3e.subdomain.domain]" file="azext_iot\tests\digitaltwins\test_dt_provider_unit.py" line="67" time="0.069" /><testcase classname="azext_iot.tests.digitaltwins.test_dt_provider_unit.TestDigitalTwinsProvider" name="test_get_endpoint[900ca750b51a4c39a0db457bab895e3e.subdomain.domain-https://900ca750b51a4c39a0db457bab895e3e.subdomain.domain]" file="azext_iot\tests\digitaltwins\test_dt_provider_unit.py" line="67" time="0.055" /><testcase classname="azext_iot.tests.digitaltwins.test_dt_provider_unit.TestDigitalTwinsProvider" name="test_get_endpoint[https://900ca750b51a4c39a0db457bab895e3e.domain-https://900ca750b51a4c39a0db457bab895e3e.domain]" file="azext_iot\tests\digitaltwins\test_dt_provider_unit.py" line="67" time="0.053" /><testcase classname="azext_iot.tests.digitaltwins.test_dt_provider_unit.TestDigitalTwinsProvider" name="test_get_endpoint[http://900ca750b51a4c39a0db457bab895e3e.domain-https://900ca750b51a4c39a0db457bab895e3e.domain]" file="azext_iot\tests\digitaltwins\test_dt_provider_unit.py" line="67" time="0.049" /><testcase classname="azext_iot.tests.digitaltwins.test_dt_twins_unit.TestTwinQueryTwins" name="test_query_twins[select * from digitaltwins-True-servresult0-1]" file="azext_iot\tests\digitaltwins\test_dt_twins_unit.py" line="119" time="0.076" /><testcase classname="azext_iot.tests.digitaltwins.test_dt_twins_unit.TestTwinQueryTwins" name="test_query_twins[select * from digitaltwins-False-servresult1-1]" file="azext_iot\tests\digitaltwins\test_dt_twins_unit.py" line="119" time="0.077" /><testcase classname="azext_iot.tests.digitaltwins.test_dt_twins_unit.TestTwinQueryTwins" name="test_query_twins[select * from digitaltwins-True-servresult2-1]" file="azext_iot\tests\digitaltwins\test_dt_twins_unit.py" line="119" time="0.072" /><testcase classname="azext_iot.tests.digitaltwins.test_dt_twins_unit.TestTwinQueryTwins" name="test_query_twins[select * from digitaltwins-False-servresult3-1]" file="azext_iot\tests\digitaltwins\test_dt_twins_unit.py" line="119" time="0.065" /><testcase classname="azext_iot.tests.digitaltwins.test_dt_twins_unit.TestTwinQueryTwins" name="test_query_twins[select * from digitaltwins-True-servresult4-2]" file="azext_iot\tests\digitaltwins\test_dt_twins_unit.py" line="119" time="0.078" /><testcase classname="azext_iot.tests.digitaltwins.test_dt_twins_unit.TestTwinQueryTwins" name="test_query_twins[select * from digitaltwins-True-servresult5-2]" file="azext_iot\tests\digitaltwins\test_dt_twins_unit.py" line="119" time="0.067" /><testcase classname="azext_iot.tests.digitaltwins.test_dt_twins_unit.TestTwinQueryTwins" name="test_list_relationship_error[service_client_error0]" file="azext_iot\tests\digitaltwins\test_dt_twins_unit.py" line="221" time="0.069" /><testcase classname="azext_iot.tests.digitaltwins.test_dt_twins_unit.TestTwinQueryTwins" name="test_list_relationship_error[service_client_error1]" file="azext_iot\tests\digitaltwins\test_dt_twins_unit.py" line="221" time="0.066" /><testcase classname="azext_iot.tests.digitaltwins.test_dt_twins_unit.TestTwinQueryTwins" name="test_list_relationship_error[service_client_error2]" file="azext_iot\tests\digitaltwins\test_dt_twins_unit.py" line="221" time="0.082" /><testcase classname="azext_iot.tests.digitaltwins.test_dt_twins_unit.TestTwinQueryTwins" name="test_list_relationship_error[service_client_error3]" file="azext_iot\tests\digitaltwins\test_dt_twins_unit.py" line="221" time="0.106" /><testcase classname="azext_iot.tests.digitaltwins.test_dt_twins_unit.TestTwinQueryTwins" name="test_list_relationship_error[service_client_error4]" file="azext_iot\tests\digitaltwins\test_dt_twins_unit.py" line="221" time="0.067" /><testcase classname="azext_iot.tests.digitaltwins.test_dt_twins_unit.TestTwinQueryTwins" name="test_list_relationship_error[service_client_error5]" file="azext_iot\tests\digitaltwins\test_dt_twins_unit.py" line="221" time="0.100" /><testcase classname="azext_iot.tests.digitaltwins.test_dt_twins_unit.TestTwinCreateTwin" name="test_create_twin[False-None-None]" file="azext_iot\tests\digitaltwins\test_dt_twins_unit.py" line="248" time="0.093" /><testcase classname="azext_iot.tests.digitaltwins.test_dt_twins_unit.TestTwinCreateTwin" name="test_create_twin[True-None-None]" file="azext_iot\tests\digitaltwins\test_dt_twins_unit.py" line="248" time="0.064" /><testcase classname="azext_iot.tests.digitaltwins.test_dt_twins_unit.TestTwinCreateTwin" name="test_create_twin[False-None-myrg]" file="azext_iot\tests\digitaltwins\test_dt_twins_unit.py" line="248" time="0.068" /><testcase classname="azext_iot.tests.digitaltwins.test_dt_twins_unit.TestTwinCreateTwin" name="test_create_twin[False-{&quot;a&quot;: &quot;b&quot;}-None]" file="azext_iot\tests\digitaltwins\test_dt_twins_unit.py" line="248" time="0.076" /><testcase classname="azext_iot.tests.digitaltwins.test_dt_twins_unit.TestTwinCreateTwin" name="test_create_twin[False-{&quot;a&quot;: &quot;b&quot;, &quot;c&quot;: &quot;d&quot;}-None]" file="azext_iot\tests\digitaltwins\test_dt_twins_unit.py" line="248" time="0.101" /><testcase classname="azext_iot.tests.digitaltwins.test_dt_twins_unit.TestTwinCreateTwin" name="test_create_twin_error[400]" file="azext_iot\tests\digitaltwins\test_dt_twins_unit.py" line="303" time="0.061" /><testcase classname="azext_iot.tests.digitaltwins.test_dt_twins_unit.TestTwinCreateTwin" name="test_create_twin_error[401]" file="azext_iot\tests\digitaltwins\test_dt_twins_unit.py" line="303" time="0.065" /><testcase classname="azext_iot.tests.digitaltwins.test_dt_twins_unit.TestTwinCreateTwin" name="test_create_twin_error[500]" file="azext_iot\tests\digitaltwins\test_dt_twins_unit.py" line="303" time="0.062" /><testcase classname="azext_iot.tests.digitaltwins.test_dt_twins_unit.TestTwinShowTwin" name="test_show_twin[None]" file="azext_iot\tests\digitaltwins\test_dt_twins_unit.py" line="330" time="0.077" /><testcase classname="azext_iot.tests.digitaltwins.test_dt_twins_unit.TestTwinShowTwin" name="test_show_twin[myrg]" file="azext_iot\tests\digitaltwins\test_dt_twins_unit.py" line="330" time="0.082" /><testcase classname="azext_iot.tests.digitaltwins.test_dt_twins_unit.TestTwinShowTwin" name="test_show_twin_error[400-None]" file="azext_iot\tests\digitaltwins\test_dt_twins_unit.py" line="359" time="0.066" /><testcase classname="azext_iot.tests.digitaltwins.test_dt_twins_unit.TestTwinShowTwin" name="test_show_twin_error[400-myrg]" file="azext_iot\tests\digitaltwins\test_dt_twins_unit.py" line="359" time="0.066" /><testcase classname="azext_iot.tests.digitaltwins.test_dt_twins_unit.TestTwinShowTwin" name="test_show_twin_error[401-None]" file="azext_iot\tests\digitaltwins\test_dt_twins_unit.py" line="359" time="0.070" /><testcase classname="azext_iot.tests.digitaltwins.test_dt_twins_unit.TestTwinShowTwin" name="test_show_twin_error[401-myrg]" file="azext_iot\tests\digitaltwins\test_dt_twins_unit.py" line="359" time="0.069" /><testcase classname="azext_iot.tests.digitaltwins.test_dt_twins_unit.TestTwinShowTwin" name="test_show_twin_error[500-None]" file="azext_iot\tests\digitaltwins\test_dt_twins_unit.py" line="359" time="0.064" /><testcase classname="azext_iot.tests.digitaltwins.test_dt_twins_unit.TestTwinShowTwin" name="test_show_twin_error[500-myrg]" file="azext_iot\tests\digitaltwins\test_dt_twins_unit.py" line="359" time="0.066" /><testcase classname="azext_iot.tests.digitaltwins.test_dt_twins_unit.TestTwinUpdateTwin" name="test_update_twin[{}-None-None]" file="azext_iot\tests\digitaltwins\test_dt_twins_unit.py" line="400" time="0.073" /><testcase classname="azext_iot.tests.digitaltwins.test_dt_twins_unit.TestTwinUpdateTwin" name="test_update_twin[{}-myrg-None]" file="azext_iot\tests\digitaltwins\test_dt_twins_unit.py" line="400" time="0.070" /><testcase classname="azext_iot.tests.digitaltwins.test_dt_twins_unit.TestTwinUpdateTwin" name="test_update_twin[{}-None-AAAA==]" file="azext_iot\tests\digitaltwins\test_dt_twins_unit.py" line="400" time="0.081" /><testcase classname="azext_iot.tests.digitaltwins.test_dt_twins_unit.TestTwinUpdateTwin" name="test_update_twin[{&quot;a&quot;: &quot;b&quot;}-None-None]" file="azext_iot\tests\digitaltwins\test_dt_twins_unit.py" line="400" time="0.073" /><testcase classname="azext_iot.tests.digitaltwins.test_dt_twins_unit.TestTwinUpdateTwin" name="test_update_twin[{&quot;a&quot;: &quot;b&quot;, &quot;c&quot;: &quot;d&quot;}-None-None]" file="azext_iot\tests\digitaltwins\test_dt_twins_unit.py" line="400" time="0.067" /><testcase classname="azext_iot.tests.digitaltwins.test_dt_twins_unit.TestTwinUpdateTwin" name="test_update_twin_error[service_client_error0]" file="azext_iot\tests\digitaltwins\test_dt_twins_unit.py" line="463" time="0.066" /><testcase classname="azext_iot.tests.digitaltwins.test_dt_twins_unit.TestTwinUpdateTwin" name="test_update_twin_error[service_client_error1]" file="azext_iot\tests\digitaltwins\test_dt_twins_unit.py" line="463" time="0.102" /><testcase classname="azext_iot.tests.digitaltwins.test_dt_twins_unit.TestTwinUpdateTwin" name="test_update_twin_error[service_client_error2]" file="azext_iot\tests\digitaltwins\test_dt_twins_unit.py" line="463" time="0.081" /><testcase classname="azext_iot.tests.digitaltwins.test_dt_twins_unit.TestTwinUpdateTwin" name="test_update_twin_error[service_client_error3]" file="azext_iot\tests\digitaltwins\test_dt_twins_unit.py" line="463" time="0.083" /><testcase classname="azext_iot.tests.digitaltwins.test_dt_twins_unit.TestTwinUpdateTwin" name="test_update_twin_error[service_client_error4]" file="azext_iot\tests\digitaltwins\test_dt_twins_unit.py" line="463" time="0.066" /><testcase classname="azext_iot.tests.digitaltwins.test_dt_twins_unit.TestTwinUpdateTwin" name="test_update_twin_error[service_client_error5]" file="azext_iot\tests\digitaltwins\test_dt_twins_unit.py" line="463" time="0.065" /><testcase classname="azext_iot.tests.digitaltwins.test_dt_twins_unit.TestTwinDeleteTwin" name="test_delete_twin[None-None]" file="azext_iot\tests\digitaltwins\test_dt_twins_unit.py" line="491" time="0.066" /><testcase classname="azext_iot.tests.digitaltwins.test_dt_twins_unit.TestTwinDeleteTwin" name="test_delete_twin[myrg-None]" file="azext_iot\tests\digitaltwins\test_dt_twins_unit.py" line="491" time="0.068" /><testcase classname="azext_iot.tests.digitaltwins.test_dt_twins_unit.TestTwinDeleteTwin" name="test_delete_twin[None-AAAA==]" file="azext_iot\tests\digitaltwins\test_dt_twins_unit.py" line="491" time="0.071" /><testcase classname="azext_iot.tests.digitaltwins.test_dt_twins_unit.TestTwinDeleteTwin" name="test_delete_twin_error[400-None-None]" file="azext_iot\tests\digitaltwins\test_dt_twins_unit.py" line="527" time="0.062" /><testcase classname="azext_iot.tests.digitaltwins.test_dt_twins_unit.TestTwinDeleteTwin" name="test_delete_twin_error[400-myrg-None]" file="azext_iot\tests\digitaltwins\test_dt_twins_unit.py" line="527" time="0.074" /><testcase classname="azext_iot.tests.digitaltwins.test_dt_twins_unit.TestTwinDeleteTwin" name="test_delete_twin_error[400-None-AAAA==]" file="azext_iot\tests\digitaltwins\test_dt_twins_unit.py" line="527" time="0.070" /><testcase classname="azext_iot.tests.digitaltwins.test_dt_twins_unit.TestTwinDeleteTwin" name="test_delete_twin_error[401-None-None]" file="azext_iot\tests\digitaltwins\test_dt_twins_unit.py" line="527" time="0.068" /><testcase classname="azext_iot.tests.digitaltwins.test_dt_twins_unit.TestTwinDeleteTwin" name="test_delete_twin_error[401-myrg-None]" file="azext_iot\tests\digitaltwins\test_dt_twins_unit.py" line="527" time="0.066" /><testcase classname="azext_iot.tests.digitaltwins.test_dt_twins_unit.TestTwinDeleteTwin" name="test_delete_twin_error[401-None-AAAA==]" file="azext_iot\tests\digitaltwins\test_dt_twins_unit.py" line="527" time="0.064" /><testcase classname="azext_iot.tests.digitaltwins.test_dt_twins_unit.TestTwinDeleteTwin" name="test_delete_twin_error[500-None-None]" file="azext_iot\tests\digitaltwins\test_dt_twins_unit.py" line="527" time="0.065" /><testcase classname="azext_iot.tests.digitaltwins.test_dt_twins_unit.TestTwinDeleteTwin" name="test_delete_twin_error[500-myrg-None]" file="azext_iot\tests\digitaltwins\test_dt_twins_unit.py" line="527" time="0.068" /><testcase classname="azext_iot.tests.digitaltwins.test_dt_twins_unit.TestTwinDeleteTwin" name="test_delete_twin_error[500-None-AAAA==]" file="azext_iot\tests\digitaltwins\test_dt_twins_unit.py" line="527" time="0.074" /><testcase classname="azext_iot.tests.digitaltwins.test_dt_twins_unit.TestTwinCreateRelationship" name="test_create_relationship[contains-False-None-None]" file="azext_iot\tests\digitaltwins\test_dt_twins_unit.py" line="558" time="0.073" /><testcase classname="azext_iot.tests.digitaltwins.test_dt_twins_unit.TestTwinCreateRelationship" name="test_create_relationship[-False-None-None]" file="azext_iot\tests\digitaltwins\test_dt_twins_unit.py" line="558" time="0.068" /><testcase classname="azext_iot.tests.digitaltwins.test_dt_twins_unit.TestTwinCreateRelationship" name="test_create_relationship[contains-True-None-None]" file="azext_iot\tests\digitaltwins\test_dt_twins_unit.py" line="558" time="0.065" /><testcase classname="azext_iot.tests.digitaltwins.test_dt_twins_unit.TestTwinCreateRelationship" name="test_create_relationship[contains-False-{&quot;a&quot;: &quot;b&quot;}-None]" file="azext_iot\tests\digitaltwins\test_dt_twins_unit.py" line="558" time="0.074" /><testcase classname="azext_iot.tests.digitaltwins.test_dt_twins_unit.TestTwinCreateRelationship" name="test_create_relationship[contains-False-{&quot;a&quot;: &quot;b&quot;, &quot;c&quot;: &quot;d&quot;}-None]" file="azext_iot\tests\digitaltwins\test_dt_twins_unit.py" line="558" time="0.065" /><testcase classname="azext_iot.tests.digitaltwins.test_dt_twins_unit.TestTwinCreateRelationship" name="test_create_relationship[contains-False-None-myrg]" file="azext_iot\tests\digitaltwins\test_dt_twins_unit.py" line="558" time="0.067" /><testcase classname="azext_iot.tests.digitaltwins.test_dt_twins_unit.TestTwinCreateRelationship" name="test_create_relationship_error[400]" file="azext_iot\tests\digitaltwins\test_dt_twins_unit.py" line="617" time="0.076" /><testcase classname="azext_iot.tests.digitaltwins.test_dt_twins_unit.TestTwinCreateRelationship" name="test_create_relationship_error[401]" file="azext_iot\tests\digitaltwins\test_dt_twins_unit.py" line="617" time="0.067" /><testcase classname="azext_iot.tests.digitaltwins.test_dt_twins_unit.TestTwinCreateRelationship" name="test_create_relationship_error[500]" file="azext_iot\tests\digitaltwins\test_dt_twins_unit.py" line="617" time="0.114" /><testcase classname="azext_iot.tests.digitaltwins.test_dt_twins_unit.TestTwinShowRelationship" name="test_show_relationship[None]" file="azext_iot\tests\digitaltwins\test_dt_twins_unit.py" line="645" time="0.066" /><testcase classname="azext_iot.tests.digitaltwins.test_dt_twins_unit.TestTwinShowRelationship" name="test_show_relationship[myrg]" file="azext_iot\tests\digitaltwins\test_dt_twins_unit.py" line="645" time="0.059" /><testcase classname="azext_iot.tests.digitaltwins.test_dt_twins_unit.TestTwinShowRelationship" name="test_show_relationship_error[400]" file="azext_iot\tests\digitaltwins\test_dt_twins_unit.py" line="672" time="0.063" /><testcase classname="azext_iot.tests.digitaltwins.test_dt_twins_unit.TestTwinShowRelationship" name="test_show_relationship_error[401]" file="azext_iot\tests\digitaltwins\test_dt_twins_unit.py" line="672" time="0.070" /><testcase classname="azext_iot.tests.digitaltwins.test_dt_twins_unit.TestTwinShowRelationship" name="test_show_relationship_error[500]" file="azext_iot\tests\digitaltwins\test_dt_twins_unit.py" line="672" time="0.067" /><testcase classname="azext_iot.tests.digitaltwins.test_dt_twins_unit.TestTwinUpdateRelationship" name="test_update_relationship[{}-None-None]" file="azext_iot\tests\digitaltwins\test_dt_twins_unit.py" line="710" time="0.090" /><testcase classname="azext_iot.tests.digitaltwins.test_dt_twins_unit.TestTwinUpdateRelationship" name="test_update_relationship[{&quot;a&quot;: &quot;b&quot;}-None-None]" file="azext_iot\tests\digitaltwins\test_dt_twins_unit.py" line="710" time="0.062" /><testcase classname="azext_iot.tests.digitaltwins.test_dt_twins_unit.TestTwinUpdateRelationship" name="test_update_relationship[{&quot;a&quot;: &quot;b&quot;}-myrg-None]" file="azext_iot\tests\digitaltwins\test_dt_twins_unit.py" line="710" time="0.070" /><testcase classname="azext_iot.tests.digitaltwins.test_dt_twins_unit.TestTwinUpdateRelationship" name="test_update_relationship[{&quot;a&quot;: &quot;b&quot;}-None-AAAA==]" file="azext_iot\tests\digitaltwins\test_dt_twins_unit.py" line="710" time="0.071" /><testcase classname="azext_iot.tests.digitaltwins.test_dt_twins_unit.TestTwinUpdateRelationship" name="test_update_relationship[{&quot;a&quot;: &quot;b&quot;, &quot;c&quot;: &quot;d&quot;}-None-None]" file="azext_iot\tests\digitaltwins\test_dt_twins_unit.py" line="710" time="0.070" /><testcase classname="azext_iot.tests.digitaltwins.test_dt_twins_unit.TestTwinUpdateRelationship" name="test_update_relationship_error[service_client_error0]" file="azext_iot\tests\digitaltwins\test_dt_twins_unit.py" line="773" time="0.073" /><testcase classname="azext_iot.tests.digitaltwins.test_dt_twins_unit.TestTwinUpdateRelationship" name="test_update_relationship_error[service_client_error1]" file="azext_iot\tests\digitaltwins\test_dt_twins_unit.py" line="773" time="0.063" /><testcase classname="azext_iot.tests.digitaltwins.test_dt_twins_unit.TestTwinUpdateRelationship" name="test_update_relationship_error[service_client_error2]" file="azext_iot\tests\digitaltwins\test_dt_twins_unit.py" line="773" time="0.062" /><testcase classname="azext_iot.tests.digitaltwins.test_dt_twins_unit.TestTwinUpdateRelationship" name="test_update_relationship_error[service_client_error3]" file="azext_iot\tests\digitaltwins\test_dt_twins_unit.py" line="773" time="0.062" /><testcase classname="azext_iot.tests.digitaltwins.test_dt_twins_unit.TestTwinUpdateRelationship" name="test_update_relationship_error[service_client_error4]" file="azext_iot\tests\digitaltwins\test_dt_twins_unit.py" line="773" time="0.083" /><testcase classname="azext_iot.tests.digitaltwins.test_dt_twins_unit.TestTwinUpdateRelationship" name="test_update_relationship_error[service_client_error5]" file="azext_iot\tests\digitaltwins\test_dt_twins_unit.py" line="773" time="0.070" /><testcase classname="azext_iot.tests.digitaltwins.test_dt_twins_unit.TestTwinListRelationship" name="test_list_relationship[False-None-None-servresult0-1]" file="azext_iot\tests\digitaltwins\test_dt_twins_unit.py" line="791" time="0.066" /><testcase classname="azext_iot.tests.digitaltwins.test_dt_twins_unit.TestTwinListRelationship" name="test_list_relationship[True-None-None-servresult1-1]" file="azext_iot\tests\digitaltwins\test_dt_twins_unit.py" line="791" time="0.078" /><testcase classname="azext_iot.tests.digitaltwins.test_dt_twins_unit.TestTwinListRelationship" name="test_list_relationship[False--None-servresult2-1]" file="azext_iot\tests\digitaltwins\test_dt_twins_unit.py" line="791" time="0.072" /><testcase classname="azext_iot.tests.digitaltwins.test_dt_twins_unit.TestTwinListRelationship" name="test_list_relationship[True--None-servresult3-1]" file="azext_iot\tests\digitaltwins\test_dt_twins_unit.py" line="791" time="0.082" /><testcase classname="azext_iot.tests.digitaltwins.test_dt_twins_unit.TestTwinListRelationship" name="test_list_relationship[False--None-servresult4-1]" file="azext_iot\tests\digitaltwins\test_dt_twins_unit.py" line="791" time="0.064" /><testcase classname="azext_iot.tests.digitaltwins.test_dt_twins_unit.TestTwinListRelationship" name="test_list_relationship[False-contains-None-servresult5-1]" file="azext_iot\tests\digitaltwins\test_dt_twins_unit.py" line="791" time="0.093" /><testcase classname="azext_iot.tests.digitaltwins.test_dt_twins_unit.TestTwinListRelationship" name="test_list_relationship[True-contains-None-servresult6-1]" file="azext_iot\tests\digitaltwins\test_dt_twins_unit.py" line="791" time="0.120" /><testcase classname="azext_iot.tests.digitaltwins.test_dt_twins_unit.TestTwinListRelationship" name="test_list_relationship[False-contains-None-servresult7-1]" file="azext_iot\tests\digitaltwins\test_dt_twins_unit.py" line="791" time="0.105" /><testcase classname="azext_iot.tests.digitaltwins.test_dt_twins_unit.TestTwinListRelationship" name="test_list_relationship[True-contains-None-servresult8-1]" file="azext_iot\tests\digitaltwins\test_dt_twins_unit.py" line="791" time="0.058" /><testcase classname="azext_iot.tests.digitaltwins.test_dt_twins_unit.TestTwinListRelationship" name="test_list_relationship[False-contains-None-servresult9-1]" file="azext_iot\tests\digitaltwins\test_dt_twins_unit.py" line="791" time="0.066" /><testcase classname="azext_iot.tests.digitaltwins.test_dt_twins_unit.TestTwinListRelationship" name="test_list_relationship[True-contains-None-servresult10-2]" file="azext_iot\tests\digitaltwins\test_dt_twins_unit.py" line="791" time="0.069" /><testcase classname="azext_iot.tests.digitaltwins.test_dt_twins_unit.TestTwinListRelationship" name="test_list_relationship[False-contains-None-servresult11-2]" file="azext_iot\tests\digitaltwins\test_dt_twins_unit.py" line="791" time="0.071" /><testcase classname="azext_iot.tests.digitaltwins.test_dt_twins_unit.TestTwinListRelationship" name="test_list_relationship[True-contains-None-servresult12-1]" file="azext_iot\tests\digitaltwins\test_dt_twins_unit.py" line="791" time="0.077" /><testcase classname="azext_iot.tests.digitaltwins.test_dt_twins_unit.TestTwinListRelationship" name="test_list_relationship[False-None-myrg-servresult13-1]" file="azext_iot\tests\digitaltwins\test_dt_twins_unit.py" line="791" time="0.072" /><testcase classname="azext_iot.tests.digitaltwins.test_dt_twins_unit.TestTwinListRelationship" name="test_list_relationship_error[service_client_error0]" file="azext_iot\tests\digitaltwins\test_dt_twins_unit.py" line="915" time="0.064" /><testcase classname="azext_iot.tests.digitaltwins.test_dt_twins_unit.TestTwinListRelationship" name="test_list_relationship_error[service_client_error1]" file="azext_iot\tests\digitaltwins\test_dt_twins_unit.py" line="915" time="0.060" /><testcase classname="azext_iot.tests.digitaltwins.test_dt_twins_unit.TestTwinListRelationship" name="test_list_relationship_error[service_client_error2]" file="azext_iot\tests\digitaltwins\test_dt_twins_unit.py" line="915" time="0.093" /><testcase classname="azext_iot.tests.digitaltwins.test_dt_twins_unit.TestTwinListRelationship" name="test_list_relationship_error[service_client_error3]" file="azext_iot\tests\digitaltwins\test_dt_twins_unit.py" line="915" time="0.071" /><testcase classname="azext_iot.tests.digitaltwins.test_dt_twins_unit.TestTwinListRelationship" name="test_list_relationship_error[service_client_error4]" file="azext_iot\tests\digitaltwins\test_dt_twins_unit.py" line="915" time="0.065" /><testcase classname="azext_iot.tests.digitaltwins.test_dt_twins_unit.TestTwinListRelationship" name="test_list_relationship_error[service_client_error5]" file="azext_iot\tests\digitaltwins\test_dt_twins_unit.py" line="915" time="0.070" /><testcase classname="azext_iot.tests.digitaltwins.test_dt_twins_unit.TestTwinDeleteRelationship" name="test_delete_relationship[None-None]" file="azext_iot\tests\digitaltwins\test_dt_twins_unit.py" line="943" time="0.069" /><testcase classname="azext_iot.tests.digitaltwins.test_dt_twins_unit.TestTwinDeleteRelationship" name="test_delete_relationship[myrg-None]" file="azext_iot\tests\digitaltwins\test_dt_twins_unit.py" line="943" time="0.074" /><testcase classname="azext_iot.tests.digitaltwins.test_dt_twins_unit.TestTwinDeleteRelationship" name="test_delete_relationship[None-AAAA==]" file="azext_iot\tests\digitaltwins\test_dt_twins_unit.py" line="943" time="0.066" /><testcase classname="azext_iot.tests.digitaltwins.test_dt_twins_unit.TestTwinDeleteRelationship" name="test_delete_relationship_error[400]" file="azext_iot\tests\digitaltwins\test_dt_twins_unit.py" line="980" time="0.071" /><testcase classname="azext_iot.tests.digitaltwins.test_dt_twins_unit.TestTwinDeleteRelationship" name="test_delete_relationship_error[401]" file="azext_iot\tests\digitaltwins\test_dt_twins_unit.py" line="980" time="0.066" /><testcase classname="azext_iot.tests.digitaltwins.test_dt_twins_unit.TestTwinDeleteRelationship" name="test_delete_relationship_error[500]" file="azext_iot\tests\digitaltwins\test_dt_twins_unit.py" line="980" time="0.067" /><testcase classname="azext_iot.tests.digitaltwins.test_dt_twins_unit.TestTwinSendTelemetry" name="test_send_telemetry[None-None-{}-None]" file="azext_iot\tests\digitaltwins\test_dt_twins_unit.py" line="1019" time="0.098" /><testcase classname="azext_iot.tests.digitaltwins.test_dt_twins_unit.TestTwinSendTelemetry" name="test_send_telemetry[DT_ID-None-{}-None]" file="azext_iot\tests\digitaltwins\test_dt_twins_unit.py" line="1019" time="0.063" /><testcase classname="azext_iot.tests.digitaltwins.test_dt_twins_unit.TestTwinSendTelemetry" name="test_send_telemetry[None-7f8d5e325ebc42a6b9ced1db82fcb35c-{}-None]" file="azext_iot\tests\digitaltwins\test_dt_twins_unit.py" line="1019" time="0.067" /><testcase classname="azext_iot.tests.digitaltwins.test_dt_twins_unit.TestTwinSendTelemetry" name="test_send_telemetry[None-None-{&quot;a&quot;: &quot;b&quot;}-None]" file="azext_iot\tests\digitaltwins\test_dt_twins_unit.py" line="1019" time="0.075" /><testcase classname="azext_iot.tests.digitaltwins.test_dt_twins_unit.TestTwinSendTelemetry" name="test_send_telemetry[None-None-{&quot;a&quot;: &quot;b&quot;, &quot;c&quot;: &quot;d&quot;}-None]" file="azext_iot\tests\digitaltwins\test_dt_twins_unit.py" line="1019" time="0.076" /><testcase classname="azext_iot.tests.digitaltwins.test_dt_twins_unit.TestTwinSendTelemetry" name="test_send_telemetry[None-None-{}-myrg]" file="azext_iot\tests\digitaltwins\test_dt_twins_unit.py" line="1019" time="0.079" /><testcase classname="azext_iot.tests.digitaltwins.test_dt_twins_unit.TestTwinSendTelemetry" name="test_send_telemetry_error[service_client_error0]" file="azext_iot\tests\digitaltwins\test_dt_twins_unit.py" line="1098" time="0.104" /><testcase classname="azext_iot.tests.digitaltwins.test_dt_twins_unit.TestTwinSendTelemetry" name="test_send_telemetry_error[service_client_error1]" file="azext_iot\tests\digitaltwins\test_dt_twins_unit.py" line="1098" time="0.065" /><testcase classname="azext_iot.tests.digitaltwins.test_dt_twins_unit.TestTwinSendTelemetry" name="test_send_telemetry_error[service_client_error2]" file="azext_iot\tests\digitaltwins\test_dt_twins_unit.py" line="1098" time="0.067" /><testcase classname="azext_iot.tests.digitaltwins.test_dt_twins_unit.TestTwinSendTelemetry" name="test_send_telemetry_error[service_client_error3]" file="azext_iot\tests\digitaltwins\test_dt_twins_unit.py" line="1098" time="0.071" /><testcase classname="azext_iot.tests.digitaltwins.test_dt_twins_unit.TestTwinSendTelemetry" name="test_send_telemetry_error[service_client_error4]" file="azext_iot\tests\digitaltwins\test_dt_twins_unit.py" line="1098" time="0.065" /><testcase classname="azext_iot.tests.digitaltwins.test_dt_twins_unit.TestTwinSendTelemetry" name="test_send_telemetry_error[service_client_error5]" file="azext_iot\tests\digitaltwins\test_dt_twins_unit.py" line="1098" time="0.062" /><testcase classname="azext_iot.tests.digitaltwins.test_dt_twins_unit.TestTwinShowComponent" name="test_show_component[None]" file="azext_iot\tests\digitaltwins\test_dt_twins_unit.py" line="1127" time="0.062" /><testcase classname="azext_iot.tests.digitaltwins.test_dt_twins_unit.TestTwinShowComponent" name="test_show_component[myrg]" file="azext_iot\tests\digitaltwins\test_dt_twins_unit.py" line="1127" time="0.067" /><testcase classname="azext_iot.tests.digitaltwins.test_dt_twins_unit.TestTwinShowComponent" name="test_show_component_error[400]" file="azext_iot\tests\digitaltwins\test_dt_twins_unit.py" line="1154" time="0.064" /><testcase classname="azext_iot.tests.digitaltwins.test_dt_twins_unit.TestTwinShowComponent" name="test_show_component_error[401]" file="azext_iot\tests\digitaltwins\test_dt_twins_unit.py" line="1154" time="0.065" /><testcase classname="azext_iot.tests.digitaltwins.test_dt_twins_unit.TestTwinShowComponent" name="test_show_component_error[500]" file="azext_iot\tests\digitaltwins\test_dt_twins_unit.py" line="1154" time="0.062" /><testcase classname="azext_iot.tests.digitaltwins.test_dt_twins_unit.TestTwinUpdateComponent" name="test_update_component[{}-None-None]" file="azext_iot\tests\digitaltwins\test_dt_twins_unit.py" line="1192" time="0.069" /><testcase classname="azext_iot.tests.digitaltwins.test_dt_twins_unit.TestTwinUpdateComponent" name="test_update_component[{&quot;a&quot;: &quot;b&quot;}-None-None]" file="azext_iot\tests\digitaltwins\test_dt_twins_unit.py" line="1192" time="0.071" /><testcase classname="azext_iot.tests.digitaltwins.test_dt_twins_unit.TestTwinUpdateComponent" name="test_update_component[{&quot;a&quot;: &quot;b&quot;, &quot;c&quot;: &quot;d&quot;}-None-None]" file="azext_iot\tests\digitaltwins\test_dt_twins_unit.py" line="1192" time="0.089" /><testcase classname="azext_iot.tests.digitaltwins.test_dt_twins_unit.TestTwinUpdateComponent" name="test_update_component[{&quot;a&quot;: &quot;b&quot;}-myrg-None]" file="azext_iot\tests\digitaltwins\test_dt_twins_unit.py" line="1192" time="0.075" /><testcase classname="azext_iot.tests.digitaltwins.test_dt_twins_unit.TestTwinUpdateComponent" name="test_update_component[{&quot;a&quot;: &quot;b&quot;}-None-AAAA==]" file="azext_iot\tests\digitaltwins\test_dt_twins_unit.py" line="1192" time="0.086" /><testcase classname="azext_iot.tests.digitaltwins.test_dt_twins_unit.TestTwinUpdateComponent" name="test_update_component_error[400]" file="azext_iot\tests\digitaltwins\test_dt_twins_unit.py" line="1244" time="0.086" /><testcase classname="azext_iot.tests.digitaltwins.test_dt_twins_unit.TestTwinUpdateComponent" name="test_update_component_error[401]" file="azext_iot\tests\digitaltwins\test_dt_twins_unit.py" line="1244" time="0.104" /><testcase classname="azext_iot.tests.digitaltwins.test_dt_twins_unit.TestTwinUpdateComponent" name="test_update_component_error[500]" file="azext_iot\tests\digitaltwins\test_dt_twins_unit.py" line="1244" time="0.072" /><testcase classname="azext_iot.tests.dps.test_iot_dps_unit.TestEnrollmentCreate" name="test_enrollment_create[req0]" file="azext_iot\tests\dps\test_iot_dps_unit.py" line="117" time="0.047" /><testcase classname="azext_iot.tests.dps.test_iot_dps_unit.TestEnrollmentCreate" name="test_enrollment_create[req1]" file="azext_iot\tests\dps\test_iot_dps_unit.py" line="117" time="0.034" /><testcase classname="azext_iot.tests.dps.test_iot_dps_unit.TestEnrollmentCreate" name="test_enrollment_create[req2]" file="azext_iot\tests\dps\test_iot_dps_unit.py" line="117" time="0.041" /><testcase classname="azext_iot.tests.dps.test_iot_dps_unit.TestEnrollmentCreate" name="test_enrollment_create[req3]" file="azext_iot\tests\dps\test_iot_dps_unit.py" line="117" time="0.039" /><testcase classname="azext_iot.tests.dps.test_iot_dps_unit.TestEnrollmentCreate" name="test_enrollment_create[req4]" file="azext_iot\tests\dps\test_iot_dps_unit.py" line="117" time="0.036" /><testcase classname="azext_iot.tests.dps.test_iot_dps_unit.TestEnrollmentCreate" name="test_enrollment_create[req5]" file="azext_iot\tests\dps\test_iot_dps_unit.py" line="117" time="0.036" /><testcase classname="azext_iot.tests.dps.test_iot_dps_unit.TestEnrollmentCreate" name="test_enrollment_create[req6]" file="azext_iot\tests\dps\test_iot_dps_unit.py" line="117" time="0.038" /><testcase classname="azext_iot.tests.dps.test_iot_dps_unit.TestEnrollmentCreate" name="test_enrollment_create[req7]" file="azext_iot\tests\dps\test_iot_dps_unit.py" line="117" time="0.036" /><testcase classname="azext_iot.tests.dps.test_iot_dps_unit.TestEnrollmentCreate" name="test_enrollment_create[req8]" file="azext_iot\tests\dps\test_iot_dps_unit.py" line="117" time="0.035" /><testcase classname="azext_iot.tests.dps.test_iot_dps_unit.TestEnrollmentCreate" name="test_enrollment_create[req9]" file="azext_iot\tests\dps\test_iot_dps_unit.py" line="117" time="0.040" /><testcase classname="azext_iot.tests.dps.test_iot_dps_unit.TestEnrollmentCreate" name="test_enrollment_create[req10]" file="azext_iot\tests\dps\test_iot_dps_unit.py" line="117" time="0.035" /><testcase classname="azext_iot.tests.dps.test_iot_dps_unit.TestEnrollmentCreate" name="test_enrollment_create[req11]" file="azext_iot\tests\dps\test_iot_dps_unit.py" line="117" time="0.038" /><testcase classname="azext_iot.tests.dps.test_iot_dps_unit.TestEnrollmentCreate" name="test_enrollment_create[req12]" file="azext_iot\tests\dps\test_iot_dps_unit.py" line="117" time="0.034" /><testcase classname="azext_iot.tests.dps.test_iot_dps_unit.TestEnrollmentCreate" name="test_enrollment_create[req13]" file="azext_iot\tests\dps\test_iot_dps_unit.py" line="117" time="0.058" /><testcase classname="azext_iot.tests.dps.test_iot_dps_unit.TestEnrollmentCreate" name="test_enrollment_create[req14]" file="azext_iot\tests\dps\test_iot_dps_unit.py" line="117" time="0.053" /><testcase classname="azext_iot.tests.dps.test_iot_dps_unit.TestEnrollmentCreate" name="test_enrollment_create[req15]" file="azext_iot\tests\dps\test_iot_dps_unit.py" line="117" time="0.039" /><testcase classname="azext_iot.tests.dps.test_iot_dps_unit.TestEnrollmentCreate" name="test_enrollment_create[req16]" file="azext_iot\tests\dps\test_iot_dps_unit.py" line="117" time="0.073" /><testcase classname="azext_iot.tests.dps.test_iot_dps_unit.TestEnrollmentCreate" name="test_enrollment_create[req17]" file="azext_iot\tests\dps\test_iot_dps_unit.py" line="117" time="0.037" /><testcase classname="azext_iot.tests.dps.test_iot_dps_unit.TestEnrollmentCreate" name="test_enrollment_create[req18]" file="azext_iot\tests\dps\test_iot_dps_unit.py" line="117" time="0.036" /><testcase classname="azext_iot.tests.dps.test_iot_dps_unit.TestEnrollmentCreate" name="test_enrollment_create_invalid_args[req0]" file="azext_iot\tests\dps\test_iot_dps_unit.py" line="273" time="0.028" /><testcase classname="azext_iot.tests.dps.test_iot_dps_unit.TestEnrollmentCreate" name="test_enrollment_create_invalid_args[req1]" file="azext_iot\tests\dps\test_iot_dps_unit.py" line="273" time="0.026" /><testcase classname="azext_iot.tests.dps.test_iot_dps_unit.TestEnrollmentCreate" name="test_enrollment_create_invalid_args[req2]" file="azext_iot\tests\dps\test_iot_dps_unit.py" line="273" time="0.033" /><testcase classname="azext_iot.tests.dps.test_iot_dps_unit.TestEnrollmentCreate" name="test_enrollment_create_invalid_args[req3]" file="azext_iot\tests\dps\test_iot_dps_unit.py" line="273" time="0.026" /><testcase classname="azext_iot.tests.dps.test_iot_dps_unit.TestEnrollmentCreate" name="test_enrollment_create_invalid_args[req4]" file="azext_iot\tests\dps\test_iot_dps_unit.py" line="273" time="0.032" /><testcase classname="azext_iot.tests.dps.test_iot_dps_unit.TestEnrollmentCreate" name="test_enrollment_create_invalid_args[req5]" file="azext_iot\tests\dps\test_iot_dps_unit.py" line="273" time="0.030" /><testcase classname="azext_iot.tests.dps.test_iot_dps_unit.TestEnrollmentCreate" name="test_enrollment_create_invalid_args[req6]" file="azext_iot\tests\dps\test_iot_dps_unit.py" line="273" time="0.031" /><testcase classname="azext_iot.tests.dps.test_iot_dps_unit.TestEnrollmentCreate" name="test_enrollment_create_invalid_args[req7]" file="azext_iot\tests\dps\test_iot_dps_unit.py" line="273" time="0.033" /><testcase classname="azext_iot.tests.dps.test_iot_dps_unit.TestEnrollmentCreate" name="test_enrollment_create_invalid_args[req8]" file="azext_iot\tests\dps\test_iot_dps_unit.py" line="273" time="0.026" /><testcase classname="azext_iot.tests.dps.test_iot_dps_unit.TestEnrollmentCreate" name="test_enrollment_create_invalid_args[req9]" file="azext_iot\tests\dps\test_iot_dps_unit.py" line="273" time="0.031" /><testcase classname="azext_iot.tests.dps.test_iot_dps_unit.TestEnrollmentCreate" name="test_enrollment_create_invalid_args[req10]" file="azext_iot\tests\dps\test_iot_dps_unit.py" line="273" time="0.025" /><testcase classname="azext_iot.tests.dps.test_iot_dps_unit.TestEnrollmentCreate" name="test_enrollment_create_invalid_args[req11]" file="azext_iot\tests\dps\test_iot_dps_unit.py" line="273" time="0.032" /><testcase classname="azext_iot.tests.dps.test_iot_dps_unit.TestEnrollmentCreate" name="test_enrollment_show_error[400-req0]" file="azext_iot\tests\dps\test_iot_dps_unit.py" line="307" time="0.019" /><testcase classname="azext_iot.tests.dps.test_iot_dps_unit.TestEnrollmentCreate" name="test_enrollment_show_error[401-req0]" file="azext_iot\tests\dps\test_iot_dps_unit.py" line="307" time="0.022" /><testcase classname="azext_iot.tests.dps.test_iot_dps_unit.TestEnrollmentCreate" name="test_enrollment_show_error[500-req0]" file="azext_iot\tests\dps\test_iot_dps_unit.py" line="307" time="0.025" /><testcase classname="azext_iot.tests.dps.test_iot_dps_unit.TestEnrollmentUpdate" name="test_enrollment_update[req0]" file="azext_iot\tests\dps\test_iot_dps_unit.py" line="401" time="0.029" /><testcase classname="azext_iot.tests.dps.test_iot_dps_unit.TestEnrollmentUpdate" name="test_enrollment_update[req1]" file="azext_iot\tests\dps\test_iot_dps_unit.py" line="401" time="0.028" /><testcase classname="azext_iot.tests.dps.test_iot_dps_unit.TestEnrollmentUpdate" name="test_enrollment_update[req2]" file="azext_iot\tests\dps\test_iot_dps_unit.py" line="401" time="0.026" /><testcase classname="azext_iot.tests.dps.test_iot_dps_unit.TestEnrollmentUpdate" name="test_enrollment_update[req3]" file="azext_iot\tests\dps\test_iot_dps_unit.py" line="401" time="0.030" /><testcase classname="azext_iot.tests.dps.test_iot_dps_unit.TestEnrollmentUpdate" name="test_enrollment_update[req4]" file="azext_iot\tests\dps\test_iot_dps_unit.py" line="401" time="0.029" /><testcase classname="azext_iot.tests.dps.test_iot_dps_unit.TestEnrollmentUpdate" name="test_enrollment_update[req5]" file="azext_iot\tests\dps\test_iot_dps_unit.py" line="401" time="0.029" /><testcase classname="azext_iot.tests.dps.test_iot_dps_unit.TestEnrollmentUpdate" name="test_enrollment_update[req6]" file="azext_iot\tests\dps\test_iot_dps_unit.py" line="401" time="0.030" /><testcase classname="azext_iot.tests.dps.test_iot_dps_unit.TestEnrollmentUpdate" name="test_enrollment_update[req7]" file="azext_iot\tests\dps\test_iot_dps_unit.py" line="401" time="0.039" /><testcase classname="azext_iot.tests.dps.test_iot_dps_unit.TestEnrollmentUpdate" name="test_enrollment_update[req8]" file="azext_iot\tests\dps\test_iot_dps_unit.py" line="401" time="0.030" /><testcase classname="azext_iot.tests.dps.test_iot_dps_unit.TestEnrollmentUpdate" name="test_enrollment_update[req9]" file="azext_iot\tests\dps\test_iot_dps_unit.py" line="401" time="0.035" /><testcase classname="azext_iot.tests.dps.test_iot_dps_unit.TestEnrollmentUpdate" name="test_enrollment_update[req10]" file="azext_iot\tests\dps\test_iot_dps_unit.py" line="401" time="0.043" /><testcase classname="azext_iot.tests.dps.test_iot_dps_unit.TestEnrollmentUpdate" name="test_enrollment_update[req11]" file="azext_iot\tests\dps\test_iot_dps_unit.py" line="401" time="0.042" /><testcase classname="azext_iot.tests.dps.test_iot_dps_unit.TestEnrollmentUpdate" name="test_enrollment_update[req12]" file="azext_iot\tests\dps\test_iot_dps_unit.py" line="401" time="0.052" /><testcase classname="azext_iot.tests.dps.test_iot_dps_unit.TestEnrollmentShow" name="test_enrollment_show[200]" file="azext_iot\tests\dps\test_iot_dps_unit.py" line="534" time="0.036" /><testcase classname="azext_iot.tests.dps.test_iot_dps_unit.TestEnrollmentShow" name="test_enrollment_show_with_keys" file="azext_iot\tests\dps\test_iot_dps_unit.py" line="547" time="0.037" /><testcase classname="azext_iot.tests.dps.test_iot_dps_unit.TestEnrollmentShow" name="test_enrollment_show_error[400]" file="azext_iot\tests\dps\test_iot_dps_unit.py" line="568" time="0.016" /><testcase classname="azext_iot.tests.dps.test_iot_dps_unit.TestEnrollmentShow" name="test_enrollment_show_error[401]" file="azext_iot\tests\dps\test_iot_dps_unit.py" line="568" time="0.016" /><testcase classname="azext_iot.tests.dps.test_iot_dps_unit.TestEnrollmentShow" name="test_enrollment_show_error[500]" file="azext_iot\tests\dps\test_iot_dps_unit.py" line="568" time="0.014" /><testcase classname="azext_iot.tests.dps.test_iot_dps_unit.TestEnrollmentList" name="test_enrollment_list[200-3]" file="azext_iot\tests\dps\test_iot_dps_unit.py" line="587" time="0.026" /><testcase classname="azext_iot.tests.dps.test_iot_dps_unit.TestEnrollmentList" name="test_enrollment_list[200-None]" file="azext_iot\tests\dps\test_iot_dps_unit.py" line="587" time="0.028" /><testcase classname="azext_iot.tests.dps.test_iot_dps_unit.TestEnrollmentList" name="test_enrollment_list_error[400]" file="azext_iot\tests\dps\test_iot_dps_unit.py" line="600" time="0.016" /><testcase classname="azext_iot.tests.dps.test_iot_dps_unit.TestEnrollmentList" name="test_enrollment_list_error[401]" file="azext_iot\tests\dps\test_iot_dps_unit.py" line="600" time="0.015" /><testcase classname="azext_iot.tests.dps.test_iot_dps_unit.TestEnrollmentList" name="test_enrollment_list_error[500]" file="azext_iot\tests\dps\test_iot_dps_unit.py" line="600" time="0.017" /><testcase classname="azext_iot.tests.dps.test_iot_dps_unit.TestEnrollmentDelete" name="test_enrollment_delete[204-None]" file="azext_iot\tests\dps\test_iot_dps_unit.py" line="618" time="0.023" /><testcase classname="azext_iot.tests.dps.test_iot_dps_unit.TestEnrollmentDelete" name="test_enrollment_delete[204-AAAA==]" file="azext_iot\tests\dps\test_iot_dps_unit.py" line="618" time="0.020" /><testcase classname="azext_iot.tests.dps.test_iot_dps_unit.TestEnrollmentDelete" name="test_enrollment_delete_error[400]" file="azext_iot\tests\dps\test_iot_dps_unit.py" line="632" time="0.018" /><testcase classname="azext_iot.tests.dps.test_iot_dps_unit.TestEnrollmentDelete" name="test_enrollment_delete_error[401]" file="azext_iot\tests\dps\test_iot_dps_unit.py" line="632" time="0.015" /><testcase classname="azext_iot.tests.dps.test_iot_dps_unit.TestEnrollmentDelete" name="test_enrollment_delete_error[500]" file="azext_iot\tests\dps\test_iot_dps_unit.py" line="632" time="0.016" /><testcase classname="azext_iot.tests.dps.test_iot_dps_unit.TestEnrollmentGroupCreate" name="test_enrollment_group_create[200-req0]" file="azext_iot\tests\dps\test_iot_dps_unit.py" line="689" time="0.027" /><testcase classname="azext_iot.tests.dps.test_iot_dps_unit.TestEnrollmentGroupCreate" name="test_enrollment_group_create[200-req1]" file="azext_iot\tests\dps\test_iot_dps_unit.py" line="689" time="0.021" /><testcase classname="azext_iot.tests.dps.test_iot_dps_unit.TestEnrollmentGroupCreate" name="test_enrollment_group_create[200-req2]" file="azext_iot\tests\dps\test_iot_dps_unit.py" line="689" time="0.024" /><testcase classname="azext_iot.tests.dps.test_iot_dps_unit.TestEnrollmentGroupCreate" name="test_enrollment_group_create[200-req3]" file="azext_iot\tests\dps\test_iot_dps_unit.py" line="689" time="0.023" /><testcase classname="azext_iot.tests.dps.test_iot_dps_unit.TestEnrollmentGroupCreate" name="test_enrollment_group_create[200-req4]" file="azext_iot\tests\dps\test_iot_dps_unit.py" line="689" time="0.022" /><testcase classname="azext_iot.tests.dps.test_iot_dps_unit.TestEnrollmentGroupCreate" name="test_enrollment_group_create[200-req5]" file="azext_iot\tests\dps\test_iot_dps_unit.py" line="689" time="0.024" /><testcase classname="azext_iot.tests.dps.test_iot_dps_unit.TestEnrollmentGroupCreate" name="test_enrollment_group_create[200-req6]" file="azext_iot\tests\dps\test_iot_dps_unit.py" line="689" time="0.031" /><testcase classname="azext_iot.tests.dps.test_iot_dps_unit.TestEnrollmentGroupCreate" name="test_enrollment_group_create[200-req7]" file="azext_iot\tests\dps\test_iot_dps_unit.py" line="689" time="0.025" /><testcase classname="azext_iot.tests.dps.test_iot_dps_unit.TestEnrollmentGroupCreate" name="test_enrollment_group_create[200-req8]" file="azext_iot\tests\dps\test_iot_dps_unit.py" line="689" time="0.025" /><testcase classname="azext_iot.tests.dps.test_iot_dps_unit.TestEnrollmentGroupCreate" name="test_enrollment_group_create[200-req9]" file="azext_iot\tests\dps\test_iot_dps_unit.py" line="689" time="0.023" /><testcase classname="azext_iot.tests.dps.test_iot_dps_unit.TestEnrollmentGroupCreate" name="test_enrollment_group_create[200-req10]" file="azext_iot\tests\dps\test_iot_dps_unit.py" line="689" time="0.027" /><testcase classname="azext_iot.tests.dps.test_iot_dps_unit.TestEnrollmentGroupCreate" name="test_enrollment_group_create[200-req11]" file="azext_iot\tests\dps\test_iot_dps_unit.py" line="689" time="0.019" /><testcase classname="azext_iot.tests.dps.test_iot_dps_unit.TestEnrollmentGroupCreate" name="test_enrollment_group_create[200-req12]" file="azext_iot\tests\dps\test_iot_dps_unit.py" line="689" time="0.029" /><testcase classname="azext_iot.tests.dps.test_iot_dps_unit.TestEnrollmentGroupCreate" name="test_enrollment_group_create[200-req13]" file="azext_iot\tests\dps\test_iot_dps_unit.py" line="689" time="0.029" /><testcase classname="azext_iot.tests.dps.test_iot_dps_unit.TestEnrollmentGroupCreate" name="test_enrollment_group_create[200-req14]" file="azext_iot\tests\dps\test_iot_dps_unit.py" line="689" time="0.021" /><testcase classname="azext_iot.tests.dps.test_iot_dps_unit.TestEnrollmentGroupCreate" name="test_enrollment_group_create[200-req15]" file="azext_iot\tests\dps\test_iot_dps_unit.py" line="689" time="0.028" /><testcase classname="azext_iot.tests.dps.test_iot_dps_unit.TestEnrollmentGroupCreate" name="test_enrollment_group_create[200-req16]" file="azext_iot\tests\dps\test_iot_dps_unit.py" line="689" time="0.024" /><testcase classname="azext_iot.tests.dps.test_iot_dps_unit.TestEnrollmentGroupCreate" name="test_enrollment_group_create_invalid_args[req0]" file="azext_iot\tests\dps\test_iot_dps_unit.py" line="810" time="0.003" /><testcase classname="azext_iot.tests.dps.test_iot_dps_unit.TestEnrollmentGroupCreate" name="test_enrollment_group_create_invalid_args[req1]" file="azext_iot\tests\dps\test_iot_dps_unit.py" line="810" time="0.003" /><testcase classname="azext_iot.tests.dps.test_iot_dps_unit.TestEnrollmentGroupCreate" name="test_enrollment_group_create_invalid_args[req2]" file="azext_iot\tests\dps\test_iot_dps_unit.py" line="810" time="0.002" /><testcase classname="azext_iot.tests.dps.test_iot_dps_unit.TestEnrollmentGroupCreate" name="test_enrollment_group_create_invalid_args[req3]" file="azext_iot\tests\dps\test_iot_dps_unit.py" line="810" time="0.004" /><testcase classname="azext_iot.tests.dps.test_iot_dps_unit.TestEnrollmentGroupCreate" name="test_enrollment_group_create_invalid_args[req4]" file="azext_iot\tests\dps\test_iot_dps_unit.py" line="810" time="0.004" /><testcase classname="azext_iot.tests.dps.test_iot_dps_unit.TestEnrollmentGroupCreate" name="test_enrollment_g
[...]
t_iot\tests\product\test_command_test_update_unit.py" line="18" time="0.013" /><testcase classname="azext_iot.tests.product.test_device_test_tasks_unit.TestTaskCreate" name="test_task_create" file="azext_iot\tests\product\test_device_test_tasks_unit.py" line="57" time="0.039" /><testcase classname="azext_iot.tests.product.test_device_test_tasks_unit.TestTaskCreate" name="test_task_create_empty_response" file="azext_iot\tests\product\test_device_test_tasks_unit.py" line="123" time="0.033" /><testcase classname="azext_iot.tests.product.test_device_test_tasks_unit.TestTaskCreate" name="test_task_create_failure" file="azext_iot\tests\product\test_device_test_tasks_unit.py" line="114" time="0.022" /><testcase classname="azext_iot.tests.product.test_device_test_tasks_unit.TestTaskCreate" name="test_task_create_no_wait" file="azext_iot\tests\product\test_device_test_tasks_unit.py" line="91" time="0.032" /><testcase classname="azext_iot.tests.product.test_device_test_tasks_unit.TestTaskCreate" name="test_task_create_wait" file="azext_iot\tests\product\test_device_test_tasks_unit.py" line="64" time="3.073" /><testcase classname="azext_iot.tests.product.test_device_test_tasks_unit.TestTaskShow" name="test_task_show_incorrect_params" file="azext_iot\tests\product\test_device_test_tasks_unit.py" line="155" time="0.021" /><testcase classname="azext_iot.tests.product.test_device_test_tasks_unit.TestTaskShow" name="test_task_show_running" file="azext_iot\tests\product\test_device_test_tasks_unit.py" line="147" time="0.022" /><testcase classname="azext_iot.tests.product.test_device_test_tasks_unit.TestTaskShow" name="test_task_show_task" file="azext_iot\tests\product\test_device_test_tasks_unit.py" line="139" time="0.032" /><testcase classname="azext_iot.tests.product.test_device_test_tasks_unit.TestTaskDelete" name="test_task_delete" file="azext_iot\tests\product\test_device_test_tasks_unit.py" line="165" time="0.022" /><testcase classname="azext_iot.tests.product.test_device_test_tasks_unit.TestTasksSDK" name="test_sdk_task_create[202]" file="azext_iot\tests\product\test_device_test_tasks_unit.py" line="274" time="0.077" /><testcase classname="azext_iot.tests.product.test_device_test_tasks_unit.TestTasksSDK" name="test_sdk_task_create_wait[200-202]" file="azext_iot\tests\product\test_device_test_tasks_unit.py" line="283" time="1.082" /><testcase classname="azext_iot.tests.product.test_device_test_tasks_unit.TestTasksSDK" name="test_sdk_task_delete[202]" file="azext_iot\tests\product\test_device_test_tasks_unit.py" line="313" time="0.078" /><testcase classname="azext_iot.tests.product.test_device_test_tasks_unit.TestTasksSDK" name="test_sdk_task_show_task[200]" file="azext_iot\tests\product\test_device_test_tasks_unit.py" line="326" time="0.049" /><testcase classname="azext_iot.tests.product.test_device_test_tasks_unit.TestTasksSDK" name="test_sdk_task_show_running[200]" file="azext_iot\tests\product\test_device_test_tasks_unit.py" line="337" time="0.061" /><testcase classname="azext_iot.tests.utility.test_iot_utility_unit.TestMinPython" name="test_min_python[3-6]" file="azext_iot\tests\utility\test_iot_utility_unit.py" line="27" time="0.006" /><testcase classname="azext_iot.tests.utility.test_iot_utility_unit.TestMinPython" name="test_min_python[3-4]" file="azext_iot\tests\utility\test_iot_utility_unit.py" line="27" time="0.003" /><testcase classname="azext_iot.tests.utility.test_iot_utility_unit.TestMinPython" name="test_min_python[2-7]" file="azext_iot\tests\utility\test_iot_utility_unit.py" line="27" time="0.006" /><testcase classname="azext_iot.tests.utility.test_iot_utility_unit.TestMinPython" name="test_min_python_error[3-6-SystemExit]" file="azext_iot\tests\utility\test_iot_utility_unit.py" line="35" time="0.004" /><testcase classname="azext_iot.tests.utility.test_iot_utility_unit.TestMinPython" name="test_min_python_error[3-4-SystemExit]" file="azext_iot\tests\utility\test_iot_utility_unit.py" line="35" time="0.005" /><testcase classname="azext_iot.tests.utility.test_iot_utility_unit.TestMinPython" name="test_min_python_error[2-7-SystemExit]" file="azext_iot\tests\utility\test_iot_utility_unit.py" line="35" time="0.006" /><testcase classname="azext_iot.tests.utility.test_iot_utility_unit.TestMode2Handler" name="test_mode2_login[mode2_scenario0]" file="azext_iot\tests\utility\test_iot_utility_unit.py" line="77" time="0.006" /><testcase classname="azext_iot.tests.utility.test_iot_utility_unit.TestMode2Handler" name="test_mode2_login[mode2_scenario1]" file="azext_iot\tests\utility\test_iot_utility_unit.py" line="77" time="0.009" /><testcase classname="azext_iot.tests.utility.test_iot_utility_unit.TestMode2Handler" name="test_mode2_login[mode2_scenario2]" file="azext_iot\tests\utility\test_iot_utility_unit.py" line="77" time="0.003" /><testcase classname="azext_iot.tests.utility.test_iot_utility_unit.TestMode2Handler" name="test_mode2_login[mode2_scenario3]" file="azext_iot\tests\utility\test_iot_utility_unit.py" line="77" time="0.006" /><testcase classname="azext_iot.tests.utility.test_iot_utility_unit.TestMode2Handler" name="test_mode2_login[mode2_scenario4]" file="azext_iot\tests\utility\test_iot_utility_unit.py" line="77" time="0.004" /><testcase classname="azext_iot.tests.utility.test_iot_utility_unit.TestMode2Handler" name="test_mode2_login[mode2_scenario5]" file="azext_iot\tests\utility\test_iot_utility_unit.py" line="77" time="0.004" /><testcase classname="azext_iot.tests.utility.test_iot_utility_unit.TestMode2Handler" name="test_mode2_login[mode2_scenario6]" file="azext_iot\tests\utility\test_iot_utility_unit.py" line="77" time="0.003" /><testcase classname="azext_iot.tests.utility.test_iot_utility_unit.TestMode2Handler" name="test_mode2_login[mode2_scenario7]" file="azext_iot\tests\utility\test_iot_utility_unit.py" line="77" time="0.007" /><testcase classname="azext_iot.tests.utility.test_iot_utility_unit.TestMode2Handler" name="test_mode2_login[mode2_scenario8]" file="azext_iot\tests\utility\test_iot_utility_unit.py" line="77" time="0.002" /><testcase classname="azext_iot.tests.utility.test_iot_utility_unit.TestEnsureUamqp" name="test_ensure_uamqp_version[importerror-None-y]" file="azext_iot\tests\utility\test_iot_utility_unit.py" line="114" time="0.012" /><testcase classname="azext_iot.tests.utility.test_iot_utility_unit.TestEnsureUamqp" name="test_ensure_uamqp_version[importerror-None-n]" file="azext_iot\tests\utility\test_iot_utility_unit.py" line="114" time="0.017" /><testcase classname="azext_iot.tests.utility.test_iot_utility_unit.TestEnsureUamqp" name="test_ensure_uamqp_version[importerror-yes;-None]" file="azext_iot\tests\utility\test_iot_utility_unit.py" line="114" time="0.009" /><testcase classname="azext_iot.tests.utility.test_iot_utility_unit.TestEnsureUamqp" name="test_ensure_uamqp_version[compatibility-None-y]" file="azext_iot\tests\utility\test_iot_utility_unit.py" line="114" time="0.017" /><testcase classname="azext_iot.tests.utility.test_iot_utility_unit.TestEnsureUamqp" name="test_ensure_uamqp_version[compatibility-None-n]" file="azext_iot\tests\utility\test_iot_utility_unit.py" line="114" time="0.017" /><testcase classname="azext_iot.tests.utility.test_iot_utility_unit.TestEnsureUamqp" name="test_ensure_uamqp_version[compatibility-yes;-None]" file="azext_iot\tests\utility\test_iot_utility_unit.py" line="114" time="0.016" /><testcase classname="azext_iot.tests.utility.test_iot_utility_unit.TestEnsureUamqp" name="test_ensure_uamqp_version[repair-repair;-y]" file="azext_iot\tests\utility\test_iot_utility_unit.py" line="114" time="0.015" /><testcase classname="azext_iot.tests.utility.test_iot_utility_unit.TestEnsureUamqp" name="test_ensure_uamqp_version[repair-repair;yes;-None]" file="azext_iot\tests\utility\test_iot_utility_unit.py" line="114" time="0.012" /><testcase classname="azext_iot.tests.utility.test_iot_utility_unit.TestEnsureUamqp" name="test_ensure_uamqp_version[repair-repair;-n]" file="azext_iot\tests\utility\test_iot_utility_unit.py" line="114" time="0.019" /><testcase classname="azext_iot.tests.utility.test_iot_utility_unit.TestInstallPipPackage" name="test_pip_install[install_type0-uamqp-uamqp==1.2]" file="azext_iot\tests\utility\test_iot_utility_unit.py" line="179" time="0.018" /><testcase classname="azext_iot.tests.utility.test_iot_utility_unit.TestInstallPipPackage" name="test_pip_install[install_type1-uamqp-uamqp~=1.2]" file="azext_iot\tests\utility\test_iot_utility_unit.py" line="179" time="0.016" /><testcase classname="azext_iot.tests.utility.test_iot_utility_unit.TestInstallPipPackage" name="test_pip_install[install_type2-uamqp-uamqp&gt;=1.2,&lt;1.3]" file="azext_iot\tests\utility\test_iot_utility_unit.py" line="179" time="0.020" /><testcase classname="azext_iot.tests.utility.test_iot_utility_unit.TestInstallPipPackage" name="test_pip_error" file="azext_iot\tests\utility\test_iot_utility_unit.py" line="212" time="0.010" /><testcase classname="azext_iot.tests.utility.test_iot_utility_unit.TestProcessJsonArg" name="test_inline_json[{&quot;authenticationType&quot;: &quot;sas&quot;}-myarg0]" file="azext_iot\tests\utility\test_iot_utility_unit.py" line="220" time="0.005" /><testcase classname="azext_iot.tests.utility.test_iot_utility_unit.TestProcessJsonArg" name="test_inline_json_fail[}&quot;authenticationType&quot;: &quot;sas&quot;{-myarg0]" file="azext_iot\tests\utility\test_iot_utility_unit.py" line="227" time="0.002" /><testcase classname="azext_iot.tests.utility.test_iot_utility_unit.TestProcessJsonArg" name="test_inline_json_fail[{&quot;authenticationType&quot;: }-myarg1]" file="azext_iot\tests\utility\test_iot_utility_unit.py" line="227" time="0.004" /><testcase classname="azext_iot.tests.utility.test_iot_utility_unit.TestProcessJsonArg" name="test_file_json[../iothub/configurations/test_adm_device_content.json-myarg0]" file="azext_iot\tests\utility\test_iot_utility_unit.py" line="242" time="0.004" /><testcase classname="azext_iot.tests.utility.test_iot_utility_unit.TestProcessJsonArg" name="test_file_json_fail_invalidpath[test_config_device_content_nothere.json-myarg0]" file="azext_iot\tests\utility\test_iot_utility_unit.py" line="250" time="0.008" /><testcase classname="azext_iot.tests.utility.test_iot_utility_unit.TestProcessJsonArg" name="test_file_json_fail_invalidcontent[../generators.py-myarg0]" file="azext_iot\tests\utility\test_iot_utility_unit.py" line="269" time="0.005" /><testcase classname="azext_iot.tests.utility.test_iot_utility_unit.TestVersionComparison" name="test_ensure_min_version[1.0-2.0-False]" file="azext_iot\tests\utility\test_iot_utility_unit.py" line="285" time="0.003" /><testcase classname="azext_iot.tests.utility.test_iot_utility_unit.TestVersionComparison" name="test_ensure_min_version[1.8.7-1.8.6.4-True]" file="azext_iot\tests\utility\test_iot_utility_unit.py" line="285" time="0.002" /><testcase classname="azext_iot.tests.utility.test_iot_utility_unit.TestVersionComparison" name="test_ensure_min_version[1.0+a-1.0-True]" file="azext_iot\tests\utility\test_iot_utility_unit.py" line="285" time="0.003" /><testcase classname="azext_iot.tests.utility.test_iot_utility_unit.TestVersionComparison" name="test_ensure_min_version[1.0+a-1.0+b-False]" file="azext_iot\tests\utility\test_iot_utility_unit.py" line="285" time="0.003" /><testcase classname="azext_iot.tests.utility.test_iot_utility_unit.TestVersionComparison" name="test_ensure_min_version[1.0-1.0-True]" file="azext_iot\tests\utility\test_iot_utility_unit.py" line="285" time="0.003" /><testcase classname="azext_iot.tests.utility.test_iot_utility_unit.TestVersionComparison" name="test_ensure_min_version[2.0.1.9-2.0.6-False]" file="azext_iot\tests\utility\test_iot_utility_unit.py" line="285" time="0.004" /><testcase classname="azext_iot.tests.utility.test_iot_utility_unit.TestEmbeddedCli" name="test_embedded_cli[0-iot hub device-identity create -n abcd -d dcba-None]" file="azext_iot\tests\utility\test_iot_utility_unit.py" line="312" time="0.008" /><testcase classname="azext_iot.tests.utility.test_iot_utility_unit.TestEmbeddedCli" name="test_embedded_cli[0-iot hub device-twin show -n 'abcd' -d 'dcba'-20a300e5-a444-4130-bb5a-1abd08ad930a]" file="azext_iot\tests\utility\test_iot_utility_unit.py" line="312" time="0.011" /><testcase classname="azext_iot.tests.utility.test_iot_utility_unit.TestEmbeddedCli" name="test_embedded_cli[1-iot hub device-identity create -n abcd -d dcba-None]" file="azext_iot\tests\utility\test_iot_utility_unit.py" line="312" time="0.012" /><testcase classname="azext_iot.tests.utility.test_iot_utility_unit.TestEmbeddedCli" name="test_embedded_cli[1-iot hub device-twin show -n 'abcd' -d 'dcba'-20a300e5-a444-4130-bb5a-1abd08ad930a]" file="azext_iot\tests\utility\test_iot_utility_unit.py" line="312" time="0.014" /><testcase classname="azext_iot.tests.utility.test_iot_utility_unit.TestCliInit" name="test_package_init" file="azext_iot\tests\utility\test_iot_utility_unit.py" line="350" time="0.031" /><testcase classname="azext_iot.tests.utility.test_monitor_parsers_unit.TestCommonParser" name="test_parse_message_should_succeed[iothub-interface-name-device-id-utf-8-application/json-interface_name-component_name-module-id-payload0-properties0-app_properties0]" file="azext_iot\tests\utility\test_monitor_parsers_unit.py" line="66" time="0.020" /><testcase classname="azext_iot.tests.utility.test_monitor_parsers_unit.TestCommonParser" name="test_parse_message_should_succeed[iothub-interface-name-device-id-utf-8-application/json-interface_name-component_name--payload1-properties1-app_properties1]" file="azext_iot\tests\utility\test_monitor_parsers_unit.py" line="66" time="0.010" /><testcase classname="azext_iot.tests.utility.test_monitor_parsers_unit.TestCommonParser" name="test_parse_message_should_succeed[iothub-interface-name-device-id-utf-8-application/json-interface_name---payload2-properties2-app_properties2]" file="azext_iot\tests\utility\test_monitor_parsers_unit.py" line="66" time="0.031" /><testcase classname="azext_iot.tests.utility.test_monitor_parsers_unit.TestCommonParser" name="test_parse_message_should_succeed[iothub-interface-name-device-id-utf-8-application/json----payload3-properties3-app_properties3]" file="azext_iot\tests\utility\test_monitor_parsers_unit.py" line="66" time="0.009" /><testcase classname="azext_iot.tests.utility.test_monitor_parsers_unit.TestCommonParser" name="test_parse_message_should_succeed[iothub-interface-name-device-id-utf-8-application/json----payload4-properties4-app_properties4]" file="azext_iot\tests\utility\test_monitor_parsers_unit.py" line="66" time="0.010" /><testcase classname="azext_iot.tests.utility.test_monitor_parsers_unit.TestCommonParser" name="test_parse_message_should_succeed[iothub-interface-name-device-id-utf-8-application/json----payload5-properties5-app_properties5]" file="azext_iot\tests\utility\test_monitor_parsers_unit.py" line="66" time="0.005" /><testcase classname="azext_iot.tests.utility.test_monitor_parsers_unit.TestCommonParser" name="test_parse_message_should_succeed[iothub-interface-name-device-id-utf-8-application/json----payload6-properties6-app_properties6]" file="azext_iot\tests\utility\test_monitor_parsers_unit.py" line="66" time="0.009" /><testcase classname="azext_iot.tests.utility.test_monitor_parsers_unit.TestCommonParser" name="test_parse_message_should_succeed[dt-dataschema-device-id-utf-8-application/json-interface_name-component_name-module-id-payload0-properties0-app_properties0]" file="azext_iot\tests\utility\test_monitor_parsers_unit.py" line="66" time="0.009" /><testcase classname="azext_iot.tests.utility.test_monitor_parsers_unit.TestCommonParser" name="test_parse_message_should_succeed[dt-dataschema-device-id-utf-8-application/json-interface_name-component_name--payload1-properties1-app_properties1]" file="azext_iot\tests\utility\test_monitor_parsers_unit.py" line="66" time="0.008" /><testcase classname="azext_iot.tests.utility.test_monitor_parsers_unit.TestCommonParser" name="test_parse_message_should_succeed[dt-dataschema-device-id-utf-8-application/json-interface_name---payload2-properties2-app_properties2]" file="azext_iot\tests\utility\test_monitor_parsers_unit.py" line="66" time="0.006" /><testcase classname="azext_iot.tests.utility.test_monitor_parsers_unit.TestCommonParser" name="test_parse_message_should_succeed[dt-dataschema-device-id-utf-8-application/json----payload3-properties3-app_properties3]" file="azext_iot\tests\utility\test_monitor_parsers_unit.py" line="66" time="0.004" /><testcase classname="azext_iot.tests.utility.test_monitor_parsers_unit.TestCommonParser" name="test_parse_message_should_succeed[dt-dataschema-device-id-utf-8-application/json----payload4-properties4-app_properties4]" file="azext_iot\tests\utility\test_monitor_parsers_unit.py" line="66" time="0.007" /><testcase classname="azext_iot.tests.utility.test_monitor_parsers_unit.TestCommonParser" name="test_parse_message_should_succeed[dt-dataschema-device-id-utf-8-application/json----payload5-properties5-app_properties5]" file="azext_iot\tests\utility\test_monitor_parsers_unit.py" line="66" time="0.018" /><testcase classname="azext_iot.tests.utility.test_monitor_parsers_unit.TestCommonParser" name="test_parse_message_should_succeed[dt-dataschema-device-id-utf-8-application/json----payload6-properties6-app_properties6]" file="azext_iot\tests\utility\test_monitor_parsers_unit.py" line="66" time="0.005" /><testcase classname="azext_iot.tests.utility.test_monitor_parsers_unit.TestCommonParser" name="test_parse_message_bad_content_type_should_warn" file="azext_iot\tests\utility\test_monitor_parsers_unit.py" line="207" time="0.010" /><testcase classname="azext_iot.tests.utility.test_monitor_parsers_unit.TestCommonParser" name="test_parse_bad_type_and_bad_payload_should_error" file="azext_iot\tests\utility\test_monitor_parsers_unit.py" line="233" time="0.004" /><testcase classname="azext_iot.tests.utility.test_monitor_parsers_unit.TestCommonParser" name="test_parse_message_bad_encoding_should_warn" file="azext_iot\tests\utility\test_monitor_parsers_unit.py" line="263" time="0.009" /><testcase classname="azext_iot.tests.utility.test_monitor_parsers_unit.TestCommonParser" name="test_parse_message_bad_json_should_fail" file="azext_iot\tests\utility\test_monitor_parsers_unit.py" line="282" time="0.004" /><testcase classname="azext_iot.tests.utility.test_monitor_parsers_unit.TestCentralParser" name="test_parse_message_bad_field_name_should_fail" file="azext_iot\tests\utility\test_monitor_parsers_unit.py" line="322" time="0.014" /><testcase classname="azext_iot.tests.utility.test_monitor_parsers_unit.TestCentralParser" name="test_validate_against_template_should_fail" file="azext_iot\tests\utility\test_monitor_parsers_unit.py" line="359" time="0.014" /><testcase classname="azext_iot.tests.utility.test_monitor_parsers_unit.TestCentralParser" name="test_validate_against_no_component_template_should_fail" file="azext_iot\tests\utility\test_monitor_parsers_unit.py" line="397" time="0.021" /><testcase classname="azext_iot.tests.utility.test_monitor_parsers_unit.TestCentralParser" name="test_validate_against_invalid_component_template_should_fail" file="azext_iot\tests\utility\test_monitor_parsers_unit.py" line="440" time="0.013" /><testcase classname="azext_iot.tests.utility.test_monitor_parsers_unit.TestCentralParser" name="test_validate_invalid_telmetry_component_template_should_fail" file="azext_iot\tests\utility\test_monitor_parsers_unit.py" line="487" time="0.014" /><testcase classname="azext_iot.tests.utility.test_monitor_parsers_unit.TestCentralParser" name="test_validate_against_bad_template_should_not_throw" file="azext_iot\tests\utility\test_monitor_parsers_unit.py" line="536" time="0.008" /><testcase classname="azext_iot.tests.utility.test_monitor_parsers_unit.TestCentralParser" name="test_type_mismatch_should_error" file="azext_iot\tests\utility\test_monitor_parsers_unit.py" line="572" time="0.120" /></testsuite></testsuites>